<?xml version="1.0" encoding="UTF-8"?>
<TestRun id="753e2fbd-71fb-40f3-9709-580248fea2c9" name="Ethan@STOVE-MASTER 2018-05-03 19:45:38" runUser="STOVE-MASTER\Ethan" xmlns="http://microsoft.com/schemas/VisualStudio/TeamTest/2010">
  <TestSettings name="Configuración de pruebas predeterminada" id="5509e51f-e7a8-45f5-9ea7-69af0549dda7">
    <Execution>
      <TestTypeSpecific />
      <AgentRule name="Execution Agents">
      </AgentRule>
    </Execution>
    <Deployment runDeploymentRoot="Ethan_STOVE-MASTER 2018-05-03 19_45_38" />
    <Properties />
  </TestSettings>
  <Times creation="2018-05-03T19:45:38.4450129-05:00" queuing="2018-05-03T19:45:38.7350085-05:00" start="2018-05-03T19:45:38.7976879-05:00" finish="2018-05-03T19:45:39.3527888-05:00" />
  <ResultSummary outcome="Failed">
    <Counters total="20" executed="20" error="0" failed="20" timeout="0" aborted="0" inconclusive="0" passedButRunAborted="0" notRunnable="0" notExecuted="0" disconnected="0" warning="0" passed="0" completed="0" inProgress="0" pending="0" />
    <RunInfos>
      <RunInfo computerName="STOVE-MASTER" outcome="Warning" timestamp="2018-05-03T19:45:38.5512966-05:00">
        <Text>Advertencia: problema de implementación de serie de pruebas: no se encuentra el ensamblado o módulo 'Assignment1' al que hace referencia directa o indirectamente el contenedor de prueba 'C:\Users\Ethan\Projects\214\autovonbismarck\sandbox\queuetests.dll'.</Text>
      </RunInfo>
    </RunInfos>
  </ResultSummary>
  <TestDefinitions>
    <UnitTest name="NonEmptyQueueReadsNotEmptyTest" storage="queuetests.dll" id="091f89d3-0ed1-30d7-5c4b-fdd3fa0faa90">
      <Execution id="fa76285b-199c-47a5-b44c-fe6e5586cfc0" />
      <TestMethod codeBase="C:/Users/Ethan/Projects/214/autovonbismarck/sandbox/QueueTests.dll" adapterTypeName="Microsoft.VisualStudio.TestTools.TestTypes.Unit.UnitTestAdapter, Microsoft.VisualStudio.QualityTools.Tips.UnitTest.Adapter, Version=15.0.0.0, Culture=neutral, PublicKeyToken=b03f5f7f11d50a3a" className="QueueTests.LinkedListQueueTest, QueueTests, Version=1.1.0.0, Culture=neutral, PublicKeyToken=null" name="NonEmptyQueueReadsNotEmptyTest" />
    </UnitTest>
    <UnitTest name="ConstructorCreatesEmptyQueueTest" storage="queuetests.dll" id="1cb0a1e2-2261-0d1a-ef0f-bcef8b0ea15f">
      <Execution id="595225dc-bdbc-4361-bf7b-e108ac4e302e" />
      <TestMethod codeBase="C:/Users/Ethan/Projects/214/autovonbismarck/sandbox/QueueTests.dll" adapterTypeName="Microsoft.VisualStudio.TestTools.TestTypes.Unit.UnitTestAdapter, Microsoft.VisualStudio.QualityTools.Tips.UnitTest.Adapter, Version=15.0.0.0, Culture=neutral, PublicKeyToken=b03f5f7f11d50a3a" className="QueueTests.ArrayQueueTest, QueueTests, Version=1.1.0.0, Culture=neutral, PublicKeyToken=null" name="ConstructorCreatesEmptyQueueTest" />
    </UnitTest>
    <UnitTest name="EnqueueToFullQueueThrowsQueueFullExceptionTest" storage="queuetests.dll" id="7c46bf1f-4cc7-0ba7-67e8-52f5cd3c9713">
      <Execution id="aa0f2165-99a7-4de4-8933-c671466a243b" />
      <TestMethod codeBase="C:/Users/Ethan/Projects/214/autovonbismarck/sandbox/QueueTests.dll" adapterTypeName="Microsoft.VisualStudio.TestTools.TestTypes.Unit.UnitTestAdapter, Microsoft.VisualStudio.QualityTools.Tips.UnitTest.Adapter, Version=15.0.0.0, Culture=neutral, PublicKeyToken=b03f5f7f11d50a3a" className="QueueTests.ArrayQueueTest, QueueTests, Version=1.1.0.0, Culture=neutral, PublicKeyToken=null" name="EnqueueToFullQueueThrowsQueueFullExceptionTest" />
    </UnitTest>
    <UnitTest name="ConstructorCreatesEmptyQueueTest" storage="queuetests.dll" id="13d9bdf6-60d6-7932-e7f8-0dff2188658f">
      <Execution id="00f2e545-3bf5-49cd-bc70-f748b01ee0ac" />
      <TestMethod codeBase="C:/Users/Ethan/Projects/214/autovonbismarck/sandbox/QueueTests.dll" adapterTypeName="Microsoft.VisualStudio.TestTools.TestTypes.Unit.UnitTestAdapter, Microsoft.VisualStudio.QualityTools.Tips.UnitTest.Adapter, Version=15.0.0.0, Culture=neutral, PublicKeyToken=b03f5f7f11d50a3a" className="QueueTests.DequeTest, QueueTests, Version=1.1.0.0, Culture=neutral, PublicKeyToken=null" name="ConstructorCreatesEmptyQueueTest" />
    </UnitTest>
    <UnitTest name="NonEmptyQueueWrittenFromFrontReadsNotEmptyTest" storage="queuetests.dll" id="a8009935-515f-8ff9-6f0b-05a4894bf174">
      <Execution id="ca2cf6c9-8daf-4796-ba55-8f719bb0b54e" />
      <TestMethod codeBase="C:/Users/Ethan/Projects/214/autovonbismarck/sandbox/QueueTests.dll" adapterTypeName="Microsoft.VisualStudio.TestTools.TestTypes.Unit.UnitTestAdapter, Microsoft.VisualStudio.QualityTools.Tips.UnitTest.Adapter, Version=15.0.0.0, Culture=neutral, PublicKeyToken=b03f5f7f11d50a3a" className="QueueTests.DequeTest, QueueTests, Version=1.1.0.0, Culture=neutral, PublicKeyToken=null" name="NonEmptyQueueWrittenFromFrontReadsNotEmptyTest" />
    </UnitTest>
    <UnitTest name="DataOrderPreservedTest" storage="queuetests.dll" id="373800ba-b828-3141-13f3-14ad92fca915">
      <Execution id="43102b1f-da44-431f-a960-7800f317bc28" />
      <TestMethod codeBase="C:/Users/Ethan/Projects/214/autovonbismarck/sandbox/QueueTests.dll" adapterTypeName="Microsoft.VisualStudio.TestTools.TestTypes.Unit.UnitTestAdapter, Microsoft.VisualStudio.QualityTools.Tips.UnitTest.Adapter, Version=15.0.0.0, Culture=neutral, PublicKeyToken=b03f5f7f11d50a3a" className="QueueTests.LinkedListQueueTest, QueueTests, Version=1.1.0.0, Culture=neutral, PublicKeyToken=null" name="DataOrderPreservedTest" />
    </UnitTest>
    <UnitTest name="DataOrderPreservedTest" storage="queuetests.dll" id="f013084a-d4ea-a9f8-357a-4047b1176ab2">
      <Execution id="12f08bbf-ea1b-4962-8541-62c8982a730e" />
      <TestMethod codeBase="C:/Users/Ethan/Projects/214/autovonbismarck/sandbox/QueueTests.dll" adapterTypeName="Microsoft.VisualStudio.TestTools.TestTypes.Unit.UnitTestAdapter, Microsoft.VisualStudio.QualityTools.Tips.UnitTest.Adapter, Version=15.0.0.0, Culture=neutral, PublicKeyToken=b03f5f7f11d50a3a" className="QueueTests.ArrayQueueTest, QueueTests, Version=1.1.0.0, Culture=neutral, PublicKeyToken=null" name="DataOrderPreservedTest" />
    </UnitTest>
    <UnitTest name="RemoveFrontOnEmptyQueueThrowsQueueEmptyExceptionTest" storage="queuetests.dll" id="03a1b3a6-dd92-af83-792a-b3caa1cfc64e">
      <Execution id="90e7929e-5b15-49de-b321-8d215ed7a047" />
      <TestMethod codeBase="C:/Users/Ethan/Projects/214/autovonbismarck/sandbox/QueueTests.dll" adapterTypeName="Microsoft.VisualStudio.TestTools.TestTypes.Unit.UnitTestAdapter, Microsoft.VisualStudio.QualityTools.Tips.UnitTest.Adapter, Version=15.0.0.0, Culture=neutral, PublicKeyToken=b03f5f7f11d50a3a" className="QueueTests.DequeTest, QueueTests, Version=1.1.0.0, Culture=neutral, PublicKeyToken=null" name="RemoveFrontOnEmptyQueueThrowsQueueEmptyExceptionTest" />
    </UnitTest>
    <UnitTest name="DequeueOnEmptyQueueThrowsQueueEmptyExceptionTest" storage="queuetests.dll" id="282e02e9-49c3-e1d4-f2ea-59cee629a781">
      <Execution id="ee85a81d-cd4f-438f-bbc3-b7a51730e9c0" />
      <TestMethod codeBase="C:/Users/Ethan/Projects/214/autovonbismarck/sandbox/QueueTests.dll" adapterTypeName="Microsoft.VisualStudio.TestTools.TestTypes.Unit.UnitTestAdapter, Microsoft.VisualStudio.QualityTools.Tips.UnitTest.Adapter, Version=15.0.0.0, Culture=neutral, PublicKeyToken=b03f5f7f11d50a3a" className="QueueTests.ArrayQueueTest, QueueTests, Version=1.1.0.0, Culture=neutral, PublicKeyToken=null" name="DequeueOnEmptyQueueThrowsQueueEmptyExceptionTest" />
    </UnitTest>
    <UnitTest name="ConstructorCreatesNonFullQueueTest" storage="queuetests.dll" id="3d821c1f-4535-cc22-0441-2178d0438ec5">
      <Execution id="31f19fb6-1e44-407c-b0f3-0ae2039e0326" />
      <TestMethod codeBase="C:/Users/Ethan/Projects/214/autovonbismarck/sandbox/QueueTests.dll" adapterTypeName="Microsoft.VisualStudio.TestTools.TestTypes.Unit.UnitTestAdapter, Microsoft.VisualStudio.QualityTools.Tips.UnitTest.Adapter, Version=15.0.0.0, Culture=neutral, PublicKeyToken=b03f5f7f11d50a3a" className="QueueTests.LinkedListQueueTest, QueueTests, Version=1.1.0.0, Culture=neutral, PublicKeyToken=null" name="ConstructorCreatesNonFullQueueTest" />
    </UnitTest>
    <UnitTest name="CountTest" storage="queuetests.dll" id="97365ef3-436d-9c9d-7432-5e36bdfa5b17">
      <Execution id="dddfa762-a192-415d-b69b-35a15a56b370" />
      <TestMethod codeBase="C:/Users/Ethan/Projects/214/autovonbismarck/sandbox/QueueTests.dll" adapterTypeName="Microsoft.VisualStudio.TestTools.TestTypes.Unit.UnitTestAdapter, Microsoft.VisualStudio.QualityTools.Tips.UnitTest.Adapter, Version=15.0.0.0, Culture=neutral, PublicKeyToken=b03f5f7f11d50a3a" className="QueueTests.LinkedListQueueTest, QueueTests, Version=1.1.0.0, Culture=neutral, PublicKeyToken=null" name="CountTest" />
    </UnitTest>
    <UnitTest name="ConstructorCreatesEmptyQueueTest" storage="queuetests.dll" id="fd6c20eb-525d-6a10-f7aa-e03ceedfe16f">
      <Execution id="cc398031-4d77-4777-80d1-802658ac3b52" />
      <TestMethod codeBase="C:/Users/Ethan/Projects/214/autovonbismarck/sandbox/QueueTests.dll" adapterTypeName="Microsoft.VisualStudio.TestTools.TestTypes.Unit.UnitTestAdapter, Microsoft.VisualStudio.QualityTools.Tips.UnitTest.Adapter, Version=15.0.0.0, Culture=neutral, PublicKeyToken=b03f5f7f11d50a3a" className="QueueTests.LinkedListQueueTest, QueueTests, Version=1.1.0.0, Culture=neutral, PublicKeyToken=null" name="ConstructorCreatesEmptyQueueTest" />
    </UnitTest>
    <UnitTest name="NonEmptyQueueReadsNotEmptyTest" storage="queuetests.dll" id="49e4a240-89e9-7d60-9a13-7ab7ec646d86">
      <Execution id="9114342b-ae4a-426f-bc93-4f743f73d72e" />
      <TestMethod codeBase="C:/Users/Ethan/Projects/214/autovonbismarck/sandbox/QueueTests.dll" adapterTypeName="Microsoft.VisualStudio.TestTools.TestTypes.Unit.UnitTestAdapter, Microsoft.VisualStudio.QualityTools.Tips.UnitTest.Adapter, Version=15.0.0.0, Culture=neutral, PublicKeyToken=b03f5f7f11d50a3a" className="QueueTests.DequeTest, QueueTests, Version=1.1.0.0, Culture=neutral, PublicKeyToken=null" name="NonEmptyQueueReadsNotEmptyTest" />
    </UnitTest>
    <UnitTest name="DataOrderPreservedWrittenEndwardTest" storage="queuetests.dll" id="066e5acd-d732-0380-d030-80aabd1a46ae">
      <Execution id="bf9249c8-b5ba-4874-941f-1650e8f6fc17" />
      <TestMethod codeBase="C:/Users/Ethan/Projects/214/autovonbismarck/sandbox/QueueTests.dll" adapterTypeName="Microsoft.VisualStudio.TestTools.TestTypes.Unit.UnitTestAdapter, Microsoft.VisualStudio.QualityTools.Tips.UnitTest.Adapter, Version=15.0.0.0, Culture=neutral, PublicKeyToken=b03f5f7f11d50a3a" className="QueueTests.DequeTest, QueueTests, Version=1.1.0.0, Culture=neutral, PublicKeyToken=null" name="DataOrderPreservedWrittenEndwardTest" />
    </UnitTest>
    <UnitTest name="DequeueOnEmptyQueueThrowsQueueEmptyExceptionTest" storage="queuetests.dll" id="72df603b-478e-691e-c9b9-cdc0bacfe212">
      <Execution id="79c9bb79-62ad-46be-83ce-346239d5f0ed" />
      <TestMethod codeBase="C:/Users/Ethan/Projects/214/autovonbismarck/sandbox/QueueTests.dll" adapterTypeName="Microsoft.VisualStudio.TestTools.TestTypes.Unit.UnitTestAdapter, Microsoft.VisualStudio.QualityTools.Tips.UnitTest.Adapter, Version=15.0.0.0, Culture=neutral, PublicKeyToken=b03f5f7f11d50a3a" className="QueueTests.LinkedListQueueTest, QueueTests, Version=1.1.0.0, Culture=neutral, PublicKeyToken=null" name="DequeueOnEmptyQueueThrowsQueueEmptyExceptionTest" />
    </UnitTest>
    <UnitTest name="RemoveEndOnEmptyQueueThrowsQueueEmptyExceptionTest" storage="queuetests.dll" id="7d7af601-d5b8-8473-4e8c-1728efc4ea22">
      <Execution id="d03b2982-5191-48a0-bc5f-07814860c701" />
      <TestMethod codeBase="C:/Users/Ethan/Projects/214/autovonbismarck/sandbox/QueueTests.dll" adapterTypeName="Microsoft.VisualStudio.TestTools.TestTypes.Unit.UnitTestAdapter, Microsoft.VisualStudio.QualityTools.Tips.UnitTest.Adapter, Version=15.0.0.0, Culture=neutral, PublicKeyToken=b03f5f7f11d50a3a" className="QueueTests.DequeTest, QueueTests, Version=1.1.0.0, Culture=neutral, PublicKeyToken=null" name="RemoveEndOnEmptyQueueThrowsQueueEmptyExceptionTest" />
    </UnitTest>
    <UnitTest name="DataOrderPreservedTest" storage="queuetests.dll" id="cbfdef17-e7f3-e7a4-92ed-bd0caaf2671c">
      <Execution id="bff2dd51-e350-4196-9f84-dc9d25bb31b5" />
      <TestMethod codeBase="C:/Users/Ethan/Projects/214/autovonbismarck/sandbox/QueueTests.dll" adapterTypeName="Microsoft.VisualStudio.TestTools.TestTypes.Unit.UnitTestAdapter, Microsoft.VisualStudio.QualityTools.Tips.UnitTest.Adapter, Version=15.0.0.0, Culture=neutral, PublicKeyToken=b03f5f7f11d50a3a" className="QueueTests.DequeTest, QueueTests, Version=1.1.0.0, Culture=neutral, PublicKeyToken=null" name="DataOrderPreservedTest" />
    </UnitTest>
    <UnitTest name="CountTest" storage="queuetests.dll" id="043f3c5a-7887-abdc-d249-173d4b7b8591">
      <Execution id="b8e0fb57-4176-4c26-a8ab-5157c974f18c" />
      <TestMethod codeBase="C:/Users/Ethan/Projects/214/autovonbismarck/sandbox/QueueTests.dll" adapterTypeName="Microsoft.VisualStudio.TestTools.TestTypes.Unit.UnitTestAdapter, Microsoft.VisualStudio.QualityTools.Tips.UnitTest.Adapter, Version=15.0.0.0, Culture=neutral, PublicKeyToken=b03f5f7f11d50a3a" className="QueueTests.ArrayQueueTest, QueueTests, Version=1.1.0.0, Culture=neutral, PublicKeyToken=null" name="CountTest" />
    </UnitTest>
    <UnitTest name="CountTest" storage="queuetests.dll" id="10d73257-6859-e940-a43d-85dc5f42184c">
      <Execution id="6184b8cf-977c-4627-8864-8d6ac0b82e93" />
      <TestMethod codeBase="C:/Users/Ethan/Projects/214/autovonbismarck/sandbox/QueueTests.dll" adapterTypeName="Microsoft.VisualStudio.TestTools.TestTypes.Unit.UnitTestAdapter, Microsoft.VisualStudio.QualityTools.Tips.UnitTest.Adapter, Version=15.0.0.0, Culture=neutral, PublicKeyToken=b03f5f7f11d50a3a" className="QueueTests.DequeTest, QueueTests, Version=1.1.0.0, Culture=neutral, PublicKeyToken=null" name="CountTest" />
    </UnitTest>
    <UnitTest name="ConstructorCreatesNonFullQueueTest" storage="queuetests.dll" id="1fd90ceb-f0d0-1e68-b554-ad1d4ba25e72">
      <Execution id="3cc03224-19e3-450f-9588-a42f7055193b" />
      <TestMethod codeBase="C:/Users/Ethan/Projects/214/autovonbismarck/sandbox/QueueTests.dll" adapterTypeName="Microsoft.VisualStudio.TestTools.TestTypes.Unit.UnitTestAdapter, Microsoft.VisualStudio.QualityTools.Tips.UnitTest.Adapter, Version=15.0.0.0, Culture=neutral, PublicKeyToken=b03f5f7f11d50a3a" className="QueueTests.ArrayQueueTest, QueueTests, Version=1.1.0.0, Culture=neutral, PublicKeyToken=null" name="ConstructorCreatesNonFullQueueTest" />
    </UnitTest>
  </TestDefinitions>
  <TestLists>
    <TestList name="Resultados que no están en la lista" id="8c84fa94-04c1-424b-9868-57a2d4851a1d" />
    <TestList name="Todos los resultados cargados" id="19431567-8539-422a-85d7-44ee4e166bda" />
  </TestLists>
  <TestEntries>
    <TestEntry testId="1cb0a1e2-2261-0d1a-ef0f-bcef8b0ea15f" executionId="595225dc-bdbc-4361-bf7b-e108ac4e302e" testListId="8c84fa94-04c1-424b-9868-57a2d4851a1d" />
    <TestEntry testId="1fd90ceb-f0d0-1e68-b554-ad1d4ba25e72" executionId="3cc03224-19e3-450f-9588-a42f7055193b" testListId="8c84fa94-04c1-424b-9868-57a2d4851a1d" />
    <TestEntry testId="043f3c5a-7887-abdc-d249-173d4b7b8591" executionId="b8e0fb57-4176-4c26-a8ab-5157c974f18c" testListId="8c84fa94-04c1-424b-9868-57a2d4851a1d" />
    <TestEntry testId="f013084a-d4ea-a9f8-357a-4047b1176ab2" executionId="12f08bbf-ea1b-4962-8541-62c8982a730e" testListId="8c84fa94-04c1-424b-9868-57a2d4851a1d" />
    <TestEntry testId="282e02e9-49c3-e1d4-f2ea-59cee629a781" executionId="ee85a81d-cd4f-438f-bbc3-b7a51730e9c0" testListId="8c84fa94-04c1-424b-9868-57a2d4851a1d" />
    <TestEntry testId="7c46bf1f-4cc7-0ba7-67e8-52f5cd3c9713" executionId="aa0f2165-99a7-4de4-8933-c671466a243b" testListId="8c84fa94-04c1-424b-9868-57a2d4851a1d" />
    <TestEntry testId="13d9bdf6-60d6-7932-e7f8-0dff2188658f" executionId="00f2e545-3bf5-49cd-bc70-f748b01ee0ac" testListId="8c84fa94-04c1-424b-9868-57a2d4851a1d" />
    <TestEntry testId="10d73257-6859-e940-a43d-85dc5f42184c" executionId="6184b8cf-977c-4627-8864-8d6ac0b82e93" testListId="8c84fa94-04c1-424b-9868-57a2d4851a1d" />
    <TestEntry testId="cbfdef17-e7f3-e7a4-92ed-bd0caaf2671c" executionId="bff2dd51-e350-4196-9f84-dc9d25bb31b5" testListId="8c84fa94-04c1-424b-9868-57a2d4851a1d" />
    <TestEntry testId="066e5acd-d732-0380-d030-80aabd1a46ae" executionId="bf9249c8-b5ba-4874-941f-1650e8f6fc17" testListId="8c84fa94-04c1-424b-9868-57a2d4851a1d" />
    <TestEntry testId="49e4a240-89e9-7d60-9a13-7ab7ec646d86" executionId="9114342b-ae4a-426f-bc93-4f743f73d72e" testListId="8c84fa94-04c1-424b-9868-57a2d4851a1d" />
    <TestEntry testId="a8009935-515f-8ff9-6f0b-05a4894bf174" executionId="ca2cf6c9-8daf-4796-ba55-8f719bb0b54e" testListId="8c84fa94-04c1-424b-9868-57a2d4851a1d" />
    <TestEntry testId="7d7af601-d5b8-8473-4e8c-1728efc4ea22" executionId="d03b2982-5191-48a0-bc5f-07814860c701" testListId="8c84fa94-04c1-424b-9868-57a2d4851a1d" />
    <TestEntry testId="03a1b3a6-dd92-af83-792a-b3caa1cfc64e" executionId="90e7929e-5b15-49de-b321-8d215ed7a047" testListId="8c84fa94-04c1-424b-9868-57a2d4851a1d" />
    <TestEntry testId="fd6c20eb-525d-6a10-f7aa-e03ceedfe16f" executionId="cc398031-4d77-4777-80d1-802658ac3b52" testListId="8c84fa94-04c1-424b-9868-57a2d4851a1d" />
    <TestEntry testId="3d821c1f-4535-cc22-0441-2178d0438ec5" executionId="31f19fb6-1e44-407c-b0f3-0ae2039e0326" testListId="8c84fa94-04c1-424b-9868-57a2d4851a1d" />
    <TestEntry testId="97365ef3-436d-9c9d-7432-5e36bdfa5b17" executionId="dddfa762-a192-415d-b69b-35a15a56b370" testListId="8c84fa94-04c1-424b-9868-57a2d4851a1d" />
    <TestEntry testId="373800ba-b828-3141-13f3-14ad92fca915" executionId="43102b1f-da44-431f-a960-7800f317bc28" testListId="8c84fa94-04c1-424b-9868-57a2d4851a1d" />
    <TestEntry testId="72df603b-478e-691e-c9b9-cdc0bacfe212" executionId="79c9bb79-62ad-46be-83ce-346239d5f0ed" testListId="8c84fa94-04c1-424b-9868-57a2d4851a1d" />
    <TestEntry testId="091f89d3-0ed1-30d7-5c4b-fdd3fa0faa90" executionId="fa76285b-199c-47a5-b44c-fe6e5586cfc0" testListId="8c84fa94-04c1-424b-9868-57a2d4851a1d" />
  </TestEntries>
  <Results>
    <UnitTestResult executionId="595225dc-bdbc-4361-bf7b-e108ac4e302e" testId="1cb0a1e2-2261-0d1a-ef0f-bcef8b0ea15f" testName="ConstructorCreatesEmptyQueueTest" computerName="STOVE-MASTER" duration="00:00:00.0268574" startTime="2018-05-03T19:45:38.8618878-05:00" endTime="2018-05-03T19:45:39.1823364-05:00" testType="13cdc9d9-ddb5-4fa4-a97d-d965ccfc6d4b" outcome="Failed" testListId="8c84fa94-04c1-424b-9868-57a2d4851a1d" relativeResultsDirectory="595225dc-bdbc-4361-bf7b-e108ac4e302e">
      <Output>
        <ErrorInfo>
          <Message>El método de prueba QueueTests.ArrayQueueTest.ConstructorCreatesEmptyQueueTest produjo la excepción: 
System.IO.FileNotFoundException: No se puede cargar el archivo o ensamblado 'Assignment1, Version=1.1.0.0, Culture=neutral, PublicKeyToken=null' ni una de sus dependencias. El sistema no puede encontrar el archivo especificado.AVS: El registro del enlace de ensamblado está desactivado.
Para habilitar el registro de errores del enlace de ensamblado, establezca el valor de Registro [HKLM\Software\Microsoft\Fusion!EnableLog] (DWORD) como 1.
Nota: existe una disminución del rendimiento asociada registro de errores del enlace de ensamblado.
Para desactivar esta característica, elimine el valor de Registro [HKLM\Software\Microsoft\Fusion!EnableLog].
</Message>
          <StackTrace>    en QueueTests.ArrayQueueTest.ConstructorCreatesEmptyQueueTest()
</StackTrace>
        </ErrorInfo>
      </Output>
    </UnitTestResult>
    <UnitTestResult executionId="3cc03224-19e3-450f-9588-a42f7055193b" testId="1fd90ceb-f0d0-1e68-b554-ad1d4ba25e72" testName="ConstructorCreatesNonFullQueueTest" computerName="STOVE-MASTER" duration="00:00:00.0022609" startTime="2018-05-03T19:45:39.1873495-05:00" endTime="2018-05-03T19:45:39.1913605-05:00" testType="13cdc9d9-ddb5-4fa4-a97d-d965ccfc6d4b" outcome="Failed" testListId="8c84fa94-04c1-424b-9868-57a2d4851a1d" relativeResultsDirectory="3cc03224-19e3-450f-9588-a42f7055193b">
      <Output>
        <ErrorInfo>
          <Message>El método de prueba QueueTests.ArrayQueueTest.ConstructorCreatesNonFullQueueTest produjo la excepción: 
System.IO.FileNotFoundException: No se puede cargar el archivo o ensamblado 'Assignment1, Version=1.1.0.0, Culture=neutral, PublicKeyToken=null' ni una de sus dependencias. El sistema no puede encontrar el archivo especificado.AVS: El registro del enlace de ensamblado está desactivado.
Para habilitar el registro de errores del enlace de ensamblado, establezca el valor de Registro [HKLM\Software\Microsoft\Fusion!EnableLog] (DWORD) como 1.
Nota: existe una disminución del rendimiento asociada registro de errores del enlace de ensamblado.
Para desactivar esta característica, elimine el valor de Registro [HKLM\Software\Microsoft\Fusion!EnableLog].
</Message>
          <StackTrace>    en QueueTests.ArrayQueueTest.ConstructorCreatesNonFullQueueTest()
</StackTrace>
        </ErrorInfo>
      </Output>
    </UnitTestResult>
    <UnitTestResult executionId="b8e0fb57-4176-4c26-a8ab-5157c974f18c" testId="043f3c5a-7887-abdc-d249-173d4b7b8591" testName="CountTest" computerName="STOVE-MASTER" duration="00:00:00.0021206" startTime="2018-05-03T19:45:39.1963737-05:00" endTime="2018-05-03T19:45:39.2012028-05:00" testType="13cdc9d9-ddb5-4fa4-a97d-d965ccfc6d4b" outcome="Failed" testListId="8c84fa94-04c1-424b-9868-57a2d4851a1d" relativeResultsDirectory="b8e0fb57-4176-4c26-a8ab-5157c974f18c">
      <Output>
        <ErrorInfo>
          <Message>El método de prueba QueueTests.ArrayQueueTest.CountTest produjo la excepción: 
System.IO.FileNotFoundException: No se puede cargar el archivo o ensamblado 'Assignment1, Version=1.1.0.0, Culture=neutral, PublicKeyToken=null' ni una de sus dependencias. El sistema no puede encontrar el archivo especificado.AVS: El registro del enlace de ensamblado está desactivado.
Para habilitar el registro de errores del enlace de ensamblado, establezca el valor de Registro [HKLM\Software\Microsoft\Fusion!EnableLog] (DWORD) como 1.
Nota: existe una disminución del rendimiento asociada registro de errores del enlace de ensamblado.
Para desactivar esta característica, elimine el valor de Registro [HKLM\Software\Microsoft\Fusion!EnableLog].
</Message>
          <StackTrace>    en QueueTests.ArrayQueueTest.CountTest()
</StackTrace>
        </ErrorInfo>
      </Output>
    </UnitTestResult>
    <UnitTestResult executionId="12f08bbf-ea1b-4962-8541-62c8982a730e" testId="f013084a-d4ea-a9f8-357a-4047b1176ab2" testName="DataOrderPreservedTest" computerName="STOVE-MASTER" duration="00:00:00.0014630" startTime="2018-05-03T19:45:39.2055505-05:00" endTime="2018-05-03T19:45:39.2087301-05:00" testType="13cdc9d9-ddb5-4fa4-a97d-d965ccfc6d4b" outcome="Failed" testListId="8c84fa94-04c1-424b-9868-57a2d4851a1d" relativeResultsDirectory="12f08bbf-ea1b-4962-8541-62c8982a730e">
      <Output>
        <ErrorInfo>
          <Message>El método de prueba QueueTests.ArrayQueueTest.DataOrderPreservedTest produjo la excepción: 
System.IO.FileNotFoundException: No se puede cargar el archivo o ensamblado 'Assignment1, Version=1.1.0.0, Culture=neutral, PublicKeyToken=null' ni una de sus dependencias. El sistema no puede encontrar el archivo especificado.AVS: El registro del enlace de ensamblado está desactivado.
Para habilitar el registro de errores del enlace de ensamblado, establezca el valor de Registro [HKLM\Software\Microsoft\Fusion!EnableLog] (DWORD) como 1.
Nota: existe una disminución del rendimiento asociada registro de errores del enlace de ensamblado.
Para desactivar esta característica, elimine el valor de Registro [HKLM\Software\Microsoft\Fusion!EnableLog].
</Message>
          <StackTrace>    en QueueTests.ArrayQueueTest.DataOrderPreservedTest()
</StackTrace>
        </ErrorInfo>
      </Output>
    </UnitTestResult>
    <UnitTestResult executionId="ee85a81d-cd4f-438f-bbc3-b7a51730e9c0" testId="282e02e9-49c3-e1d4-f2ea-59cee629a781" testName="DequeueOnEmptyQueueThrowsQueueEmptyExceptionTest" computerName="STOVE-MASTER" startTime="2018-05-03T19:45:39.2114435-05:00" endTime="2018-05-03T19:45:39.2144224-05:00" testType="13cdc9d9-ddb5-4fa4-a97d-d965ccfc6d4b" outcome="Failed" testListId="8c84fa94-04c1-424b-9868-57a2d4851a1d" relativeResultsDirectory="ee85a81d-cd4f-438f-bbc3-b7a51730e9c0">
      <Output>
        <ErrorInfo>
          <Message>El atributo ExpectedException definido en el método de prueba QueueTests.ArrayQueueTest.DequeueOnEmptyQueueThrowsQueueEmptyExceptionTest inició una excepción durante la construcción.
System.IO.FileNotFoundException: No se puede cargar el archivo o ensamblado 'Assignment1, Version=1.1.0.0, Culture=neutral, PublicKeyToken=null' ni una de sus dependencias. El sistema no puede encontrar el archivo especificado.AVS: El registro del enlace de ensamblado está desactivado.
Para habilitar el registro de errores del enlace de ensamblado, establezca el valor de Registro [HKLM\Software\Microsoft\Fusion!EnableLog] (DWORD) como 1.
Nota: existe una disminución del rendimiento asociada registro de errores del enlace de ensamblado.
Para desactivar esta característica, elimine el valor de Registro [HKLM\Software\Microsoft\Fusion!EnableLog].
</Message>
        </ErrorInfo>
      </Output>
    </UnitTestResult>
    <UnitTestResult executionId="aa0f2165-99a7-4de4-8933-c671466a243b" testId="7c46bf1f-4cc7-0ba7-67e8-52f5cd3c9713" testName="EnqueueToFullQueueThrowsQueueFullExceptionTest" computerName="STOVE-MASTER" startTime="2018-05-03T19:45:39.2194503-05:00" endTime="2018-05-03T19:45:39.2214409-05:00" testType="13cdc9d9-ddb5-4fa4-a97d-d965ccfc6d4b" outcome="Failed" testListId="8c84fa94-04c1-424b-9868-57a2d4851a1d" relativeResultsDirectory="aa0f2165-99a7-4de4-8933-c671466a243b">
      <Output>
        <ErrorInfo>
          <Message>El atributo ExpectedException definido en el método de prueba QueueTests.ArrayQueueTest.EnqueueToFullQueueThrowsQueueFullExceptionTest inició una excepción durante la construcción.
System.IO.FileNotFoundException: No se puede cargar el archivo o ensamblado 'Assignment1, Version=1.1.0.0, Culture=neutral, PublicKeyToken=null' ni una de sus dependencias. El sistema no puede encontrar el archivo especificado.AVS: El registro del enlace de ensamblado está desactivado.
Para habilitar el registro de errores del enlace de ensamblado, establezca el valor de Registro [HKLM\Software\Microsoft\Fusion!EnableLog] (DWORD) como 1.
Nota: existe una disminución del rendimiento asociada registro de errores del enlace de ensamblado.
Para desactivar esta característica, elimine el valor de Registro [HKLM\Software\Microsoft\Fusion!EnableLog].
</Message>
        </ErrorInfo>
      </Output>
    </UnitTestResult>
    <UnitTestResult executionId="00f2e545-3bf5-49cd-bc70-f748b01ee0ac" testId="13d9bdf6-60d6-7932-e7f8-0dff2188658f" testName="ConstructorCreatesEmptyQueueTest" computerName="STOVE-MASTER" duration="00:00:00.0022246" startTime="2018-05-03T19:45:39.2257904-05:00" endTime="2018-05-03T19:45:39.2304640-05:00" testType="13cdc9d9-ddb5-4fa4-a97d-d965ccfc6d4b" outcome="Failed" testListId="8c84fa94-04c1-424b-9868-57a2d4851a1d" relativeResultsDirectory="00f2e545-3bf5-49cd-bc70-f748b01ee0ac">
      <Output>
        <ErrorInfo>
          <Message>El método de prueba QueueTests.DequeTest.ConstructorCreatesEmptyQueueTest produjo la excepción: 
System.IO.FileNotFoundException: No se puede cargar el archivo o ensamblado 'Assignment1, Version=1.1.0.0, Culture=neutral, PublicKeyToken=null' ni una de sus dependencias. El sistema no puede encontrar el archivo especificado.AVS: El registro del enlace de ensamblado está desactivado.
Para habilitar el registro de errores del enlace de ensamblado, establezca el valor de Registro [HKLM\Software\Microsoft\Fusion!EnableLog] (DWORD) como 1.
Nota: existe una disminución del rendimiento asociada registro de errores del enlace de ensamblado.
Para desactivar esta característica, elimine el valor de Registro [HKLM\Software\Microsoft\Fusion!EnableLog].
</Message>
          <StackTrace>    en QueueTests.DequeTest.ConstructorCreatesEmptyQueueTest()
</StackTrace>
        </ErrorInfo>
      </Output>
    </UnitTestResult>
    <UnitTestResult executionId="6184b8cf-977c-4627-8864-8d6ac0b82e93" testId="10d73257-6859-e940-a43d-85dc5f42184c" testName="CountTest" computerName="STOVE-MASTER" duration="00:00:00.0014422" startTime="2018-05-03T19:45:39.2344753-05:00" endTime="2018-05-03T19:45:39.2374856-05:00" testType="13cdc9d9-ddb5-4fa4-a97d-d965ccfc6d4b" outcome="Failed" testListId="8c84fa94-04c1-424b-9868-57a2d4851a1d" relativeResultsDirectory="6184b8cf-977c-4627-8864-8d6ac0b82e93">
      <Output>
        <ErrorInfo>
          <Message>El método de prueba QueueTests.DequeTest.CountTest produjo la excepción: 
System.IO.FileNotFoundException: No se puede cargar el archivo o ensamblado 'Assignment1, Version=1.1.0.0, Culture=neutral, PublicKeyToken=null' ni una de sus dependencias. El sistema no puede encontrar el archivo especificado.AVS: El registro del enlace de ensamblado está desactivado.
Para habilitar el registro de errores del enlace de ensamblado, establezca el valor de Registro [HKLM\Software\Microsoft\Fusion!EnableLog] (DWORD) como 1.
Nota: existe una disminución del rendimiento asociada registro de errores del enlace de ensamblado.
Para desactivar esta característica, elimine el valor de Registro [HKLM\Software\Microsoft\Fusion!EnableLog].
</Message>
          <StackTrace>    en QueueTests.DequeTest.CountTest()
</StackTrace>
        </ErrorInfo>
      </Output>
    </UnitTestResult>
    <UnitTestResult executionId="bff2dd51-e350-4196-9f84-dc9d25bb31b5" testId="cbfdef17-e7f3-e7a4-92ed-bd0caaf2671c" testName="DataOrderPreservedTest" computerName="STOVE-MASTER" duration="00:00:00.0015455" startTime="2018-05-03T19:45:39.2414931-05:00" endTime="2018-05-03T19:45:39.2445020-05:00" testType="13cdc9d9-ddb5-4fa4-a97d-d965ccfc6d4b" outcome="Failed" testListId="8c84fa94-04c1-424b-9868-57a2d4851a1d" relativeResultsDirectory="bff2dd51-e350-4196-9f84-dc9d25bb31b5">
      <Output>
        <ErrorInfo>
          <Message>El método de prueba QueueTests.DequeTest.DataOrderPreservedTest produjo la excepción: 
System.IO.FileNotFoundException: No se puede cargar el archivo o ensamblado 'Assignment1, Version=1.1.0.0, Culture=neutral, PublicKeyToken=null' ni una de sus dependencias. El sistema no puede encontrar el archivo especificado.AVS: El registro del enlace de ensamblado está desactivado.
Para habilitar el registro de errores del enlace de ensamblado, establezca el valor de Registro [HKLM\Software\Microsoft\Fusion!EnableLog] (DWORD) como 1.
Nota: existe una disminución del rendimiento asociada registro de errores del enlace de ensamblado.
Para desactivar esta característica, elimine el valor de Registro [HKLM\Software\Microsoft\Fusion!EnableLog].
</Message>
          <StackTrace>    en QueueTests.DequeTest.DataOrderPreservedTest()
</StackTrace>
        </ErrorInfo>
      </Output>
    </UnitTestResult>
    <UnitTestResult executionId="bf9249c8-b5ba-4874-941f-1650e8f6fc17" testId="066e5acd-d732-0380-d030-80aabd1a46ae" testName="DataOrderPreservedWrittenEndwardTest" computerName="STOVE-MASTER" duration="00:00:00.0039059" startTime="2018-05-03T19:45:39.2485130-05:00" endTime="2018-05-03T19:45:39.2535255-05:00" testType="13cdc9d9-ddb5-4fa4-a97d-d965ccfc6d4b" outcome="Failed" testListId="8c84fa94-04c1-424b-9868-57a2d4851a1d" relativeResultsDirectory="bf9249c8-b5ba-4874-941f-1650e8f6fc17">
      <Output>
        <ErrorInfo>
          <Message>El método de prueba QueueTests.DequeTest.DataOrderPreservedWrittenEndwardTest produjo la excepción: 
System.IO.FileNotFoundException: No se puede cargar el archivo o ensamblado 'Assignment1, Version=1.1.0.0, Culture=neutral, PublicKeyToken=null' ni una de sus dependencias. El sistema no puede encontrar el archivo especificado.AVS: El registro del enlace de ensamblado está desactivado.
Para habilitar el registro de errores del enlace de ensamblado, establezca el valor de Registro [HKLM\Software\Microsoft\Fusion!EnableLog] (DWORD) como 1.
Nota: existe una disminución del rendimiento asociada registro de errores del enlace de ensamblado.
Para desactivar esta característica, elimine el valor de Registro [HKLM\Software\Microsoft\Fusion!EnableLog].
</Message>
          <StackTrace>    en QueueTests.DequeTest.DataOrderPreservedWrittenEndwardTest()
</StackTrace>
        </ErrorInfo>
      </Output>
    </UnitTestResult>
    <UnitTestResult executionId="9114342b-ae4a-426f-bc93-4f743f73d72e" testId="49e4a240-89e9-7d60-9a13-7ab7ec646d86" testName="NonEmptyQueueReadsNotEmptyTest" computerName="STOVE-MASTER" duration="00:00:00.0013004" startTime="2018-05-03T19:45:39.2575368-05:00" endTime="2018-05-03T19:45:39.2605447-05:00" testType="13cdc9d9-ddb5-4fa4-a97d-d965ccfc6d4b" outcome="Failed" testListId="8c84fa94-04c1-424b-9868-57a2d4851a1d" relativeResultsDirectory="9114342b-ae4a-426f-bc93-4f743f73d72e">
      <Output>
        <ErrorInfo>
          <Message>El método de prueba QueueTests.DequeTest.NonEmptyQueueReadsNotEmptyTest produjo la excepción: 
System.IO.FileNotFoundException: No se puede cargar el archivo o ensamblado 'Assignment1, Version=1.1.0.0, Culture=neutral, PublicKeyToken=null' ni una de sus dependencias. El sistema no puede encontrar el archivo especificado.AVS: El registro del enlace de ensamblado está desactivado.
Para habilitar el registro de errores del enlace de ensamblado, establezca el valor de Registro [HKLM\Software\Microsoft\Fusion!EnableLog] (DWORD) como 1.
Nota: existe una disminución del rendimiento asociada registro de errores del enlace de ensamblado.
Para desactivar esta característica, elimine el valor de Registro [HKLM\Software\Microsoft\Fusion!EnableLog].
</Message>
          <StackTrace>    en QueueTests.DequeTest.NonEmptyQueueReadsNotEmptyTest()
</StackTrace>
        </ErrorInfo>
      </Output>
    </UnitTestResult>
    <UnitTestResult executionId="ca2cf6c9-8daf-4796-ba55-8f719bb0b54e" testId="a8009935-515f-8ff9-6f0b-05a4894bf174" testName="NonEmptyQueueWrittenFromFrontReadsNotEmptyTest" computerName="STOVE-MASTER" duration="00:00:00.0014524" startTime="2018-05-03T19:45:39.2648677-05:00" endTime="2018-05-03T19:45:39.2675631-05:00" testType="13cdc9d9-ddb5-4fa4-a97d-d965ccfc6d4b" outcome="Failed" testListId="8c84fa94-04c1-424b-9868-57a2d4851a1d" relativeResultsDirectory="ca2cf6c9-8daf-4796-ba55-8f719bb0b54e">
      <Output>
        <ErrorInfo>
          <Message>El método de prueba QueueTests.DequeTest.NonEmptyQueueWrittenFromFrontReadsNotEmptyTest produjo la excepción: 
System.IO.FileNotFoundException: No se puede cargar el archivo o ensamblado 'Assignment1, Version=1.1.0.0, Culture=neutral, PublicKeyToken=null' ni una de sus dependencias. El sistema no puede encontrar el archivo especificado.AVS: El registro del enlace de ensamblado está desactivado.
Para habilitar el registro de errores del enlace de ensamblado, establezca el valor de Registro [HKLM\Software\Microsoft\Fusion!EnableLog] (DWORD) como 1.
Nota: existe una disminución del rendimiento asociada registro de errores del enlace de ensamblado.
Para desactivar esta característica, elimine el valor de Registro [HKLM\Software\Microsoft\Fusion!EnableLog].
</Message>
          <StackTrace>    en QueueTests.DequeTest.NonEmptyQueueWrittenFromFrontReadsNotEmptyTest()
</StackTrace>
        </ErrorInfo>
      </Output>
    </UnitTestResult>
    <UnitTestResult executionId="d03b2982-5191-48a0-bc5f-07814860c701" testId="7d7af601-d5b8-8473-4e8c-1728efc4ea22" testName="RemoveEndOnEmptyQueueThrowsQueueEmptyExceptionTest" computerName="STOVE-MASTER" startTime="2018-05-03T19:45:39.2715738-05:00" endTime="2018-05-03T19:45:39.2735795-05:00" testType="13cdc9d9-ddb5-4fa4-a97d-d965ccfc6d4b" outcome="Failed" testListId="8c84fa94-04c1-424b-9868-57a2d4851a1d" relativeResultsDirectory="d03b2982-5191-48a0-bc5f-07814860c701">
      <Output>
        <ErrorInfo>
          <Message>El atributo ExpectedException definido en el método de prueba QueueTests.DequeTest.RemoveEndOnEmptyQueueThrowsQueueEmptyExceptionTest inició una excepción durante la construcción.
System.IO.FileNotFoundException: No se puede cargar el archivo o ensamblado 'Assignment1, Version=1.1.0.0, Culture=neutral, PublicKeyToken=null' ni una de sus dependencias. El sistema no puede encontrar el archivo especificado.AVS: El registro del enlace de ensamblado está desactivado.
Para habilitar el registro de errores del enlace de ensamblado, establezca el valor de Registro [HKLM\Software\Microsoft\Fusion!EnableLog] (DWORD) como 1.
Nota: existe una disminución del rendimiento asociada registro de errores del enlace de ensamblado.
Para desactivar esta característica, elimine el valor de Registro [HKLM\Software\Microsoft\Fusion!EnableLog].
</Message>
        </ErrorInfo>
      </Output>
    </UnitTestResult>
    <UnitTestResult executionId="90e7929e-5b15-49de-b321-8d215ed7a047" testId="03a1b3a6-dd92-af83-792a-b3caa1cfc64e" testName="RemoveFrontOnEmptyQueueThrowsQueueEmptyExceptionTest" computerName="STOVE-MASTER" startTime="2018-05-03T19:45:39.2775901-05:00" endTime="2018-05-03T19:45:39.2795944-05:00" testType="13cdc9d9-ddb5-4fa4-a97d-d965ccfc6d4b" outcome="Failed" testListId="8c84fa94-04c1-424b-9868-57a2d4851a1d" relativeResultsDirectory="90e7929e-5b15-49de-b321-8d215ed7a047">
      <Output>
        <ErrorInfo>
          <Message>El atributo ExpectedException definido en el método de prueba QueueTests.DequeTest.RemoveFrontOnEmptyQueueThrowsQueueEmptyExceptionTest inició una excepción durante la construcción.
System.IO.FileNotFoundException: No se puede cargar el archivo o ensamblado 'Assignment1, Version=1.1.0.0, Culture=neutral, PublicKeyToken=null' ni una de sus dependencias. El sistema no puede encontrar el archivo especificado.AVS: El registro del enlace de ensamblado está desactivado.
Para habilitar el registro de errores del enlace de ensamblado, establezca el valor de Registro [HKLM\Software\Microsoft\Fusion!EnableLog] (DWORD) como 1.
Nota: existe una disminución del rendimiento asociada registro de errores del enlace de ensamblado.
Para desactivar esta característica, elimine el valor de Registro [HKLM\Software\Microsoft\Fusion!EnableLog].
</Message>
        </ErrorInfo>
      </Output>
    </UnitTestResult>
    <UnitTestResult executionId="cc398031-4d77-4777-80d1-802658ac3b52" testId="fd6c20eb-525d-6a10-f7aa-e03ceedfe16f" testName="ConstructorCreatesEmptyQueueTest" computerName="STOVE-MASTER" duration="00:00:00.0013233" startTime="2018-05-03T19:45:39.2836058-05:00" endTime="2018-05-03T19:45:39.2856108-05:00" testType="13cdc9d9-ddb5-4fa4-a97d-d965ccfc6d4b" outcome="Failed" testListId="8c84fa94-04c1-424b-9868-57a2d4851a1d" relativeResultsDirectory="cc398031-4d77-4777-80d1-802658ac3b52">
      <Output>
        <ErrorInfo>
          <Message>El método de prueba QueueTests.LinkedListQueueTest.ConstructorCreatesEmptyQueueTest produjo la excepción: 
System.IO.FileNotFoundException: No se puede cargar el archivo o ensamblado 'Assignment1, Version=1.1.0.0, Culture=neutral, PublicKeyToken=null' ni una de sus dependencias. El sistema no puede encontrar el archivo especificado.AVS: El registro del enlace de ensamblado está desactivado.
Para habilitar el registro de errores del enlace de ensamblado, establezca el valor de Registro [HKLM\Software\Microsoft\Fusion!EnableLog] (DWORD) como 1.
Nota: existe una disminución del rendimiento asociada registro de errores del enlace de ensamblado.
Para desactivar esta característica, elimine el valor de Registro [HKLM\Software\Microsoft\Fusion!EnableLog].
</Message>
          <StackTrace>    en QueueTests.LinkedListQueueTest.ConstructorCreatesEmptyQueueTest()
</StackTrace>
        </ErrorInfo>
      </Output>
    </UnitTestResult>
    <UnitTestResult executionId="31f19fb6-1e44-407c-b0f3-0ae2039e0326" testId="3d821c1f-4535-cc22-0441-2178d0438ec5" testName="ConstructorCreatesNonFullQueueTest" computerName="STOVE-MASTER" duration="00:00:00.0012256" startTime="2018-05-03T19:45:39.2896221-05:00" endTime="2018-05-03T19:45:39.2916567-05:00" testType="13cdc9d9-ddb5-4fa4-a97d-d965ccfc6d4b" outcome="Failed" testListId="8c84fa94-04c1-424b-9868-57a2d4851a1d" relativeResultsDirectory="31f19fb6-1e44-407c-b0f3-0ae2039e0326">
      <Output>
        <ErrorInfo>
          <Message>El método de prueba QueueTests.LinkedListQueueTest.ConstructorCreatesNonFullQueueTest produjo la excepción: 
System.IO.FileNotFoundException: No se puede cargar el archivo o ensamblado 'Assignment1, Version=1.1.0.0, Culture=neutral, PublicKeyToken=null' ni una de sus dependencias. El sistema no puede encontrar el archivo especificado.AVS: El registro del enlace de ensamblado está desactivado.
Para habilitar el registro de errores del enlace de ensamblado, establezca el valor de Registro [HKLM\Software\Microsoft\Fusion!EnableLog] (DWORD) como 1.
Nota: existe una disminución del rendimiento asociada registro de errores del enlace de ensamblado.
Para desactivar esta característica, elimine el valor de Registro [HKLM\Software\Microsoft\Fusion!EnableLog].
</Message>
          <StackTrace>    en QueueTests.LinkedListQueueTest.ConstructorCreatesNonFullQueueTest()
</StackTrace>
        </ErrorInfo>
      </Output>
    </UnitTestResult>
    <UnitTestResult executionId="dddfa762-a192-415d-b69b-35a15a56b370" testId="97365ef3-436d-9c9d-7432-5e36bdfa5b17" testName="CountTest" computerName="STOVE-MASTER" duration="00:00:00.0021943" startTime="2018-05-03T19:45:39.2988847-05:00" endTime="2018-05-03T19:45:39.3026566-05:00" testType="13cdc9d9-ddb5-4fa4-a97d-d965ccfc6d4b" outcome="Failed" testListId="8c84fa94-04c1-424b-9868-57a2d4851a1d" relativeResultsDirectory="dddfa762-a192-415d-b69b-35a15a56b370">
      <Output>
        <ErrorInfo>
          <Message>El método de prueba QueueTests.LinkedListQueueTest.CountTest produjo la excepción: 
System.IO.FileNotFoundException: No se puede cargar el archivo o ensamblado 'Assignment1, Version=1.1.0.0, Culture=neutral, PublicKeyToken=null' ni una de sus dependencias. El sistema no puede encontrar el archivo especificado.AVS: El registro del enlace de ensamblado está desactivado.
Para habilitar el registro de errores del enlace de ensamblado, establezca el valor de Registro [HKLM\Software\Microsoft\Fusion!EnableLog] (DWORD) como 1.
Nota: existe una disminución del rendimiento asociada registro de errores del enlace de ensamblado.
Para desactivar esta característica, elimine el valor de Registro [HKLM\Software\Microsoft\Fusion!EnableLog].
</Message>
          <StackTrace>    en QueueTests.LinkedListQueueTest.CountTest()
</StackTrace>
        </ErrorInfo>
      </Output>
    </UnitTestResult>
    <UnitTestResult executionId="43102b1f-da44-431f-a960-7800f317bc28" testId="373800ba-b828-3141-13f3-14ad92fca915" testName="DataOrderPreservedTest" computerName="STOVE-MASTER" duration="00:00:00.0016075" startTime="2018-05-03T19:45:39.3086723-05:00" endTime="2018-05-03T19:45:39.3116801-05:00" testType="13cdc9d9-ddb5-4fa4-a97d-d965ccfc6d4b" outcome="Failed" testListId="8c84fa94-04c1-424b-9868-57a2d4851a1d" relativeResultsDirectory="43102b1f-da44-431f-a960-7800f317bc28">
      <Output>
        <ErrorInfo>
          <Message>El método de prueba QueueTests.LinkedListQueueTest.DataOrderPreservedTest produjo la excepción: 
System.IO.FileNotFoundException: No se puede cargar el archivo o ensamblado 'Assignment1, Version=1.1.0.0, Culture=neutral, PublicKeyToken=null' ni una de sus dependencias. El sistema no puede encontrar el archivo especificado.AVS: El registro del enlace de ensamblado está desactivado.
Para habilitar el registro de errores del enlace de ensamblado, establezca el valor de Registro [HKLM\Software\Microsoft\Fusion!EnableLog] (DWORD) como 1.
Nota: existe una disminución del rendimiento asociada registro de errores del enlace de ensamblado.
Para desactivar esta característica, elimine el valor de Registro [HKLM\Software\Microsoft\Fusion!EnableLog].
</Message>
          <StackTrace>    en QueueTests.LinkedListQueueTest.DataOrderPreservedTest()
</StackTrace>
        </ErrorInfo>
      </Output>
    </UnitTestResult>
    <UnitTestResult executionId="79c9bb79-62ad-46be-83ce-346239d5f0ed" testId="72df603b-478e-691e-c9b9-cdc0bacfe212" testName="DequeueOnEmptyQueueThrowsQueueEmptyExceptionTest" computerName="STOVE-MASTER" startTime="2018-05-03T19:45:39.3167257-05:00" endTime="2018-05-03T19:45:39.3186986-05:00" testType="13cdc9d9-ddb5-4fa4-a97d-d965ccfc6d4b" outcome="Failed" testListId="8c84fa94-04c1-424b-9868-57a2d4851a1d" relativeResultsDirectory="79c9bb79-62ad-46be-83ce-346239d5f0ed">
      <Output>
        <ErrorInfo>
          <Message>El atributo ExpectedException definido en el método de prueba QueueTests.LinkedListQueueTest.DequeueOnEmptyQueueThrowsQueueEmptyExceptionTest inició una excepción durante la construcción.
System.IO.FileNotFoundException: No se puede cargar el archivo o ensamblado 'Assignment1, Version=1.1.0.0, Culture=neutral, PublicKeyToken=null' ni una de sus dependencias. El sistema no puede encontrar el archivo especificado.AVS: El registro del enlace de ensamblado está desactivado.
Para habilitar el registro de errores del enlace de ensamblado, establezca el valor de Registro [HKLM\Software\Microsoft\Fusion!EnableLog] (DWORD) como 1.
Nota: existe una disminución del rendimiento asociada registro de errores del enlace de ensamblado.
Para desactivar esta característica, elimine el valor de Registro [HKLM\Software\Microsoft\Fusion!EnableLog].
</Message>
        </ErrorInfo>
      </Output>
    </UnitTestResult>
    <UnitTestResult executionId="fa76285b-199c-47a5-b44c-fe6e5586cfc0" testId="091f89d3-0ed1-30d7-5c4b-fdd3fa0faa90" testName="NonEmptyQueueReadsNotEmptyTest" computerName="STOVE-MASTER" duration="00:00:00.0012627" startTime="2018-05-03T19:45:39.3237117-05:00" endTime="2018-05-03T19:45:39.3257174-05:00" testType="13cdc9d9-ddb5-4fa4-a97d-d965ccfc6d4b" outcome="Failed" testListId="8c84fa94-04c1-424b-9868-57a2d4851a1d" relativeResultsDirectory="fa76285b-199c-47a5-b44c-fe6e5586cfc0">
      <Output>
        <ErrorInfo>
          <Message>El método de prueba QueueTests.LinkedListQueueTest.NonEmptyQueueReadsNotEmptyTest produjo la excepción: 
System.IO.FileNotFoundException: No se puede cargar el archivo o ensamblado 'Assignment1, Version=1.1.0.0, Culture=neutral, PublicKeyToken=null' ni una de sus dependencias. El sistema no puede encontrar el archivo especificado.AVS: El registro del enlace de ensamblado está desactivado.
Para habilitar el registro de errores del enlace de ensamblado, establezca el valor de Registro [HKLM\Software\Microsoft\Fusion!EnableLog] (DWORD) como 1.
Nota: existe una disminución del rendimiento asociada registro de errores del enlace de ensamblado.
Para desactivar esta característica, elimine el valor de Registro [HKLM\Software\Microsoft\Fusion!EnableLog].
</Message>
          <StackTrace>    en QueueTests.LinkedListQueueTest.NonEmptyQueueReadsNotEmptyTest()
</StackTrace>
        </ErrorInfo>
      </Output>
    </UnitTestResult>
  </Results>
</TestRun>