<?xml version="1.0" encoding="UTF-8"?>
<TestRun id="9a3d97b1-83a5-4d6d-8dd5-271d72446e32" name="Ethan@STOVE-MASTER 2018-05-03 19:46:22" runUser="STOVE-MASTER\Ethan" xmlns="http://microsoft.com/schemas/VisualStudio/TeamTest/2010">
  <TestSettings name="Configuración de pruebas predeterminada" id="7174887b-4537-4fae-bb8a-3168a8b9c423">
    <Execution>
      <TestTypeSpecific />
      <AgentRule name="Execution Agents">
      </AgentRule>
    </Execution>
    <Deployment runDeploymentRoot="Ethan_STOVE-MASTER 2018-05-03 19_46_22" />
    <Properties />
  </TestSettings>
  <Times creation="2018-05-03T19:46:22.2094491-05:00" queuing="2018-05-03T19:46:22.5040195-05:00" start="2018-05-03T19:46:22.5661851-05:00" finish="2018-05-03T19:46:23.1240146-05:00" />
  <ResultSummary outcome="Failed">
    <Counters total="20" executed="20" error="0" failed="20" timeout="0" aborted="0" inconclusive="0" passedButRunAborted="0" notRunnable="0" notExecuted="0" disconnected="0" warning="0" passed="0" completed="0" inProgress="0" pending="0" />
    <RunInfos>
      <RunInfo computerName="STOVE-MASTER" outcome="Warning" timestamp="2018-05-03T19:46:22.3163731-05:00">
        <Text>Advertencia: problema de implementación de serie de pruebas: no se encuentra el ensamblado o módulo 'Assignment1' al que hace referencia directa o indirectamente el contenedor de prueba 'C:\Users\Ethan\Projects\214\autovonbismarck\sandbox\queuetests.dll'.</Text>
      </RunInfo>
    </RunInfos>
  </ResultSummary>
  <TestDefinitions>
    <UnitTest name="NonEmptyQueueReadsNotEmptyTest" storage="queuetests.dll" id="091f89d3-0ed1-30d7-5c4b-fdd3fa0faa90">
      <Execution id="39b797b0-2db8-4399-b8aa-00a51851b95d" />
      <TestMethod codeBase="C:/Users/Ethan/Projects/214/autovonbismarck/sandbox/QueueTests.dll" adapterTypeName="Microsoft.VisualStudio.TestTools.TestTypes.Unit.UnitTestAdapter, Microsoft.VisualStudio.QualityTools.Tips.UnitTest.Adapter, Version=15.0.0.0, Culture=neutral, PublicKeyToken=b03f5f7f11d50a3a" className="QueueTests.LinkedListQueueTest, QueueTests, Version=1.1.0.0, Culture=neutral, PublicKeyToken=null" name="NonEmptyQueueReadsNotEmptyTest" />
    </UnitTest>
    <UnitTest name="ConstructorCreatesEmptyQueueTest" storage="queuetests.dll" id="1cb0a1e2-2261-0d1a-ef0f-bcef8b0ea15f">
      <Execution id="82e4a9ef-5656-447c-b72e-1e3bfedea08b" />
      <TestMethod codeBase="C:/Users/Ethan/Projects/214/autovonbismarck/sandbox/QueueTests.dll" adapterTypeName="Microsoft.VisualStudio.TestTools.TestTypes.Unit.UnitTestAdapter, Microsoft.VisualStudio.QualityTools.Tips.UnitTest.Adapter, Version=15.0.0.0, Culture=neutral, PublicKeyToken=b03f5f7f11d50a3a" className="QueueTests.ArrayQueueTest, QueueTests, Version=1.1.0.0, Culture=neutral, PublicKeyToken=null" name="ConstructorCreatesEmptyQueueTest" />
    </UnitTest>
    <UnitTest name="EnqueueToFullQueueThrowsQueueFullExceptionTest" storage="queuetests.dll" id="7c46bf1f-4cc7-0ba7-67e8-52f5cd3c9713">
      <Execution id="ffecde22-9b19-490b-9da2-58493c7c214c" />
      <TestMethod codeBase="C:/Users/Ethan/Projects/214/autovonbismarck/sandbox/QueueTests.dll" adapterTypeName="Microsoft.VisualStudio.TestTools.TestTypes.Unit.UnitTestAdapter, Microsoft.VisualStudio.QualityTools.Tips.UnitTest.Adapter, Version=15.0.0.0, Culture=neutral, PublicKeyToken=b03f5f7f11d50a3a" className="QueueTests.ArrayQueueTest, QueueTests, Version=1.1.0.0, Culture=neutral, PublicKeyToken=null" name="EnqueueToFullQueueThrowsQueueFullExceptionTest" />
    </UnitTest>
    <UnitTest name="ConstructorCreatesEmptyQueueTest" storage="queuetests.dll" id="13d9bdf6-60d6-7932-e7f8-0dff2188658f">
      <Execution id="1939c60a-2e5a-4c03-aab9-4d0e95bca81b" />
      <TestMethod codeBase="C:/Users/Ethan/Projects/214/autovonbismarck/sandbox/QueueTests.dll" adapterTypeName="Microsoft.VisualStudio.TestTools.TestTypes.Unit.UnitTestAdapter, Microsoft.VisualStudio.QualityTools.Tips.UnitTest.Adapter, Version=15.0.0.0, Culture=neutral, PublicKeyToken=b03f5f7f11d50a3a" className="QueueTests.DequeTest, QueueTests, Version=1.1.0.0, Culture=neutral, PublicKeyToken=null" name="ConstructorCreatesEmptyQueueTest" />
    </UnitTest>
    <UnitTest name="NonEmptyQueueWrittenFromFrontReadsNotEmptyTest" storage="queuetests.dll" id="a8009935-515f-8ff9-6f0b-05a4894bf174">
      <Execution id="69baf72c-965a-4cbb-8100-0df5d0d6b15f" />
      <TestMethod codeBase="C:/Users/Ethan/Projects/214/autovonbismarck/sandbox/QueueTests.dll" adapterTypeName="Microsoft.VisualStudio.TestTools.TestTypes.Unit.UnitTestAdapter, Microsoft.VisualStudio.QualityTools.Tips.UnitTest.Adapter, Version=15.0.0.0, Culture=neutral, PublicKeyToken=b03f5f7f11d50a3a" className="QueueTests.DequeTest, QueueTests, Version=1.1.0.0, Culture=neutral, PublicKeyToken=null" name="NonEmptyQueueWrittenFromFrontReadsNotEmptyTest" />
    </UnitTest>
    <UnitTest name="DataOrderPreservedTest" storage="queuetests.dll" id="373800ba-b828-3141-13f3-14ad92fca915">
      <Execution id="9efcd0cb-699f-456e-8104-816e5da9fa07" />
      <TestMethod codeBase="C:/Users/Ethan/Projects/214/autovonbismarck/sandbox/QueueTests.dll" adapterTypeName="Microsoft.VisualStudio.TestTools.TestTypes.Unit.UnitTestAdapter, Microsoft.VisualStudio.QualityTools.Tips.UnitTest.Adapter, Version=15.0.0.0, Culture=neutral, PublicKeyToken=b03f5f7f11d50a3a" className="QueueTests.LinkedListQueueTest, QueueTests, Version=1.1.0.0, Culture=neutral, PublicKeyToken=null" name="DataOrderPreservedTest" />
    </UnitTest>
    <UnitTest name="DataOrderPreservedTest" storage="queuetests.dll" id="f013084a-d4ea-a9f8-357a-4047b1176ab2">
      <Execution id="e061300e-3022-45e9-9f48-020c472d09e3" />
      <TestMethod codeBase="C:/Users/Ethan/Projects/214/autovonbismarck/sandbox/QueueTests.dll" adapterTypeName="Microsoft.VisualStudio.TestTools.TestTypes.Unit.UnitTestAdapter, Microsoft.VisualStudio.QualityTools.Tips.UnitTest.Adapter, Version=15.0.0.0, Culture=neutral, PublicKeyToken=b03f5f7f11d50a3a" className="QueueTests.ArrayQueueTest, QueueTests, Version=1.1.0.0, Culture=neutral, PublicKeyToken=null" name="DataOrderPreservedTest" />
    </UnitTest>
    <UnitTest name="RemoveFrontOnEmptyQueueThrowsQueueEmptyExceptionTest" storage="queuetests.dll" id="03a1b3a6-dd92-af83-792a-b3caa1cfc64e">
      <Execution id="87c680a3-b551-4061-ae0e-5130030d7c1f" />
      <TestMethod codeBase="C:/Users/Ethan/Projects/214/autovonbismarck/sandbox/QueueTests.dll" adapterTypeName="Microsoft.VisualStudio.TestTools.TestTypes.Unit.UnitTestAdapter, Microsoft.VisualStudio.QualityTools.Tips.UnitTest.Adapter, Version=15.0.0.0, Culture=neutral, PublicKeyToken=b03f5f7f11d50a3a" className="QueueTests.DequeTest, QueueTests, Version=1.1.0.0, Culture=neutral, PublicKeyToken=null" name="RemoveFrontOnEmptyQueueThrowsQueueEmptyExceptionTest" />
    </UnitTest>
    <UnitTest name="DequeueOnEmptyQueueThrowsQueueEmptyExceptionTest" storage="queuetests.dll" id="282e02e9-49c3-e1d4-f2ea-59cee629a781">
      <Execution id="8a1c92ae-189a-47c4-9df7-41e325ac0ecb" />
      <TestMethod codeBase="C:/Users/Ethan/Projects/214/autovonbismarck/sandbox/QueueTests.dll" adapterTypeName="Microsoft.VisualStudio.TestTools.TestTypes.Unit.UnitTestAdapter, Microsoft.VisualStudio.QualityTools.Tips.UnitTest.Adapter, Version=15.0.0.0, Culture=neutral, PublicKeyToken=b03f5f7f11d50a3a" className="QueueTests.ArrayQueueTest, QueueTests, Version=1.1.0.0, Culture=neutral, PublicKeyToken=null" name="DequeueOnEmptyQueueThrowsQueueEmptyExceptionTest" />
    </UnitTest>
    <UnitTest name="ConstructorCreatesNonFullQueueTest" storage="queuetests.dll" id="3d821c1f-4535-cc22-0441-2178d0438ec5">
      <Execution id="7547701c-bb04-46ca-be90-f2e56e005f16" />
      <TestMethod codeBase="C:/Users/Ethan/Projects/214/autovonbismarck/sandbox/QueueTests.dll" adapterTypeName="Microsoft.VisualStudio.TestTools.TestTypes.Unit.UnitTestAdapter, Microsoft.VisualStudio.QualityTools.Tips.UnitTest.Adapter, Version=15.0.0.0, Culture=neutral, PublicKeyToken=b03f5f7f11d50a3a" className="QueueTests.LinkedListQueueTest, QueueTests, Version=1.1.0.0, Culture=neutral, PublicKeyToken=null" name="ConstructorCreatesNonFullQueueTest" />
    </UnitTest>
    <UnitTest name="CountTest" storage="queuetests.dll" id="97365ef3-436d-9c9d-7432-5e36bdfa5b17">
      <Execution id="4dd9f737-90bd-400d-88be-231845f93b4c" />
      <TestMethod codeBase="C:/Users/Ethan/Projects/214/autovonbismarck/sandbox/QueueTests.dll" adapterTypeName="Microsoft.VisualStudio.TestTools.TestTypes.Unit.UnitTestAdapter, Microsoft.VisualStudio.QualityTools.Tips.UnitTest.Adapter, Version=15.0.0.0, Culture=neutral, PublicKeyToken=b03f5f7f11d50a3a" className="QueueTests.LinkedListQueueTest, QueueTests, Version=1.1.0.0, Culture=neutral, PublicKeyToken=null" name="CountTest" />
    </UnitTest>
    <UnitTest name="ConstructorCreatesEmptyQueueTest" storage="queuetests.dll" id="fd6c20eb-525d-6a10-f7aa-e03ceedfe16f">
      <Execution id="785c86d6-e245-49e5-9ee6-3c0a2e380e27" />
      <TestMethod codeBase="C:/Users/Ethan/Projects/214/autovonbismarck/sandbox/QueueTests.dll" adapterTypeName="Microsoft.VisualStudio.TestTools.TestTypes.Unit.UnitTestAdapter, Microsoft.VisualStudio.QualityTools.Tips.UnitTest.Adapter, Version=15.0.0.0, Culture=neutral, PublicKeyToken=b03f5f7f11d50a3a" className="QueueTests.LinkedListQueueTest, QueueTests, Version=1.1.0.0, Culture=neutral, PublicKeyToken=null" name="ConstructorCreatesEmptyQueueTest" />
    </UnitTest>
    <UnitTest name="NonEmptyQueueReadsNotEmptyTest" storage="queuetests.dll" id="49e4a240-89e9-7d60-9a13-7ab7ec646d86">
      <Execution id="9c819c8d-282e-4309-92d9-35207094375e" />
      <TestMethod codeBase="C:/Users/Ethan/Projects/214/autovonbismarck/sandbox/QueueTests.dll" adapterTypeName="Microsoft.VisualStudio.TestTools.TestTypes.Unit.UnitTestAdapter, Microsoft.VisualStudio.QualityTools.Tips.UnitTest.Adapter, Version=15.0.0.0, Culture=neutral, PublicKeyToken=b03f5f7f11d50a3a" className="QueueTests.DequeTest, QueueTests, Version=1.1.0.0, Culture=neutral, PublicKeyToken=null" name="NonEmptyQueueReadsNotEmptyTest" />
    </UnitTest>
    <UnitTest name="DataOrderPreservedWrittenEndwardTest" storage="queuetests.dll" id="066e5acd-d732-0380-d030-80aabd1a46ae">
      <Execution id="be94b7a9-96aa-43fd-8efb-43fb87011240" />
      <TestMethod codeBase="C:/Users/Ethan/Projects/214/autovonbismarck/sandbox/QueueTests.dll" adapterTypeName="Microsoft.VisualStudio.TestTools.TestTypes.Unit.UnitTestAdapter, Microsoft.VisualStudio.QualityTools.Tips.UnitTest.Adapter, Version=15.0.0.0, Culture=neutral, PublicKeyToken=b03f5f7f11d50a3a" className="QueueTests.DequeTest, QueueTests, Version=1.1.0.0, Culture=neutral, PublicKeyToken=null" name="DataOrderPreservedWrittenEndwardTest" />
    </UnitTest>
    <UnitTest name="DequeueOnEmptyQueueThrowsQueueEmptyExceptionTest" storage="queuetests.dll" id="72df603b-478e-691e-c9b9-cdc0bacfe212">
      <Execution id="9fbc83f3-e478-40fe-9252-333f38bba685" />
      <TestMethod codeBase="C:/Users/Ethan/Projects/214/autovonbismarck/sandbox/QueueTests.dll" adapterTypeName="Microsoft.VisualStudio.TestTools.TestTypes.Unit.UnitTestAdapter, Microsoft.VisualStudio.QualityTools.Tips.UnitTest.Adapter, Version=15.0.0.0, Culture=neutral, PublicKeyToken=b03f5f7f11d50a3a" className="QueueTests.LinkedListQueueTest, QueueTests, Version=1.1.0.0, Culture=neutral, PublicKeyToken=null" name="DequeueOnEmptyQueueThrowsQueueEmptyExceptionTest" />
    </UnitTest>
    <UnitTest name="RemoveEndOnEmptyQueueThrowsQueueEmptyExceptionTest" storage="queuetests.dll" id="7d7af601-d5b8-8473-4e8c-1728efc4ea22">
      <Execution id="1f3465d2-acb1-4c6d-b06f-e85de254e32b" />
      <TestMethod codeBase="C:/Users/Ethan/Projects/214/autovonbismarck/sandbox/QueueTests.dll" adapterTypeName="Microsoft.VisualStudio.TestTools.TestTypes.Unit.UnitTestAdapter, Microsoft.VisualStudio.QualityTools.Tips.UnitTest.Adapter, Version=15.0.0.0, Culture=neutral, PublicKeyToken=b03f5f7f11d50a3a" className="QueueTests.DequeTest, QueueTests, Version=1.1.0.0, Culture=neutral, PublicKeyToken=null" name="RemoveEndOnEmptyQueueThrowsQueueEmptyExceptionTest" />
    </UnitTest>
    <UnitTest name="DataOrderPreservedTest" storage="queuetests.dll" id="cbfdef17-e7f3-e7a4-92ed-bd0caaf2671c">
      <Execution id="3f9ec68e-f5c7-4fc8-bfe9-bb52ecd8cdc2" />
      <TestMethod codeBase="C:/Users/Ethan/Projects/214/autovonbismarck/sandbox/QueueTests.dll" adapterTypeName="Microsoft.VisualStudio.TestTools.TestTypes.Unit.UnitTestAdapter, Microsoft.VisualStudio.QualityTools.Tips.UnitTest.Adapter, Version=15.0.0.0, Culture=neutral, PublicKeyToken=b03f5f7f11d50a3a" className="QueueTests.DequeTest, QueueTests, Version=1.1.0.0, Culture=neutral, PublicKeyToken=null" name="DataOrderPreservedTest" />
    </UnitTest>
    <UnitTest name="CountTest" storage="queuetests.dll" id="043f3c5a-7887-abdc-d249-173d4b7b8591">
      <Execution id="7369fd96-2334-4f7d-b868-88c4f64450fb" />
      <TestMethod codeBase="C:/Users/Ethan/Projects/214/autovonbismarck/sandbox/QueueTests.dll" adapterTypeName="Microsoft.VisualStudio.TestTools.TestTypes.Unit.UnitTestAdapter, Microsoft.VisualStudio.QualityTools.Tips.UnitTest.Adapter, Version=15.0.0.0, Culture=neutral, PublicKeyToken=b03f5f7f11d50a3a" className="QueueTests.ArrayQueueTest, QueueTests, Version=1.1.0.0, Culture=neutral, PublicKeyToken=null" name="CountTest" />
    </UnitTest>
    <UnitTest name="CountTest" storage="queuetests.dll" id="10d73257-6859-e940-a43d-85dc5f42184c">
      <Execution id="9e462998-b552-4ed2-8605-062e226bbcfb" />
      <TestMethod codeBase="C:/Users/Ethan/Projects/214/autovonbismarck/sandbox/QueueTests.dll" adapterTypeName="Microsoft.VisualStudio.TestTools.TestTypes.Unit.UnitTestAdapter, Microsoft.VisualStudio.QualityTools.Tips.UnitTest.Adapter, Version=15.0.0.0, Culture=neutral, PublicKeyToken=b03f5f7f11d50a3a" className="QueueTests.DequeTest, QueueTests, Version=1.1.0.0, Culture=neutral, PublicKeyToken=null" name="CountTest" />
    </UnitTest>
    <UnitTest name="ConstructorCreatesNonFullQueueTest" storage="queuetests.dll" id="1fd90ceb-f0d0-1e68-b554-ad1d4ba25e72">
      <Execution id="a97a7c76-6c8b-423b-8324-b3bb8fe986c7" />
      <TestMethod codeBase="C:/Users/Ethan/Projects/214/autovonbismarck/sandbox/QueueTests.dll" adapterTypeName="Microsoft.VisualStudio.TestTools.TestTypes.Unit.UnitTestAdapter, Microsoft.VisualStudio.QualityTools.Tips.UnitTest.Adapter, Version=15.0.0.0, Culture=neutral, PublicKeyToken=b03f5f7f11d50a3a" className="QueueTests.ArrayQueueTest, QueueTests, Version=1.1.0.0, Culture=neutral, PublicKeyToken=null" name="ConstructorCreatesNonFullQueueTest" />
    </UnitTest>
  </TestDefinitions>
  <TestLists>
    <TestList name="Resultados que no están en la lista" id="8c84fa94-04c1-424b-9868-57a2d4851a1d" />
    <TestList name="Todos los resultados cargados" id="19431567-8539-422a-85d7-44ee4e166bda" />
  </TestLists>
  <TestEntries>
    <TestEntry testId="1cb0a1e2-2261-0d1a-ef0f-bcef8b0ea15f" executionId="82e4a9ef-5656-447c-b72e-1e3bfedea08b" testListId="8c84fa94-04c1-424b-9868-57a2d4851a1d" />
    <TestEntry testId="1fd90ceb-f0d0-1e68-b554-ad1d4ba25e72" executionId="a97a7c76-6c8b-423b-8324-b3bb8fe986c7" testListId="8c84fa94-04c1-424b-9868-57a2d4851a1d" />
    <TestEntry testId="043f3c5a-7887-abdc-d249-173d4b7b8591" executionId="7369fd96-2334-4f7d-b868-88c4f64450fb" testListId="8c84fa94-04c1-424b-9868-57a2d4851a1d" />
    <TestEntry testId="f013084a-d4ea-a9f8-357a-4047b1176ab2" executionId="e061300e-3022-45e9-9f48-020c472d09e3" testListId="8c84fa94-04c1-424b-9868-57a2d4851a1d" />
    <TestEntry testId="282e02e9-49c3-e1d4-f2ea-59cee629a781" executionId="8a1c92ae-189a-47c4-9df7-41e325ac0ecb" testListId="8c84fa94-04c1-424b-9868-57a2d4851a1d" />
    <TestEntry testId="7c46bf1f-4cc7-0ba7-67e8-52f5cd3c9713" executionId="ffecde22-9b19-490b-9da2-58493c7c214c" testListId="8c84fa94-04c1-424b-9868-57a2d4851a1d" />
    <TestEntry testId="13d9bdf6-60d6-7932-e7f8-0dff2188658f" executionId="1939c60a-2e5a-4c03-aab9-4d0e95bca81b" testListId="8c84fa94-04c1-424b-9868-57a2d4851a1d" />
    <TestEntry testId="10d73257-6859-e940-a43d-85dc5f42184c" executionId="9e462998-b552-4ed2-8605-062e226bbcfb" testListId="8c84fa94-04c1-424b-9868-57a2d4851a1d" />
    <TestEntry testId="cbfdef17-e7f3-e7a4-92ed-bd0caaf2671c" executionId="3f9ec68e-f5c7-4fc8-bfe9-bb52ecd8cdc2" testListId="8c84fa94-04c1-424b-9868-57a2d4851a1d" />
    <TestEntry testId="066e5acd-d732-0380-d030-80aabd1a46ae" executionId="be94b7a9-96aa-43fd-8efb-43fb87011240" testListId="8c84fa94-04c1-424b-9868-57a2d4851a1d" />
    <TestEntry testId="49e4a240-89e9-7d60-9a13-7ab7ec646d86" executionId="9c819c8d-282e-4309-92d9-35207094375e" testListId="8c84fa94-04c1-424b-9868-57a2d4851a1d" />
    <TestEntry testId="a8009935-515f-8ff9-6f0b-05a4894bf174" executionId="69baf72c-965a-4cbb-8100-0df5d0d6b15f" testListId="8c84fa94-04c1-424b-9868-57a2d4851a1d" />
    <TestEntry testId="7d7af601-d5b8-8473-4e8c-1728efc4ea22" executionId="1f3465d2-acb1-4c6d-b06f-e85de254e32b" testListId="8c84fa94-04c1-424b-9868-57a2d4851a1d" />
    <TestEntry testId="03a1b3a6-dd92-af83-792a-b3caa1cfc64e" executionId="87c680a3-b551-4061-ae0e-5130030d7c1f" testListId="8c84fa94-04c1-424b-9868-57a2d4851a1d" />
    <TestEntry testId="fd6c20eb-525d-6a10-f7aa-e03ceedfe16f" executionId="785c86d6-e245-49e5-9ee6-3c0a2e380e27" testListId="8c84fa94-04c1-424b-9868-57a2d4851a1d" />
    <TestEntry testId="3d821c1f-4535-cc22-0441-2178d0438ec5" executionId="7547701c-bb04-46ca-be90-f2e56e005f16" testListId="8c84fa94-04c1-424b-9868-57a2d4851a1d" />
    <TestEntry testId="97365ef3-436d-9c9d-7432-5e36bdfa5b17" executionId="4dd9f737-90bd-400d-88be-231845f93b4c" testListId="8c84fa94-04c1-424b-9868-57a2d4851a1d" />
    <TestEntry testId="373800ba-b828-3141-13f3-14ad92fca915" executionId="9efcd0cb-699f-456e-8104-816e5da9fa07" testListId="8c84fa94-04c1-424b-9868-57a2d4851a1d" />
    <TestEntry testId="72df603b-478e-691e-c9b9-cdc0bacfe212" executionId="9fbc83f3-e478-40fe-9252-333f38bba685" testListId="8c84fa94-04c1-424b-9868-57a2d4851a1d" />
    <TestEntry testId="091f89d3-0ed1-30d7-5c4b-fdd3fa0faa90" executionId="39b797b0-2db8-4399-b8aa-00a51851b95d" testListId="8c84fa94-04c1-424b-9868-57a2d4851a1d" />
  </TestEntries>
  <Results>
    <UnitTestResult executionId="82e4a9ef-5656-447c-b72e-1e3bfedea08b" testId="1cb0a1e2-2261-0d1a-ef0f-bcef8b0ea15f" testName="ConstructorCreatesEmptyQueueTest" computerName="STOVE-MASTER" duration="00:00:00.0273990" startTime="2018-05-03T19:46:22.6433891-05:00" endTime="2018-05-03T19:46:22.9686037-05:00" testType="13cdc9d9-ddb5-4fa4-a97d-d965ccfc6d4b" outcome="Failed" testListId="8c84fa94-04c1-424b-9868-57a2d4851a1d" relativeResultsDirectory="82e4a9ef-5656-447c-b72e-1e3bfedea08b">
      <Output>
        <ErrorInfo>
          <Message>El método de prueba QueueTests.ArrayQueueTest.ConstructorCreatesEmptyQueueTest produjo la excepción: 
System.IO.FileNotFoundException: No se puede cargar el archivo o ensamblado 'Assignment1, Version=1.1.0.0, Culture=neutral, PublicKeyToken=null' ni una de sus dependencias. El sistema no puede encontrar el archivo especificado.AVS: El registro del enlace de ensamblado está desactivado.
Para habilitar el registro de errores del enlace de ensamblado, establezca el valor de Registro [HKLM\Software\Microsoft\Fusion!EnableLog] (DWORD) como 1.
Nota: existe una disminución del rendimiento asociada registro de errores del enlace de ensamblado.
Para desactivar esta característica, elimine el valor de Registro [HKLM\Software\Microsoft\Fusion!EnableLog].
</Message>
          <StackTrace>    en QueueTests.ArrayQueueTest.ConstructorCreatesEmptyQueueTest()
</StackTrace>
        </ErrorInfo>
      </Output>
    </UnitTestResult>
    <UnitTestResult executionId="a97a7c76-6c8b-423b-8324-b3bb8fe986c7" testId="1fd90ceb-f0d0-1e68-b554-ad1d4ba25e72" testName="ConstructorCreatesNonFullQueueTest" computerName="STOVE-MASTER" duration="00:00:00.0021774" startTime="2018-05-03T19:46:22.9738415-05:00" endTime="2018-05-03T19:46:22.9782323-05:00" testType="13cdc9d9-ddb5-4fa4-a97d-d965ccfc6d4b" outcome="Failed" testListId="8c84fa94-04c1-424b-9868-57a2d4851a1d" relativeResultsDirectory="a97a7c76-6c8b-423b-8324-b3bb8fe986c7">
      <Output>
        <ErrorInfo>
          <Message>El método de prueba QueueTests.ArrayQueueTest.ConstructorCreatesNonFullQueueTest produjo la excepción: 
System.IO.FileNotFoundException: No se puede cargar el archivo o ensamblado 'Assignment1, Version=1.1.0.0, Culture=neutral, PublicKeyToken=null' ni una de sus dependencias. El sistema no puede encontrar el archivo especificado.AVS: El registro del enlace de ensamblado está desactivado.
Para habilitar el registro de errores del enlace de ensamblado, establezca el valor de Registro [HKLM\Software\Microsoft\Fusion!EnableLog] (DWORD) como 1.
Nota: existe una disminución del rendimiento asociada registro de errores del enlace de ensamblado.
Para desactivar esta característica, elimine el valor de Registro [HKLM\Software\Microsoft\Fusion!EnableLog].
</Message>
          <StackTrace>    en QueueTests.ArrayQueueTest.ConstructorCreatesNonFullQueueTest()
</StackTrace>
        </ErrorInfo>
      </Output>
    </UnitTestResult>
    <UnitTestResult executionId="7369fd96-2334-4f7d-b868-88c4f64450fb" testId="043f3c5a-7887-abdc-d249-173d4b7b8591" testName="CountTest" computerName="STOVE-MASTER" duration="00:00:00.0013836" startTime="2018-05-03T19:46:22.9816371-05:00" endTime="2018-05-03T19:46:22.9846464-05:00" testType="13cdc9d9-ddb5-4fa4-a97d-d965ccfc6d4b" outcome="Failed" testListId="8c84fa94-04c1-424b-9868-57a2d4851a1d" relativeResultsDirectory="7369fd96-2334-4f7d-b868-88c4f64450fb">
      <Output>
        <ErrorInfo>
          <Message>El método de prueba QueueTests.ArrayQueueTest.CountTest produjo la excepción: 
System.IO.FileNotFoundException: No se puede cargar el archivo o ensamblado 'Assignment1, Version=1.1.0.0, Culture=neutral, PublicKeyToken=null' ni una de sus dependencias. El sistema no puede encontrar el archivo especificado.AVS: El registro del enlace de ensamblado está desactivado.
Para habilitar el registro de errores del enlace de ensamblado, establezca el valor de Registro [HKLM\Software\Microsoft\Fusion!EnableLog] (DWORD) como 1.
Nota: existe una disminución del rendimiento asociada registro de errores del enlace de ensamblado.
Para desactivar esta característica, elimine el valor de Registro [HKLM\Software\Microsoft\Fusion!EnableLog].
</Message>
          <StackTrace>    en QueueTests.ArrayQueueTest.CountTest()
</StackTrace>
        </ErrorInfo>
      </Output>
    </UnitTestResult>
    <UnitTestResult executionId="e061300e-3022-45e9-9f48-020c472d09e3" testId="f013084a-d4ea-a9f8-357a-4047b1176ab2" testName="DataOrderPreservedTest" computerName="STOVE-MASTER" duration="00:00:00.0017257" startTime="2018-05-03T19:46:22.9896570-05:00" endTime="2018-05-03T19:46:22.9928884-05:00" testType="13cdc9d9-ddb5-4fa4-a97d-d965ccfc6d4b" outcome="Failed" testListId="8c84fa94-04c1-424b-9868-57a2d4851a1d" relativeResultsDirectory="e061300e-3022-45e9-9f48-020c472d09e3">
      <Output>
        <ErrorInfo>
          <Message>El método de prueba QueueTests.ArrayQueueTest.DataOrderPreservedTest produjo la excepción: 
System.IO.FileNotFoundException: No se puede cargar el archivo o ensamblado 'Assignment1, Version=1.1.0.0, Culture=neutral, PublicKeyToken=null' ni una de sus dependencias. El sistema no puede encontrar el archivo especificado.AVS: El registro del enlace de ensamblado está desactivado.
Para habilitar el registro de errores del enlace de ensamblado, establezca el valor de Registro [HKLM\Software\Microsoft\Fusion!EnableLog] (DWORD) como 1.
Nota: existe una disminución del rendimiento asociada registro de errores del enlace de ensamblado.
Para desactivar esta característica, elimine el valor de Registro [HKLM\Software\Microsoft\Fusion!EnableLog].
</Message>
          <StackTrace>    en QueueTests.ArrayQueueTest.DataOrderPreservedTest()
</StackTrace>
        </ErrorInfo>
      </Output>
    </UnitTestResult>
    <UnitTestResult executionId="8a1c92ae-189a-47c4-9df7-41e325ac0ecb" testId="282e02e9-49c3-e1d4-f2ea-59cee629a781" testName="DequeueOnEmptyQueueThrowsQueueEmptyExceptionTest" computerName="STOVE-MASTER" startTime="2018-05-03T19:46:22.9976925-05:00" endTime="2018-05-03T19:46:23.0006869-05:00" testType="13cdc9d9-ddb5-4fa4-a97d-d965ccfc6d4b" outcome="Failed" testListId="8c84fa94-04c1-424b-9868-57a2d4851a1d" relativeResultsDirectory="8a1c92ae-189a-47c4-9df7-41e325ac0ecb">
      <Output>
        <ErrorInfo>
          <Message>El atributo ExpectedException definido en el método de prueba QueueTests.ArrayQueueTest.DequeueOnEmptyQueueThrowsQueueEmptyExceptionTest inició una excepción durante la construcción.
System.IO.FileNotFoundException: No se puede cargar el archivo o ensamblado 'Assignment1, Version=1.1.0.0, Culture=neutral, PublicKeyToken=null' ni una de sus dependencias. El sistema no puede encontrar el archivo especificado.AVS: El registro del enlace de ensamblado está desactivado.
Para habilitar el registro de errores del enlace de ensamblado, establezca el valor de Registro [HKLM\Software\Microsoft\Fusion!EnableLog] (DWORD) como 1.
Nota: existe una disminución del rendimiento asociada registro de errores del enlace de ensamblado.
Para desactivar esta característica, elimine el valor de Registro [HKLM\Software\Microsoft\Fusion!EnableLog].
</Message>
        </ErrorInfo>
      </Output>
    </UnitTestResult>
    <UnitTestResult executionId="ffecde22-9b19-490b-9da2-58493c7c214c" testId="7c46bf1f-4cc7-0ba7-67e8-52f5cd3c9713" testName="EnqueueToFullQueueThrowsQueueFullExceptionTest" computerName="STOVE-MASTER" startTime="2018-05-03T19:46:23.0046976-05:00" endTime="2018-05-03T19:46:23.0067036-05:00" testType="13cdc9d9-ddb5-4fa4-a97d-d965ccfc6d4b" outcome="Failed" testListId="8c84fa94-04c1-424b-9868-57a2d4851a1d" relativeResultsDirectory="ffecde22-9b19-490b-9da2-58493c7c214c">
      <Output>
        <ErrorInfo>
          <Message>El atributo ExpectedException definido en el método de prueba QueueTests.ArrayQueueTest.EnqueueToFullQueueThrowsQueueFullExceptionTest inició una excepción durante la construcción.
System.IO.FileNotFoundException: No se puede cargar el archivo o ensamblado 'Assignment1, Version=1.1.0.0, Culture=neutral, PublicKeyToken=null' ni una de sus dependencias. El sistema no puede encontrar el archivo especificado.AVS: El registro del enlace de ensamblado está desactivado.
Para habilitar el registro de errores del enlace de ensamblado, establezca el valor de Registro [HKLM\Software\Microsoft\Fusion!EnableLog] (DWORD) como 1.
Nota: existe una disminución del rendimiento asociada registro de errores del enlace de ensamblado.
Para desactivar esta característica, elimine el valor de Registro [HKLM\Software\Microsoft\Fusion!EnableLog].
</Message>
        </ErrorInfo>
      </Output>
    </UnitTestResult>
    <UnitTestResult executionId="1939c60a-2e5a-4c03-aab9-4d0e95bca81b" testId="13d9bdf6-60d6-7932-e7f8-0dff2188658f" testName="ConstructorCreatesEmptyQueueTest" computerName="STOVE-MASTER" duration="00:00:00.0013773" startTime="2018-05-03T19:46:23.0107693-05:00" endTime="2018-05-03T19:46:23.0137221-05:00" testType="13cdc9d9-ddb5-4fa4-a97d-d965ccfc6d4b" outcome="Failed" testListId="8c84fa94-04c1-424b-9868-57a2d4851a1d" relativeResultsDirectory="1939c60a-2e5a-4c03-aab9-4d0e95bca81b">
      <Output>
        <ErrorInfo>
          <Message>El método de prueba QueueTests.DequeTest.ConstructorCreatesEmptyQueueTest produjo la excepción: 
System.IO.FileNotFoundException: No se puede cargar el archivo o ensamblado 'Assignment1, Version=1.1.0.0, Culture=neutral, PublicKeyToken=null' ni una de sus dependencias. El sistema no puede encontrar el archivo especificado.AVS: El registro del enlace de ensamblado está desactivado.
Para habilitar el registro de errores del enlace de ensamblado, establezca el valor de Registro [HKLM\Software\Microsoft\Fusion!EnableLog] (DWORD) como 1.
Nota: existe una disminución del rendimiento asociada registro de errores del enlace de ensamblado.
Para desactivar esta característica, elimine el valor de Registro [HKLM\Software\Microsoft\Fusion!EnableLog].
</Message>
          <StackTrace>    en QueueTests.DequeTest.ConstructorCreatesEmptyQueueTest()
</StackTrace>
        </ErrorInfo>
      </Output>
    </UnitTestResult>
    <UnitTestResult executionId="9e462998-b552-4ed2-8605-062e226bbcfb" testId="10d73257-6859-e940-a43d-85dc5f42184c" testName="CountTest" computerName="STOVE-MASTER" duration="00:00:00.0013974" startTime="2018-05-03T19:46:23.0167292-05:00" endTime="2018-05-03T19:46:23.0227462-05:00" testType="13cdc9d9-ddb5-4fa4-a97d-d965ccfc6d4b" outcome="Failed" testListId="8c84fa94-04c1-424b-9868-57a2d4851a1d" relativeResultsDirectory="9e462998-b552-4ed2-8605-062e226bbcfb">
      <Output>
        <ErrorInfo>
          <Message>El método de prueba QueueTests.DequeTest.CountTest produjo la excepción: 
System.IO.FileNotFoundException: No se puede cargar el archivo o ensamblado 'Assignment1, Version=1.1.0.0, Culture=neutral, PublicKeyToken=null' ni una de sus dependencias. El sistema no puede encontrar el archivo especificado.AVS: El registro del enlace de ensamblado está desactivado.
Para habilitar el registro de errores del enlace de ensamblado, establezca el valor de Registro [HKLM\Software\Microsoft\Fusion!EnableLog] (DWORD) como 1.
Nota: existe una disminución del rendimiento asociada registro de errores del enlace de ensamblado.
Para desactivar esta característica, elimine el valor de Registro [HKLM\Software\Microsoft\Fusion!EnableLog].
</Message>
          <StackTrace>    en QueueTests.DequeTest.CountTest()
</StackTrace>
        </ErrorInfo>
      </Output>
    </UnitTestResult>
    <UnitTestResult executionId="3f9ec68e-f5c7-4fc8-bfe9-bb52ecd8cdc2" testId="cbfdef17-e7f3-e7a4-92ed-bd0caaf2671c" testName="DataOrderPreservedTest" computerName="STOVE-MASTER" duration="00:00:00.0012112" startTime="2018-05-03T19:46:23.0257548-05:00" endTime="2018-05-03T19:46:23.0287626-05:00" testType="13cdc9d9-ddb5-4fa4-a97d-d965ccfc6d4b" outcome="Failed" testListId="8c84fa94-04c1-424b-9868-57a2d4851a1d" relativeResultsDirectory="3f9ec68e-f5c7-4fc8-bfe9-bb52ecd8cdc2">
      <Output>
        <ErrorInfo>
          <Message>El método de prueba QueueTests.DequeTest.DataOrderPreservedTest produjo la excepción: 
System.IO.FileNotFoundException: No se puede cargar el archivo o ensamblado 'Assignment1, Version=1.1.0.0, Culture=neutral, PublicKeyToken=null' ni una de sus dependencias. El sistema no puede encontrar el archivo especificado.AVS: El registro del enlace de ensamblado está desactivado.
Para habilitar el registro de errores del enlace de ensamblado, establezca el valor de Registro [HKLM\Software\Microsoft\Fusion!EnableLog] (DWORD) como 1.
Nota: existe una disminución del rendimiento asociada registro de errores del enlace de ensamblado.
Para desactivar esta característica, elimine el valor de Registro [HKLM\Software\Microsoft\Fusion!EnableLog].
</Message>
          <StackTrace>    en QueueTests.DequeTest.DataOrderPreservedTest()
</StackTrace>
        </ErrorInfo>
      </Output>
    </UnitTestResult>
    <UnitTestResult executionId="be94b7a9-96aa-43fd-8efb-43fb87011240" testId="066e5acd-d732-0380-d030-80aabd1a46ae" testName="DataOrderPreservedWrittenEndwardTest" computerName="STOVE-MASTER" duration="00:00:00.0012292" startTime="2018-05-03T19:46:23.0327729-05:00" endTime="2018-05-03T19:46:23.0347786-05:00" testType="13cdc9d9-ddb5-4fa4-a97d-d965ccfc6d4b" outcome="Failed" testListId="8c84fa94-04c1-424b-9868-57a2d4851a1d" relativeResultsDirectory="be94b7a9-96aa-43fd-8efb-43fb87011240">
      <Output>
        <ErrorInfo>
          <Message>El método de prueba QueueTests.DequeTest.DataOrderPreservedWrittenEndwardTest produjo la excepción: 
System.IO.FileNotFoundException: No se puede cargar el archivo o ensamblado 'Assignment1, Version=1.1.0.0, Culture=neutral, PublicKeyToken=null' ni una de sus dependencias. El sistema no puede encontrar el archivo especificado.AVS: El registro del enlace de ensamblado está desactivado.
Para habilitar el registro de errores del enlace de ensamblado, establezca el valor de Registro [HKLM\Software\Microsoft\Fusion!EnableLog] (DWORD) como 1.
Nota: existe una disminución del rendimiento asociada registro de errores del enlace de ensamblado.
Para desactivar esta característica, elimine el valor de Registro [HKLM\Software\Microsoft\Fusion!EnableLog].
</Message>
          <StackTrace>    en QueueTests.DequeTest.DataOrderPreservedWrittenEndwardTest()
</StackTrace>
        </ErrorInfo>
      </Output>
    </UnitTestResult>
    <UnitTestResult executionId="9c819c8d-282e-4309-92d9-35207094375e" testId="49e4a240-89e9-7d60-9a13-7ab7ec646d86" testName="NonEmptyQueueReadsNotEmptyTest" computerName="STOVE-MASTER" duration="00:00:00.0012144" startTime="2018-05-03T19:46:23.0388697-05:00" endTime="2018-05-03T19:46:23.0407946-05:00" testType="13cdc9d9-ddb5-4fa4-a97d-d965ccfc6d4b" outcome="Failed" testListId="8c84fa94-04c1-424b-9868-57a2d4851a1d" relativeResultsDirectory="9c819c8d-282e-4309-92d9-35207094375e">
      <Output>
        <ErrorInfo>
          <Message>El método de prueba QueueTests.DequeTest.NonEmptyQueueReadsNotEmptyTest produjo la excepción: 
System.IO.FileNotFoundException: No se puede cargar el archivo o ensamblado 'Assignment1, Version=1.1.0.0, Culture=neutral, PublicKeyToken=null' ni una de sus dependencias. El sistema no puede encontrar el archivo especificado.AVS: El registro del enlace de ensamblado está desactivado.
Para habilitar el registro de errores del enlace de ensamblado, establezca el valor de Registro [HKLM\Software\Microsoft\Fusion!EnableLog] (DWORD) como 1.
Nota: existe una disminución del rendimiento asociada registro de errores del enlace de ensamblado.
Para desactivar esta característica, elimine el valor de Registro [HKLM\Software\Microsoft\Fusion!EnableLog].
</Message>
          <StackTrace>    en QueueTests.DequeTest.NonEmptyQueueReadsNotEmptyTest()
</StackTrace>
        </ErrorInfo>
      </Output>
    </UnitTestResult>
    <UnitTestResult executionId="69baf72c-965a-4cbb-8100-0df5d0d6b15f" testId="a8009935-515f-8ff9-6f0b-05a4894bf174" testName="NonEmptyQueueWrittenFromFrontReadsNotEmptyTest" computerName="STOVE-MASTER" duration="00:00:00.0012292" startTime="2018-05-03T19:46:23.0448035-05:00" endTime="2018-05-03T19:46:23.0468106-05:00" testType="13cdc9d9-ddb5-4fa4-a97d-d965ccfc6d4b" outcome="Failed" testListId="8c84fa94-04c1-424b-9868-57a2d4851a1d" relativeResultsDirectory="69baf72c-965a-4cbb-8100-0df5d0d6b15f">
      <Output>
        <ErrorInfo>
          <Message>El método de prueba QueueTests.DequeTest.NonEmptyQueueWrittenFromFrontReadsNotEmptyTest produjo la excepción: 
System.IO.FileNotFoundException: No se puede cargar el archivo o ensamblado 'Assignment1, Version=1.1.0.0, Culture=neutral, PublicKeyToken=null' ni una de sus dependencias. El sistema no puede encontrar el archivo especificado.AVS: El registro del enlace de ensamblado está desactivado.
Para habilitar el registro de errores del enlace de ensamblado, establezca el valor de Registro [HKLM\Software\Microsoft\Fusion!EnableLog] (DWORD) como 1.
Nota: existe una disminución del rendimiento asociada registro de errores del enlace de ensamblado.
Para desactivar esta característica, elimine el valor de Registro [HKLM\Software\Microsoft\Fusion!EnableLog].
</Message>
          <StackTrace>    en QueueTests.DequeTest.NonEmptyQueueWrittenFromFrontReadsNotEmptyTest()
</StackTrace>
        </ErrorInfo>
      </Output>
    </UnitTestResult>
    <UnitTestResult executionId="1f3465d2-acb1-4c6d-b06f-e85de254e32b" testId="7d7af601-d5b8-8473-4e8c-1728efc4ea22" testName="RemoveEndOnEmptyQueueThrowsQueueEmptyExceptionTest" computerName="STOVE-MASTER" startTime="2018-05-03T19:46:23.0508209-05:00" endTime="2018-05-03T19:46:23.0528262-05:00" testType="13cdc9d9-ddb5-4fa4-a97d-d965ccfc6d4b" outcome="Failed" testListId="8c84fa94-04c1-424b-9868-57a2d4851a1d" relativeResultsDirectory="1f3465d2-acb1-4c6d-b06f-e85de254e32b">
      <Output>
        <ErrorInfo>
          <Message>El atributo ExpectedException definido en el método de prueba QueueTests.DequeTest.RemoveEndOnEmptyQueueThrowsQueueEmptyExceptionTest inició una excepción durante la construcción.
System.IO.FileNotFoundException: No se puede cargar el archivo o ensamblado 'Assignment1, Version=1.1.0.0, Culture=neutral, PublicKeyToken=null' ni una de sus dependencias. El sistema no puede encontrar el archivo especificado.AVS: El registro del enlace de ensamblado está desactivado.
Para habilitar el registro de errores del enlace de ensamblado, establezca el valor de Registro [HKLM\Software\Microsoft\Fusion!EnableLog] (DWORD) como 1.
Nota: existe una disminución del rendimiento asociada registro de errores del enlace de ensamblado.
Para desactivar esta característica, elimine el valor de Registro [HKLM\Software\Microsoft\Fusion!EnableLog].
</Message>
        </ErrorInfo>
      </Output>
    </UnitTestResult>
    <UnitTestResult executionId="87c680a3-b551-4061-ae0e-5130030d7c1f" testId="03a1b3a6-dd92-af83-792a-b3caa1cfc64e" testName="RemoveFrontOnEmptyQueueThrowsQueueEmptyExceptionTest" computerName="STOVE-MASTER" startTime="2018-05-03T19:46:23.0569321-05:00" endTime="2018-05-03T19:46:23.0588412-05:00" testType="13cdc9d9-ddb5-4fa4-a97d-d965ccfc6d4b" outcome="Failed" testListId="8c84fa94-04c1-424b-9868-57a2d4851a1d" relativeResultsDirectory="87c680a3-b551-4061-ae0e-5130030d7c1f">
      <Output>
        <ErrorInfo>
          <Message>El atributo ExpectedException definido en el método de prueba QueueTests.DequeTest.RemoveFrontOnEmptyQueueThrowsQueueEmptyExceptionTest inició una excepción durante la construcción.
System.IO.FileNotFoundException: No se puede cargar el archivo o ensamblado 'Assignment1, Version=1.1.0.0, Culture=neutral, PublicKeyToken=null' ni una de sus dependencias. El sistema no puede encontrar el archivo especificado.AVS: El registro del enlace de ensamblado está desactivado.
Para habilitar el registro de errores del enlace de ensamblado, establezca el valor de Registro [HKLM\Software\Microsoft\Fusion!EnableLog] (DWORD) como 1.
Nota: existe una disminución del rendimiento asociada registro de errores del enlace de ensamblado.
Para desactivar esta característica, elimine el valor de Registro [HKLM\Software\Microsoft\Fusion!EnableLog].
</Message>
        </ErrorInfo>
      </Output>
    </UnitTestResult>
    <UnitTestResult executionId="785c86d6-e245-49e5-9ee6-3c0a2e380e27" testId="fd6c20eb-525d-6a10-f7aa-e03ceedfe16f" testName="ConstructorCreatesEmptyQueueTest" computerName="STOVE-MASTER" duration="00:00:00.0013053" startTime="2018-05-03T19:46:23.0628525-05:00" endTime="2018-05-03T19:46:23.0648582-05:00" testType="13cdc9d9-ddb5-4fa4-a97d-d965ccfc6d4b" outcome="Failed" testListId="8c84fa94-04c1-424b-9868-57a2d4851a1d" relativeResultsDirectory="785c86d6-e245-49e5-9ee6-3c0a2e380e27">
      <Output>
        <ErrorInfo>
          <Message>El método de prueba QueueTests.LinkedListQueueTest.ConstructorCreatesEmptyQueueTest produjo la excepción: 
System.IO.FileNotFoundException: No se puede cargar el archivo o ensamblado 'Assignment1, Version=1.1.0.0, Culture=neutral, PublicKeyToken=null' ni una de sus dependencias. El sistema no puede encontrar el archivo especificado.AVS: El registro del enlace de ensamblado está desactivado.
Para habilitar el registro de errores del enlace de ensamblado, establezca el valor de Registro [HKLM\Software\Microsoft\Fusion!EnableLog] (DWORD) como 1.
Nota: existe una disminución del rendimiento asociada registro de errores del enlace de ensamblado.
Para desactivar esta característica, elimine el valor de Registro [HKLM\Software\Microsoft\Fusion!EnableLog].
</Message>
          <StackTrace>    en QueueTests.LinkedListQueueTest.ConstructorCreatesEmptyQueueTest()
</StackTrace>
        </ErrorInfo>
      </Output>
    </UnitTestResult>
    <UnitTestResult executionId="7547701c-bb04-46ca-be90-f2e56e005f16" testId="3d821c1f-4535-cc22-0441-2178d0438ec5" testName="ConstructorCreatesNonFullQueueTest" computerName="STOVE-MASTER" duration="00:00:00.0012472" startTime="2018-05-03T19:46:23.0688678-05:00" endTime="2018-05-03T19:46:23.0709052-05:00" testType="13cdc9d9-ddb5-4fa4-a97d-d965ccfc6d4b" outcome="Failed" testListId="8c84fa94-04c1-424b-9868-57a2d4851a1d" relativeResultsDirectory="7547701c-bb04-46ca-be90-f2e56e005f16">
      <Output>
        <ErrorInfo>
          <Message>El método de prueba QueueTests.LinkedListQueueTest.ConstructorCreatesNonFullQueueTest produjo la excepción: 
System.IO.FileNotFoundException: No se puede cargar el archivo o ensamblado 'Assignment1, Version=1.1.0.0, Culture=neutral, PublicKeyToken=null' ni una de sus dependencias. El sistema no puede encontrar el archivo especificado.AVS: El registro del enlace de ensamblado está desactivado.
Para habilitar el registro de errores del enlace de ensamblado, establezca el valor de Registro [HKLM\Software\Microsoft\Fusion!EnableLog] (DWORD) como 1.
Nota: existe una disminución del rendimiento asociada registro de errores del enlace de ensamblado.
Para desactivar esta característica, elimine el valor de Registro [HKLM\Software\Microsoft\Fusion!EnableLog].
</Message>
          <StackTrace>    en QueueTests.LinkedListQueueTest.ConstructorCreatesNonFullQueueTest()
</StackTrace>
        </ErrorInfo>
      </Output>
    </UnitTestResult>
    <UnitTestResult executionId="4dd9f737-90bd-400d-88be-231845f93b4c" testId="97365ef3-436d-9c9d-7432-5e36bdfa5b17" testName="CountTest" computerName="STOVE-MASTER" duration="00:00:00.0012186" startTime="2018-05-03T19:46:23.0748838-05:00" endTime="2018-05-03T19:46:23.0778927-05:00" testType="13cdc9d9-ddb5-4fa4-a97d-d965ccfc6d4b" outcome="Failed" testListId="8c84fa94-04c1-424b-9868-57a2d4851a1d" relativeResultsDirectory="4dd9f737-90bd-400d-88be-231845f93b4c">
      <Output>
        <ErrorInfo>
          <Message>El método de prueba QueueTests.LinkedListQueueTest.CountTest produjo la excepción: 
System.IO.FileNotFoundException: No se puede cargar el archivo o ensamblado 'Assignment1, Version=1.1.0.0, Culture=neutral, PublicKeyToken=null' ni una de sus dependencias. El sistema no puede encontrar el archivo especificado.AVS: El registro del enlace de ensamblado está desactivado.
Para habilitar el registro de errores del enlace de ensamblado, establezca el valor de Registro [HKLM\Software\Microsoft\Fusion!EnableLog] (DWORD) como 1.
Nota: existe una disminución del rendimiento asociada registro de errores del enlace de ensamblado.
Para desactivar esta característica, elimine el valor de Registro [HKLM\Software\Microsoft\Fusion!EnableLog].
</Message>
          <StackTrace>    en QueueTests.LinkedListQueueTest.CountTest()
</StackTrace>
        </ErrorInfo>
      </Output>
    </UnitTestResult>
    <UnitTestResult executionId="9efcd0cb-699f-456e-8104-816e5da9fa07" testId="373800ba-b828-3141-13f3-14ad92fca915" testName="DataOrderPreservedTest" computerName="STOVE-MASTER" duration="00:00:00.0012331" startTime="2018-05-03T19:46:23.0809012-05:00" endTime="2018-05-03T19:46:23.0839097-05:00" testType="13cdc9d9-ddb5-4fa4-a97d-d965ccfc6d4b" outcome="Failed" testListId="8c84fa94-04c1-424b-9868-57a2d4851a1d" relativeResultsDirectory="9efcd0cb-699f-456e-8104-816e5da9fa07">
      <Output>
        <ErrorInfo>
          <Message>El método de prueba QueueTests.LinkedListQueueTest.DataOrderPreservedTest produjo la excepción: 
System.IO.FileNotFoundException: No se puede cargar el archivo o ensamblado 'Assignment1, Version=1.1.0.0, Culture=neutral, PublicKeyToken=null' ni una de sus dependencias. El sistema no puede encontrar el archivo especificado.AVS: El registro del enlace de ensamblado está desactivado.
Para habilitar el registro de errores del enlace de ensamblado, establezca el valor de Registro [HKLM\Software\Microsoft\Fusion!EnableLog] (DWORD) como 1.
Nota: existe una disminución del rendimiento asociada registro de errores del enlace de ensamblado.
Para desactivar esta característica, elimine el valor de Registro [HKLM\Software\Microsoft\Fusion!EnableLog].
</Message>
          <StackTrace>    en QueueTests.LinkedListQueueTest.DataOrderPreservedTest()
</StackTrace>
        </ErrorInfo>
      </Output>
    </UnitTestResult>
    <UnitTestResult executionId="9fbc83f3-e478-40fe-9252-333f38bba685" testId="72df603b-478e-691e-c9b9-cdc0bacfe212" testName="DequeueOnEmptyQueueThrowsQueueEmptyExceptionTest" computerName="STOVE-MASTER" startTime="2018-05-03T19:46:23.0879186-05:00" endTime="2018-05-03T19:46:23.0899250-05:00" testType="13cdc9d9-ddb5-4fa4-a97d-d965ccfc6d4b" outcome="Failed" testListId="8c84fa94-04c1-424b-9868-57a2d4851a1d" relativeResultsDirectory="9fbc83f3-e478-40fe-9252-333f38bba685">
      <Output>
        <ErrorInfo>
          <Message>El atributo ExpectedException definido en el método de prueba QueueTests.LinkedListQueueTest.DequeueOnEmptyQueueThrowsQueueEmptyExceptionTest inició una excepción durante la construcción.
System.IO.FileNotFoundException: No se puede cargar el archivo o ensamblado 'Assignment1, Version=1.1.0.0, Culture=neutral, PublicKeyToken=null' ni una de sus dependencias. El sistema no puede encontrar el archivo especificado.AVS: El registro del enlace de ensamblado está desactivado.
Para habilitar el registro de errores del enlace de ensamblado, establezca el valor de Registro [HKLM\Software\Microsoft\Fusion!EnableLog] (DWORD) como 1.
Nota: existe una disminución del rendimiento asociada registro de errores del enlace de ensamblado.
Para desactivar esta característica, elimine el valor de Registro [HKLM\Software\Microsoft\Fusion!EnableLog].
</Message>
        </ErrorInfo>
      </Output>
    </UnitTestResult>
    <UnitTestResult executionId="39b797b0-2db8-4399-b8aa-00a51851b95d" testId="091f89d3-0ed1-30d7-5c4b-fdd3fa0faa90" testName="NonEmptyQueueReadsNotEmptyTest" computerName="STOVE-MASTER" duration="00:00:00.0012701" startTime="2018-05-03T19:46:23.0929329-05:00" endTime="2018-05-03T19:46:23.0959407-05:00" testType="13cdc9d9-ddb5-4fa4-a97d-d965ccfc6d4b" outcome="Failed" testListId="8c84fa94-04c1-424b-9868-57a2d4851a1d" relativeResultsDirectory="39b797b0-2db8-4399-b8aa-00a51851b95d">
      <Output>
        <ErrorInfo>
          <Message>El método de prueba QueueTests.LinkedListQueueTest.NonEmptyQueueReadsNotEmptyTest produjo la excepción: 
System.IO.FileNotFoundException: No se puede cargar el archivo o ensamblado 'Assignment1, Version=1.1.0.0, Culture=neutral, PublicKeyToken=null' ni una de sus dependencias. El sistema no puede encontrar el archivo especificado.AVS: El registro del enlace de ensamblado está desactivado.
Para habilitar el registro de errores del enlace de ensamblado, establezca el valor de Registro [HKLM\Software\Microsoft\Fusion!EnableLog] (DWORD) como 1.
Nota: existe una disminución del rendimiento asociada registro de errores del enlace de ensamblado.
Para desactivar esta característica, elimine el valor de Registro [HKLM\Software\Microsoft\Fusion!EnableLog].
</Message>
          <StackTrace>    en QueueTests.LinkedListQueueTest.NonEmptyQueueReadsNotEmptyTest()
</StackTrace>
        </ErrorInfo>
      </Output>
    </UnitTestResult>
  </Results>
</TestRun>