<?xml version="1.0" encoding="UTF-8"?>
<TestRun id="bdd433a5-631a-4bd5-92d7-48dbf1d31da4" name="Ethan@STOVE-MASTER 2018-05-03 22:27:48" runUser="STOVE-MASTER\Ethan" xmlns="http://microsoft.com/schemas/VisualStudio/TeamTest/2010">
  <TestSettings name="Configuración de pruebas predeterminada" id="a45ad6ca-05ff-4ff8-a12a-33445dad37c7">
    <Execution>
      <TestTypeSpecific />
      <AgentRule name="Execution Agents">
      </AgentRule>
    </Execution>
    <Deployment runDeploymentRoot="Ethan_STOVE-MASTER 2018-05-03 22_27_48" />
    <Properties />
  </TestSettings>
  <Times creation="2018-05-03T22:27:48.1808888-05:00" queuing="2018-05-03T22:27:48.4934695-05:00" start="2018-05-03T22:27:48.5636547-05:00" finish="2018-05-03T22:27:50.7705120-05:00" />
  <ResultSummary outcome="Completed">
    <Counters total="20" executed="20" passed="20" error="0" failed="0" timeout="0" aborted="0" inconclusive="0" passedButRunAborted="0" notRunnable="0" notExecuted="0" disconnected="0" warning="0" completed="0" inProgress="0" pending="0" />
  </ResultSummary>
  <TestDefinitions>
    <UnitTest name="NonEmptyQueueReadsNotEmptyTest" storage="queuetests.dll" id="091f89d3-0ed1-30d7-5c4b-fdd3fa0faa90">
      <Execution id="ecff645c-8250-42b9-9f2d-7f8c393d6d54" />
      <TestMethod codeBase="C:/Users/Ethan/Projects/214/autovonbismarck/sandbox/QueueTests.dll" adapterTypeName="Microsoft.VisualStudio.TestTools.TestTypes.Unit.UnitTestAdapter, Microsoft.VisualStudio.QualityTools.Tips.UnitTest.Adapter, Version=15.0.0.0, Culture=neutral, PublicKeyToken=b03f5f7f11d50a3a" className="QueueTests.LinkedListQueueTest, QueueTests, Version=1.1.0.0, Culture=neutral, PublicKeyToken=null" name="NonEmptyQueueReadsNotEmptyTest" />
    </UnitTest>
    <UnitTest name="ConstructorCreatesEmptyQueueTest" storage="queuetests.dll" id="1cb0a1e2-2261-0d1a-ef0f-bcef8b0ea15f">
      <Execution id="7a89204c-97c8-49fd-9f3b-a7d3e6a3c5f9" />
      <TestMethod codeBase="C:/Users/Ethan/Projects/214/autovonbismarck/sandbox/QueueTests.dll" adapterTypeName="Microsoft.VisualStudio.TestTools.TestTypes.Unit.UnitTestAdapter, Microsoft.VisualStudio.QualityTools.Tips.UnitTest.Adapter, Version=15.0.0.0, Culture=neutral, PublicKeyToken=b03f5f7f11d50a3a" className="QueueTests.ArrayQueueTest, QueueTests, Version=1.1.0.0, Culture=neutral, PublicKeyToken=null" name="ConstructorCreatesEmptyQueueTest" />
    </UnitTest>
    <UnitTest name="EnqueueToFullQueueThrowsQueueFullExceptionTest" storage="queuetests.dll" id="7c46bf1f-4cc7-0ba7-67e8-52f5cd3c9713">
      <Execution id="8eb88a2c-fa0c-4f27-bf8e-cde0b92b1966" />
      <TestMethod codeBase="C:/Users/Ethan/Projects/214/autovonbismarck/sandbox/QueueTests.dll" adapterTypeName="Microsoft.VisualStudio.TestTools.TestTypes.Unit.UnitTestAdapter, Microsoft.VisualStudio.QualityTools.Tips.UnitTest.Adapter, Version=15.0.0.0, Culture=neutral, PublicKeyToken=b03f5f7f11d50a3a" className="QueueTests.ArrayQueueTest, QueueTests, Version=1.1.0.0, Culture=neutral, PublicKeyToken=null" name="EnqueueToFullQueueThrowsQueueFullExceptionTest" />
    </UnitTest>
    <UnitTest name="ConstructorCreatesEmptyQueueTest" storage="queuetests.dll" id="13d9bdf6-60d6-7932-e7f8-0dff2188658f">
      <Execution id="3563c0fc-d18e-4d05-9cd0-501648b1c9de" />
      <TestMethod codeBase="C:/Users/Ethan/Projects/214/autovonbismarck/sandbox/QueueTests.dll" adapterTypeName="Microsoft.VisualStudio.TestTools.TestTypes.Unit.UnitTestAdapter, Microsoft.VisualStudio.QualityTools.Tips.UnitTest.Adapter, Version=15.0.0.0, Culture=neutral, PublicKeyToken=b03f5f7f11d50a3a" className="QueueTests.DequeTest, QueueTests, Version=1.1.0.0, Culture=neutral, PublicKeyToken=null" name="ConstructorCreatesEmptyQueueTest" />
    </UnitTest>
    <UnitTest name="NonEmptyQueueWrittenFromFrontReadsNotEmptyTest" storage="queuetests.dll" id="a8009935-515f-8ff9-6f0b-05a4894bf174">
      <Execution id="a2faefb5-4786-4109-87ba-51b81d919fb0" />
      <TestMethod codeBase="C:/Users/Ethan/Projects/214/autovonbismarck/sandbox/QueueTests.dll" adapterTypeName="Microsoft.VisualStudio.TestTools.TestTypes.Unit.UnitTestAdapter, Microsoft.VisualStudio.QualityTools.Tips.UnitTest.Adapter, Version=15.0.0.0, Culture=neutral, PublicKeyToken=b03f5f7f11d50a3a" className="QueueTests.DequeTest, QueueTests, Version=1.1.0.0, Culture=neutral, PublicKeyToken=null" name="NonEmptyQueueWrittenFromFrontReadsNotEmptyTest" />
    </UnitTest>
    <UnitTest name="DataOrderPreservedTest" storage="queuetests.dll" id="373800ba-b828-3141-13f3-14ad92fca915">
      <Execution id="af43d0bf-d92a-4b74-a628-540cb830ab22" />
      <TestMethod codeBase="C:/Users/Ethan/Projects/214/autovonbismarck/sandbox/QueueTests.dll" adapterTypeName="Microsoft.VisualStudio.TestTools.TestTypes.Unit.UnitTestAdapter, Microsoft.VisualStudio.QualityTools.Tips.UnitTest.Adapter, Version=15.0.0.0, Culture=neutral, PublicKeyToken=b03f5f7f11d50a3a" className="QueueTests.LinkedListQueueTest, QueueTests, Version=1.1.0.0, Culture=neutral, PublicKeyToken=null" name="DataOrderPreservedTest" />
    </UnitTest>
    <UnitTest name="DataOrderPreservedTest" storage="queuetests.dll" id="f013084a-d4ea-a9f8-357a-4047b1176ab2">
      <Execution id="e9e70337-7ce4-4a8e-975b-f1b5ecb635fe" />
      <TestMethod codeBase="C:/Users/Ethan/Projects/214/autovonbismarck/sandbox/QueueTests.dll" adapterTypeName="Microsoft.VisualStudio.TestTools.TestTypes.Unit.UnitTestAdapter, Microsoft.VisualStudio.QualityTools.Tips.UnitTest.Adapter, Version=15.0.0.0, Culture=neutral, PublicKeyToken=b03f5f7f11d50a3a" className="QueueTests.ArrayQueueTest, QueueTests, Version=1.1.0.0, Culture=neutral, PublicKeyToken=null" name="DataOrderPreservedTest" />
    </UnitTest>
    <UnitTest name="RemoveFrontOnEmptyQueueThrowsQueueEmptyExceptionTest" storage="queuetests.dll" id="03a1b3a6-dd92-af83-792a-b3caa1cfc64e">
      <Execution id="df7821d0-668c-4171-91cd-9665eb40c879" />
      <TestMethod codeBase="C:/Users/Ethan/Projects/214/autovonbismarck/sandbox/QueueTests.dll" adapterTypeName="Microsoft.VisualStudio.TestTools.TestTypes.Unit.UnitTestAdapter, Microsoft.VisualStudio.QualityTools.Tips.UnitTest.Adapter, Version=15.0.0.0, Culture=neutral, PublicKeyToken=b03f5f7f11d50a3a" className="QueueTests.DequeTest, QueueTests, Version=1.1.0.0, Culture=neutral, PublicKeyToken=null" name="RemoveFrontOnEmptyQueueThrowsQueueEmptyExceptionTest" />
    </UnitTest>
    <UnitTest name="DequeueOnEmptyQueueThrowsQueueEmptyExceptionTest" storage="queuetests.dll" id="282e02e9-49c3-e1d4-f2ea-59cee629a781">
      <Execution id="3aed5798-ad1a-4201-9f94-9d43f9f51dbe" />
      <TestMethod codeBase="C:/Users/Ethan/Projects/214/autovonbismarck/sandbox/QueueTests.dll" adapterTypeName="Microsoft.VisualStudio.TestTools.TestTypes.Unit.UnitTestAdapter, Microsoft.VisualStudio.QualityTools.Tips.UnitTest.Adapter, Version=15.0.0.0, Culture=neutral, PublicKeyToken=b03f5f7f11d50a3a" className="QueueTests.ArrayQueueTest, QueueTests, Version=1.1.0.0, Culture=neutral, PublicKeyToken=null" name="DequeueOnEmptyQueueThrowsQueueEmptyExceptionTest" />
    </UnitTest>
    <UnitTest name="ConstructorCreatesNonFullQueueTest" storage="queuetests.dll" id="3d821c1f-4535-cc22-0441-2178d0438ec5">
      <Execution id="74a5109b-5866-439d-a9f5-3ce2292f633c" />
      <TestMethod codeBase="C:/Users/Ethan/Projects/214/autovonbismarck/sandbox/QueueTests.dll" adapterTypeName="Microsoft.VisualStudio.TestTools.TestTypes.Unit.UnitTestAdapter, Microsoft.VisualStudio.QualityTools.Tips.UnitTest.Adapter, Version=15.0.0.0, Culture=neutral, PublicKeyToken=b03f5f7f11d50a3a" className="QueueTests.LinkedListQueueTest, QueueTests, Version=1.1.0.0, Culture=neutral, PublicKeyToken=null" name="ConstructorCreatesNonFullQueueTest" />
    </UnitTest>
    <UnitTest name="CountTest" storage="queuetests.dll" id="97365ef3-436d-9c9d-7432-5e36bdfa5b17">
      <Execution id="d1ec13f4-d13b-439d-bcf0-f4147e60704a" />
      <TestMethod codeBase="C:/Users/Ethan/Projects/214/autovonbismarck/sandbox/QueueTests.dll" adapterTypeName="Microsoft.VisualStudio.TestTools.TestTypes.Unit.UnitTestAdapter, Microsoft.VisualStudio.QualityTools.Tips.UnitTest.Adapter, Version=15.0.0.0, Culture=neutral, PublicKeyToken=b03f5f7f11d50a3a" className="QueueTests.LinkedListQueueTest, QueueTests, Version=1.1.0.0, Culture=neutral, PublicKeyToken=null" name="CountTest" />
    </UnitTest>
    <UnitTest name="ConstructorCreatesEmptyQueueTest" storage="queuetests.dll" id="fd6c20eb-525d-6a10-f7aa-e03ceedfe16f">
      <Execution id="13bd9c9f-6a1d-43c0-b2c1-5f5643630766" />
      <TestMethod codeBase="C:/Users/Ethan/Projects/214/autovonbismarck/sandbox/QueueTests.dll" adapterTypeName="Microsoft.VisualStudio.TestTools.TestTypes.Unit.UnitTestAdapter, Microsoft.VisualStudio.QualityTools.Tips.UnitTest.Adapter, Version=15.0.0.0, Culture=neutral, PublicKeyToken=b03f5f7f11d50a3a" className="QueueTests.LinkedListQueueTest, QueueTests, Version=1.1.0.0, Culture=neutral, PublicKeyToken=null" name="ConstructorCreatesEmptyQueueTest" />
    </UnitTest>
    <UnitTest name="NonEmptyQueueReadsNotEmptyTest" storage="queuetests.dll" id="49e4a240-89e9-7d60-9a13-7ab7ec646d86">
      <Execution id="460bd80e-2e29-4530-8a61-4585edb257ac" />
      <TestMethod codeBase="C:/Users/Ethan/Projects/214/autovonbismarck/sandbox/QueueTests.dll" adapterTypeName="Microsoft.VisualStudio.TestTools.TestTypes.Unit.UnitTestAdapter, Microsoft.VisualStudio.QualityTools.Tips.UnitTest.Adapter, Version=15.0.0.0, Culture=neutral, PublicKeyToken=b03f5f7f11d50a3a" className="QueueTests.DequeTest, QueueTests, Version=1.1.0.0, Culture=neutral, PublicKeyToken=null" name="NonEmptyQueueReadsNotEmptyTest" />
    </UnitTest>
    <UnitTest name="DataOrderPreservedWrittenEndwardTest" storage="queuetests.dll" id="066e5acd-d732-0380-d030-80aabd1a46ae">
      <Execution id="2e8fff50-d5b2-4dbe-b5cd-1bf023f2f0f1" />
      <TestMethod codeBase="C:/Users/Ethan/Projects/214/autovonbismarck/sandbox/QueueTests.dll" adapterTypeName="Microsoft.VisualStudio.TestTools.TestTypes.Unit.UnitTestAdapter, Microsoft.VisualStudio.QualityTools.Tips.UnitTest.Adapter, Version=15.0.0.0, Culture=neutral, PublicKeyToken=b03f5f7f11d50a3a" className="QueueTests.DequeTest, QueueTests, Version=1.1.0.0, Culture=neutral, PublicKeyToken=null" name="DataOrderPreservedWrittenEndwardTest" />
    </UnitTest>
    <UnitTest name="DequeueOnEmptyQueueThrowsQueueEmptyExceptionTest" storage="queuetests.dll" id="72df603b-478e-691e-c9b9-cdc0bacfe212">
      <Execution id="58836849-5a4e-465e-a8d9-a620049d02da" />
      <TestMethod codeBase="C:/Users/Ethan/Projects/214/autovonbismarck/sandbox/QueueTests.dll" adapterTypeName="Microsoft.VisualStudio.TestTools.TestTypes.Unit.UnitTestAdapter, Microsoft.VisualStudio.QualityTools.Tips.UnitTest.Adapter, Version=15.0.0.0, Culture=neutral, PublicKeyToken=b03f5f7f11d50a3a" className="QueueTests.LinkedListQueueTest, QueueTests, Version=1.1.0.0, Culture=neutral, PublicKeyToken=null" name="DequeueOnEmptyQueueThrowsQueueEmptyExceptionTest" />
    </UnitTest>
    <UnitTest name="RemoveEndOnEmptyQueueThrowsQueueEmptyExceptionTest" storage="queuetests.dll" id="7d7af601-d5b8-8473-4e8c-1728efc4ea22">
      <Execution id="0f85e512-b524-4532-8d71-c16d08f08927" />
      <TestMethod codeBase="C:/Users/Ethan/Projects/214/autovonbismarck/sandbox/QueueTests.dll" adapterTypeName="Microsoft.VisualStudio.TestTools.TestTypes.Unit.UnitTestAdapter, Microsoft.VisualStudio.QualityTools.Tips.UnitTest.Adapter, Version=15.0.0.0, Culture=neutral, PublicKeyToken=b03f5f7f11d50a3a" className="QueueTests.DequeTest, QueueTests, Version=1.1.0.0, Culture=neutral, PublicKeyToken=null" name="RemoveEndOnEmptyQueueThrowsQueueEmptyExceptionTest" />
    </UnitTest>
    <UnitTest name="DataOrderPreservedTest" storage="queuetests.dll" id="cbfdef17-e7f3-e7a4-92ed-bd0caaf2671c">
      <Execution id="37aaeb19-160f-41f4-b43d-528d816f725d" />
      <TestMethod codeBase="C:/Users/Ethan/Projects/214/autovonbismarck/sandbox/QueueTests.dll" adapterTypeName="Microsoft.VisualStudio.TestTools.TestTypes.Unit.UnitTestAdapter, Microsoft.VisualStudio.QualityTools.Tips.UnitTest.Adapter, Version=15.0.0.0, Culture=neutral, PublicKeyToken=b03f5f7f11d50a3a" className="QueueTests.DequeTest, QueueTests, Version=1.1.0.0, Culture=neutral, PublicKeyToken=null" name="DataOrderPreservedTest" />
    </UnitTest>
    <UnitTest name="CountTest" storage="queuetests.dll" id="043f3c5a-7887-abdc-d249-173d4b7b8591">
      <Execution id="ff31041a-fb93-4cb3-9e31-9ffb587c3b3f" />
      <TestMethod codeBase="C:/Users/Ethan/Projects/214/autovonbismarck/sandbox/QueueTests.dll" adapterTypeName="Microsoft.VisualStudio.TestTools.TestTypes.Unit.UnitTestAdapter, Microsoft.VisualStudio.QualityTools.Tips.UnitTest.Adapter, Version=15.0.0.0, Culture=neutral, PublicKeyToken=b03f5f7f11d50a3a" className="QueueTests.ArrayQueueTest, QueueTests, Version=1.1.0.0, Culture=neutral, PublicKeyToken=null" name="CountTest" />
    </UnitTest>
    <UnitTest name="CountTest" storage="queuetests.dll" id="10d73257-6859-e940-a43d-85dc5f42184c">
      <Execution id="c5db21d6-b3c3-4db3-abe6-2d1a2f083813" />
      <TestMethod codeBase="C:/Users/Ethan/Projects/214/autovonbismarck/sandbox/QueueTests.dll" adapterTypeName="Microsoft.VisualStudio.TestTools.TestTypes.Unit.UnitTestAdapter, Microsoft.VisualStudio.QualityTools.Tips.UnitTest.Adapter, Version=15.0.0.0, Culture=neutral, PublicKeyToken=b03f5f7f11d50a3a" className="QueueTests.DequeTest, QueueTests, Version=1.1.0.0, Culture=neutral, PublicKeyToken=null" name="CountTest" />
    </UnitTest>
    <UnitTest name="ConstructorCreatesNonFullQueueTest" storage="queuetests.dll" id="1fd90ceb-f0d0-1e68-b554-ad1d4ba25e72">
      <Execution id="c2eb1293-4a68-4701-97ef-9f1ce7ab3e51" />
      <TestMethod codeBase="C:/Users/Ethan/Projects/214/autovonbismarck/sandbox/QueueTests.dll" adapterTypeName="Microsoft.VisualStudio.TestTools.TestTypes.Unit.UnitTestAdapter, Microsoft.VisualStudio.QualityTools.Tips.UnitTest.Adapter, Version=15.0.0.0, Culture=neutral, PublicKeyToken=b03f5f7f11d50a3a" className="QueueTests.ArrayQueueTest, QueueTests, Version=1.1.0.0, Culture=neutral, PublicKeyToken=null" name="ConstructorCreatesNonFullQueueTest" />
    </UnitTest>
  </TestDefinitions>
  <TestLists>
    <TestList name="Resultados que no están en la lista" id="8c84fa94-04c1-424b-9868-57a2d4851a1d" />
    <TestList name="Todos los resultados cargados" id="19431567-8539-422a-85d7-44ee4e166bda" />
  </TestLists>
  <TestEntries>
    <TestEntry testId="1cb0a1e2-2261-0d1a-ef0f-bcef8b0ea15f" executionId="7a89204c-97c8-49fd-9f3b-a7d3e6a3c5f9" testListId="8c84fa94-04c1-424b-9868-57a2d4851a1d" />
    <TestEntry testId="1fd90ceb-f0d0-1e68-b554-ad1d4ba25e72" executionId="c2eb1293-4a68-4701-97ef-9f1ce7ab3e51" testListId="8c84fa94-04c1-424b-9868-57a2d4851a1d" />
    <TestEntry testId="043f3c5a-7887-abdc-d249-173d4b7b8591" executionId="ff31041a-fb93-4cb3-9e31-9ffb587c3b3f" testListId="8c84fa94-04c1-424b-9868-57a2d4851a1d" />
    <TestEntry testId="f013084a-d4ea-a9f8-357a-4047b1176ab2" executionId="e9e70337-7ce4-4a8e-975b-f1b5ecb635fe" testListId="8c84fa94-04c1-424b-9868-57a2d4851a1d" />
    <TestEntry testId="282e02e9-49c3-e1d4-f2ea-59cee629a781" executionId="3aed5798-ad1a-4201-9f94-9d43f9f51dbe" testListId="8c84fa94-04c1-424b-9868-57a2d4851a1d" />
    <TestEntry testId="7c46bf1f-4cc7-0ba7-67e8-52f5cd3c9713" executionId="8eb88a2c-fa0c-4f27-bf8e-cde0b92b1966" testListId="8c84fa94-04c1-424b-9868-57a2d4851a1d" />
    <TestEntry testId="13d9bdf6-60d6-7932-e7f8-0dff2188658f" executionId="3563c0fc-d18e-4d05-9cd0-501648b1c9de" testListId="8c84fa94-04c1-424b-9868-57a2d4851a1d" />
    <TestEntry testId="10d73257-6859-e940-a43d-85dc5f42184c" executionId="c5db21d6-b3c3-4db3-abe6-2d1a2f083813" testListId="8c84fa94-04c1-424b-9868-57a2d4851a1d" />
    <TestEntry testId="cbfdef17-e7f3-e7a4-92ed-bd0caaf2671c" executionId="37aaeb19-160f-41f4-b43d-528d816f725d" testListId="8c84fa94-04c1-424b-9868-57a2d4851a1d" />
    <TestEntry testId="066e5acd-d732-0380-d030-80aabd1a46ae" executionId="2e8fff50-d5b2-4dbe-b5cd-1bf023f2f0f1" testListId="8c84fa94-04c1-424b-9868-57a2d4851a1d" />
    <TestEntry testId="49e4a240-89e9-7d60-9a13-7ab7ec646d86" executionId="460bd80e-2e29-4530-8a61-4585edb257ac" testListId="8c84fa94-04c1-424b-9868-57a2d4851a1d" />
    <TestEntry testId="a8009935-515f-8ff9-6f0b-05a4894bf174" executionId="a2faefb5-4786-4109-87ba-51b81d919fb0" testListId="8c84fa94-04c1-424b-9868-57a2d4851a1d" />
    <TestEntry testId="7d7af601-d5b8-8473-4e8c-1728efc4ea22" executionId="0f85e512-b524-4532-8d71-c16d08f08927" testListId="8c84fa94-04c1-424b-9868-57a2d4851a1d" />
    <TestEntry testId="03a1b3a6-dd92-af83-792a-b3caa1cfc64e" executionId="df7821d0-668c-4171-91cd-9665eb40c879" testListId="8c84fa94-04c1-424b-9868-57a2d4851a1d" />
    <TestEntry testId="fd6c20eb-525d-6a10-f7aa-e03ceedfe16f" executionId="13bd9c9f-6a1d-43c0-b2c1-5f5643630766" testListId="8c84fa94-04c1-424b-9868-57a2d4851a1d" />
    <TestEntry testId="3d821c1f-4535-cc22-0441-2178d0438ec5" executionId="74a5109b-5866-439d-a9f5-3ce2292f633c" testListId="8c84fa94-04c1-424b-9868-57a2d4851a1d" />
    <TestEntry testId="97365ef3-436d-9c9d-7432-5e36bdfa5b17" executionId="d1ec13f4-d13b-439d-bcf0-f4147e60704a" testListId="8c84fa94-04c1-424b-9868-57a2d4851a1d" />
    <TestEntry testId="373800ba-b828-3141-13f3-14ad92fca915" executionId="af43d0bf-d92a-4b74-a628-540cb830ab22" testListId="8c84fa94-04c1-424b-9868-57a2d4851a1d" />
    <TestEntry testId="72df603b-478e-691e-c9b9-cdc0bacfe212" executionId="58836849-5a4e-465e-a8d9-a620049d02da" testListId="8c84fa94-04c1-424b-9868-57a2d4851a1d" />
    <TestEntry testId="091f89d3-0ed1-30d7-5c4b-fdd3fa0faa90" executionId="ecff645c-8250-42b9-9f2d-7f8c393d6d54" testListId="8c84fa94-04c1-424b-9868-57a2d4851a1d" />
  </TestEntries>
  <Results>
    <UnitTestResult executionId="7a89204c-97c8-49fd-9f3b-a7d3e6a3c5f9" testId="1cb0a1e2-2261-0d1a-ef0f-bcef8b0ea15f" testName="ConstructorCreatesEmptyQueueTest" computerName="STOVE-MASTER" duration="00:00:00.0091299" startTime="2018-05-03T22:27:48.6393559-05:00" endTime="2018-05-03T22:27:48.9286751-05:00" testType="13cdc9d9-ddb5-4fa4-a97d-d965ccfc6d4b" outcome="Passed" testListId="8c84fa94-04c1-424b-9868-57a2d4851a1d" relativeResultsDirectory="7a89204c-97c8-49fd-9f3b-a7d3e6a3c5f9">
    </UnitTestResult>
    <UnitTestResult executionId="c2eb1293-4a68-4701-97ef-9f1ce7ab3e51" testId="1fd90ceb-f0d0-1e68-b554-ad1d4ba25e72" testName="ConstructorCreatesNonFullQueueTest" computerName="STOVE-MASTER" duration="00:00:00.0003328" startTime="2018-05-03T22:27:48.9331410-05:00" endTime="2018-05-03T22:27:48.9356478-05:00" testType="13cdc9d9-ddb5-4fa4-a97d-d965ccfc6d4b" outcome="Passed" testListId="8c84fa94-04c1-424b-9868-57a2d4851a1d" relativeResultsDirectory="c2eb1293-4a68-4701-97ef-9f1ce7ab3e51">
    </UnitTestResult>
    <UnitTestResult executionId="ff31041a-fb93-4cb3-9e31-9ffb587c3b3f" testId="043f3c5a-7887-abdc-d249-173d4b7b8591" testName="CountTest" computerName="STOVE-MASTER" duration="00:00:00.0020846" startTime="2018-05-03T22:27:48.9406147-05:00" endTime="2018-05-03T22:27:48.9441716-05:00" testType="13cdc9d9-ddb5-4fa4-a97d-d965ccfc6d4b" outcome="Passed" testListId="8c84fa94-04c1-424b-9868-57a2d4851a1d" relativeResultsDirectory="ff31041a-fb93-4cb3-9e31-9ffb587c3b3f">
    </UnitTestResult>
    <UnitTestResult executionId="e9e70337-7ce4-4a8e-975b-f1b5ecb635fe" testId="f013084a-d4ea-a9f8-357a-4047b1176ab2" testName="DataOrderPreservedTest" computerName="STOVE-MASTER" duration="00:00:00.0008653" startTime="2018-05-03T22:27:48.9481819-05:00" endTime="2018-05-03T22:27:48.9506883-05:00" testType="13cdc9d9-ddb5-4fa4-a97d-d965ccfc6d4b" outcome="Passed" testListId="8c84fa94-04c1-424b-9868-57a2d4851a1d" relativeResultsDirectory="e9e70337-7ce4-4a8e-975b-f1b5ecb635fe">
    </UnitTestResult>
    <UnitTestResult executionId="3aed5798-ad1a-4201-9f94-9d43f9f51dbe" testId="282e02e9-49c3-e1d4-f2ea-59cee629a781" testName="DequeueOnEmptyQueueThrowsQueueEmptyExceptionTest" computerName="STOVE-MASTER" duration="00:00:00.0052592" startTime="2018-05-03T22:27:48.9577071-05:00" endTime="2018-05-03T22:27:48.9647940-05:00" testType="13cdc9d9-ddb5-4fa4-a97d-d965ccfc6d4b" outcome="Passed" testListId="8c84fa94-04c1-424b-9868-57a2d4851a1d" relativeResultsDirectory="3aed5798-ad1a-4201-9f94-9d43f9f51dbe">
    </UnitTestResult>
    <UnitTestResult executionId="8eb88a2c-fa0c-4f27-bf8e-cde0b92b1966" testId="7c46bf1f-4cc7-0ba7-67e8-52f5cd3c9713" testName="EnqueueToFullQueueThrowsQueueFullExceptionTest" computerName="STOVE-MASTER" duration="00:00:00.0011266" startTime="2018-05-03T22:27:48.9702405-05:00" endTime="2018-05-03T22:27:48.9737501-05:00" testType="13cdc9d9-ddb5-4fa4-a97d-d965ccfc6d4b" outcome="Passed" testListId="8c84fa94-04c1-424b-9868-57a2d4851a1d" relativeResultsDirectory="8eb88a2c-fa0c-4f27-bf8e-cde0b92b1966">
    </UnitTestResult>
    <UnitTestResult executionId="3563c0fc-d18e-4d05-9cd0-501648b1c9de" testId="13d9bdf6-60d6-7932-e7f8-0dff2188658f" testName="ConstructorCreatesEmptyQueueTest" computerName="STOVE-MASTER" duration="00:00:00.0005617" startTime="2018-05-03T22:27:48.9784896-05:00" endTime="2018-05-03T22:27:48.9808028-05:00" testType="13cdc9d9-ddb5-4fa4-a97d-d965ccfc6d4b" outcome="Passed" testListId="8c84fa94-04c1-424b-9868-57a2d4851a1d" relativeResultsDirectory="3563c0fc-d18e-4d05-9cd0-501648b1c9de">
    </UnitTestResult>
    <UnitTestResult executionId="c5db21d6-b3c3-4db3-abe6-2d1a2f083813" testId="10d73257-6859-e940-a43d-85dc5f42184c" testName="CountTest" computerName="STOVE-MASTER" duration="00:00:00.0592628" startTime="2018-05-03T22:27:48.9857807-05:00" endTime="2018-05-03T22:27:49.0464861-05:00" testType="13cdc9d9-ddb5-4fa4-a97d-d965ccfc6d4b" outcome="Passed" testListId="8c84fa94-04c1-424b-9868-57a2d4851a1d" relativeResultsDirectory="c5db21d6-b3c3-4db3-abe6-2d1a2f083813">
    </UnitTestResult>
    <UnitTestResult executionId="37aaeb19-160f-41f4-b43d-528d816f725d" testId="cbfdef17-e7f3-e7a4-92ed-bd0caaf2671c" testName="DataOrderPreservedTest" computerName="STOVE-MASTER" duration="00:00:00.0006551" startTime="2018-05-03T22:27:49.0514573-05:00" endTime="2018-05-03T22:27:49.0554662-05:00" testType="13cdc9d9-ddb5-4fa4-a97d-d965ccfc6d4b" outcome="Passed" testListId="8c84fa94-04c1-424b-9868-57a2d4851a1d" relativeResultsDirectory="37aaeb19-160f-41f4-b43d-528d816f725d">
    </UnitTestResult>
    <UnitTestResult executionId="2e8fff50-d5b2-4dbe-b5cd-1bf023f2f0f1" testId="066e5acd-d732-0380-d030-80aabd1a46ae" testName="DataOrderPreservedWrittenEndwardTest" computerName="STOVE-MASTER" duration="00:00:00.0006213" startTime="2018-05-03T22:27:49.0615252-05:00" endTime="2018-05-03T22:27:49.0645295-05:00" testType="13cdc9d9-ddb5-4fa4-a97d-d965ccfc6d4b" outcome="Passed" testListId="8c84fa94-04c1-424b-9868-57a2d4851a1d" relativeResultsDirectory="2e8fff50-d5b2-4dbe-b5cd-1bf023f2f0f1">
    </UnitTestResult>
    <UnitTestResult executionId="460bd80e-2e29-4530-8a61-4585edb257ac" testId="49e4a240-89e9-7d60-9a13-7ab7ec646d86" testName="NonEmptyQueueReadsNotEmptyTest" computerName="STOVE-MASTER" duration="00:00:00.0712691" startTime="2018-05-03T22:27:49.0695635-05:00" endTime="2018-05-03T22:27:49.1421966-05:00" testType="13cdc9d9-ddb5-4fa4-a97d-d965ccfc6d4b" outcome="Passed" testListId="8c84fa94-04c1-424b-9868-57a2d4851a1d" relativeResultsDirectory="460bd80e-2e29-4530-8a61-4585edb257ac">
    </UnitTestResult>
    <UnitTestResult executionId="a2faefb5-4786-4109-87ba-51b81d919fb0" testId="a8009935-515f-8ff9-6f0b-05a4894bf174" testName="NonEmptyQueueWrittenFromFrontReadsNotEmptyTest" computerName="STOVE-MASTER" duration="00:00:00.0321533" startTime="2018-05-03T22:27:49.1477591-05:00" endTime="2018-05-03T22:27:49.1823053-05:00" testType="13cdc9d9-ddb5-4fa4-a97d-d965ccfc6d4b" outcome="Passed" testListId="8c84fa94-04c1-424b-9868-57a2d4851a1d" relativeResultsDirectory="a2faefb5-4786-4109-87ba-51b81d919fb0">
    </UnitTestResult>
    <UnitTestResult executionId="0f85e512-b524-4532-8d71-c16d08f08927" testId="7d7af601-d5b8-8473-4e8c-1728efc4ea22" testName="RemoveEndOnEmptyQueueThrowsQueueEmptyExceptionTest" computerName="STOVE-MASTER" duration="00:00:00.0011290" startTime="2018-05-03T22:27:49.1903358-05:00" endTime="2018-05-03T22:27:49.1943637-05:00" testType="13cdc9d9-ddb5-4fa4-a97d-d965ccfc6d4b" outcome="Passed" testListId="8c84fa94-04c1-424b-9868-57a2d4851a1d" relativeResultsDirectory="0f85e512-b524-4532-8d71-c16d08f08927">
    </UnitTestResult>
    <UnitTestResult executionId="df7821d0-668c-4171-91cd-9665eb40c879" testId="03a1b3a6-dd92-af83-792a-b3caa1cfc64e" testName="RemoveFrontOnEmptyQueueThrowsQueueEmptyExceptionTest" computerName="STOVE-MASTER" duration="00:00:00.0006294" startTime="2018-05-03T22:27:49.2009365-05:00" endTime="2018-05-03T22:27:49.2028597-05:00" testType="13cdc9d9-ddb5-4fa4-a97d-d965ccfc6d4b" outcome="Passed" testListId="8c84fa94-04c1-424b-9868-57a2d4851a1d" relativeResultsDirectory="df7821d0-668c-4171-91cd-9665eb40c879">
    </UnitTestResult>
    <UnitTestResult executionId="13bd9c9f-6a1d-43c0-b2c1-5f5643630766" testId="fd6c20eb-525d-6a10-f7aa-e03ceedfe16f" testName="ConstructorCreatesEmptyQueueTest" computerName="STOVE-MASTER" duration="00:00:00.0003088" startTime="2018-05-03T22:27:49.2085770-05:00" endTime="2018-05-03T22:27:49.2104099-05:00" testType="13cdc9d9-ddb5-4fa4-a97d-d965ccfc6d4b" outcome="Passed" testListId="8c84fa94-04c1-424b-9868-57a2d4851a1d" relativeResultsDirectory="13bd9c9f-6a1d-43c0-b2c1-5f5643630766">
    </UnitTestResult>
    <UnitTestResult executionId="74a5109b-5866-439d-a9f5-3ce2292f633c" testId="3d821c1f-4535-cc22-0441-2178d0438ec5" testName="ConstructorCreatesNonFullQueueTest" computerName="STOVE-MASTER" duration="00:00:00.0001456" startTime="2018-05-03T22:27:49.2143892-05:00" endTime="2018-05-03T22:27:49.2158928-05:00" testType="13cdc9d9-ddb5-4fa4-a97d-d965ccfc6d4b" outcome="Passed" testListId="8c84fa94-04c1-424b-9868-57a2d4851a1d" relativeResultsDirectory="74a5109b-5866-439d-a9f5-3ce2292f633c">
    </UnitTestResult>
    <UnitTestResult executionId="d1ec13f4-d13b-439d-bcf0-f4147e60704a" testId="97365ef3-436d-9c9d-7432-5e36bdfa5b17" testName="CountTest" computerName="STOVE-MASTER" duration="00:00:00.8358424" startTime="2018-05-03T22:27:49.2199038-05:00" endTime="2018-05-03T22:27:50.0571704-05:00" testType="13cdc9d9-ddb5-4fa4-a97d-d965ccfc6d4b" outcome="Passed" testListId="8c84fa94-04c1-424b-9868-57a2d4851a1d" relativeResultsDirectory="d1ec13f4-d13b-439d-bcf0-f4147e60704a">
    </UnitTestResult>
    <UnitTestResult executionId="af43d0bf-d92a-4b74-a628-540cb830ab22" testId="373800ba-b828-3141-13f3-14ad92fca915" testName="DataOrderPreservedTest" computerName="STOVE-MASTER" duration="00:00:00.0003981" startTime="2018-05-03T22:27:50.0623377-05:00" endTime="2018-05-03T22:27:50.0646727-05:00" testType="13cdc9d9-ddb5-4fa4-a97d-d965ccfc6d4b" outcome="Passed" testListId="8c84fa94-04c1-424b-9868-57a2d4851a1d" relativeResultsDirectory="af43d0bf-d92a-4b74-a628-540cb830ab22">
    </UnitTestResult>
    <UnitTestResult executionId="58836849-5a4e-465e-a8d9-a620049d02da" testId="72df603b-478e-691e-c9b9-cdc0bacfe212" testName="DequeueOnEmptyQueueThrowsQueueEmptyExceptionTest" computerName="STOVE-MASTER" duration="00:00:00.0007309" startTime="2018-05-03T22:27:50.0693382-05:00" endTime="2018-05-03T22:27:50.0713446-05:00" testType="13cdc9d9-ddb5-4fa4-a97d-d965ccfc6d4b" outcome="Passed" testListId="8c84fa94-04c1-424b-9868-57a2d4851a1d" relativeResultsDirectory="58836849-5a4e-465e-a8d9-a620049d02da">
    </UnitTestResult>
    <UnitTestResult executionId="ecff645c-8250-42b9-9f2d-7f8c393d6d54" testId="091f89d3-0ed1-30d7-5c4b-fdd3fa0faa90" testName="NonEmptyQueueReadsNotEmptyTest" computerName="STOVE-MASTER" duration="00:00:00.6558946" startTime="2018-05-03T22:27:50.0758990-05:00" endTime="2018-05-03T22:27:50.7331336-05:00" testType="13cdc9d9-ddb5-4fa4-a97d-d965ccfc6d4b" outcome="Passed" testListId="8c84fa94-04c1-424b-9868-57a2d4851a1d" relativeResultsDirectory="ecff645c-8250-42b9-9f2d-7f8c393d6d54">
    </UnitTestResult>
  </Results>
</TestRun>