<?xml version="1.0" encoding="UTF-8"?>
<TestRun id="4d79c324-f49f-4d3d-be69-95f1720754e9" name="Ethan@STOVE-MASTER 2018-05-03 19:14:46" runUser="STOVE-MASTER\Ethan" xmlns="http://microsoft.com/schemas/VisualStudio/TeamTest/2010">
  <TestSettings name="Configuración de pruebas predeterminada" id="36deab82-4755-4663-9ac0-7bc07b2172db">
    <Execution>
      <TestTypeSpecific />
      <AgentRule name="Execution Agents">
      </AgentRule>
    </Execution>
    <Deployment runDeploymentRoot="Ethan_STOVE-MASTER 2018-05-03 19_14_46" />
    <Properties />
  </TestSettings>
  <Times creation="2018-05-03T19:14:46.4536866-05:00" queuing="2018-05-03T19:14:46.7534507-05:00" start="2018-05-03T19:14:46.8116360-05:00" finish="2018-05-03T19:14:47.3985994-05:00" />
  <ResultSummary outcome="Failed">
    <Counters total="20" executed="20" error="0" failed="20" timeout="0" aborted="0" inconclusive="0" passedButRunAborted="0" notRunnable="0" notExecuted="0" disconnected="0" warning="0" passed="0" completed="0" inProgress="0" pending="0" />
  </ResultSummary>
  <TestDefinitions>
    <UnitTest name="NonEmptyQueueReadsNotEmptyTest" storage="queuetests.dll" id="091f89d3-0ed1-30d7-5c4b-fdd3fa0faa90">
      <Execution id="e49d9ad0-a939-4440-8a27-f5f36a18b721" />
      <TestMethod codeBase="C:/Users/Ethan/Projects/214/autovonbismarck/sandbox/QueueTests.dll" adapterTypeName="Microsoft.VisualStudio.TestTools.TestTypes.Unit.UnitTestAdapter, Microsoft.VisualStudio.QualityTools.Tips.UnitTest.Adapter, Version=15.0.0.0, Culture=neutral, PublicKeyToken=b03f5f7f11d50a3a" className="QueueTests.LinkedListQueueTest, QueueTests, Version=1.1.0.0, Culture=neutral, PublicKeyToken=null" name="NonEmptyQueueReadsNotEmptyTest" />
    </UnitTest>
    <UnitTest name="ConstructorCreatesEmptyQueueTest" storage="queuetests.dll" id="1cb0a1e2-2261-0d1a-ef0f-bcef8b0ea15f">
      <Execution id="212499f8-081d-4d00-92f3-65855aeea049" />
      <TestMethod codeBase="C:/Users/Ethan/Projects/214/autovonbismarck/sandbox/QueueTests.dll" adapterTypeName="Microsoft.VisualStudio.TestTools.TestTypes.Unit.UnitTestAdapter, Microsoft.VisualStudio.QualityTools.Tips.UnitTest.Adapter, Version=15.0.0.0, Culture=neutral, PublicKeyToken=b03f5f7f11d50a3a" className="QueueTests.ArrayQueueTest, QueueTests, Version=1.1.0.0, Culture=neutral, PublicKeyToken=null" name="ConstructorCreatesEmptyQueueTest" />
    </UnitTest>
    <UnitTest name="EnqueueToFullQueueThrowsQueueFullExceptionTest" storage="queuetests.dll" id="7c46bf1f-4cc7-0ba7-67e8-52f5cd3c9713">
      <Execution id="c74b8f4b-5365-4d7a-a6f7-427161862609" />
      <TestMethod codeBase="C:/Users/Ethan/Projects/214/autovonbismarck/sandbox/QueueTests.dll" adapterTypeName="Microsoft.VisualStudio.TestTools.TestTypes.Unit.UnitTestAdapter, Microsoft.VisualStudio.QualityTools.Tips.UnitTest.Adapter, Version=15.0.0.0, Culture=neutral, PublicKeyToken=b03f5f7f11d50a3a" className="QueueTests.ArrayQueueTest, QueueTests, Version=1.1.0.0, Culture=neutral, PublicKeyToken=null" name="EnqueueToFullQueueThrowsQueueFullExceptionTest" />
    </UnitTest>
    <UnitTest name="ConstructorCreatesEmptyQueueTest" storage="queuetests.dll" id="13d9bdf6-60d6-7932-e7f8-0dff2188658f">
      <Execution id="1210a71d-8156-4ed6-994c-f55bdb3c1461" />
      <TestMethod codeBase="C:/Users/Ethan/Projects/214/autovonbismarck/sandbox/QueueTests.dll" adapterTypeName="Microsoft.VisualStudio.TestTools.TestTypes.Unit.UnitTestAdapter, Microsoft.VisualStudio.QualityTools.Tips.UnitTest.Adapter, Version=15.0.0.0, Culture=neutral, PublicKeyToken=b03f5f7f11d50a3a" className="QueueTests.DequeTest, QueueTests, Version=1.1.0.0, Culture=neutral, PublicKeyToken=null" name="ConstructorCreatesEmptyQueueTest" />
    </UnitTest>
    <UnitTest name="NonEmptyQueueWrittenFromFrontReadsNotEmptyTest" storage="queuetests.dll" id="a8009935-515f-8ff9-6f0b-05a4894bf174">
      <Execution id="f5a5ada3-3cdf-4dd5-b448-3f5e6b10cae4" />
      <TestMethod codeBase="C:/Users/Ethan/Projects/214/autovonbismarck/sandbox/QueueTests.dll" adapterTypeName="Microsoft.VisualStudio.TestTools.TestTypes.Unit.UnitTestAdapter, Microsoft.VisualStudio.QualityTools.Tips.UnitTest.Adapter, Version=15.0.0.0, Culture=neutral, PublicKeyToken=b03f5f7f11d50a3a" className="QueueTests.DequeTest, QueueTests, Version=1.1.0.0, Culture=neutral, PublicKeyToken=null" name="NonEmptyQueueWrittenFromFrontReadsNotEmptyTest" />
    </UnitTest>
    <UnitTest name="DataOrderPreservedTest" storage="queuetests.dll" id="373800ba-b828-3141-13f3-14ad92fca915">
      <Execution id="030324da-1554-4476-acc0-bc0338fc9bfa" />
      <TestMethod codeBase="C:/Users/Ethan/Projects/214/autovonbismarck/sandbox/QueueTests.dll" adapterTypeName="Microsoft.VisualStudio.TestTools.TestTypes.Unit.UnitTestAdapter, Microsoft.VisualStudio.QualityTools.Tips.UnitTest.Adapter, Version=15.0.0.0, Culture=neutral, PublicKeyToken=b03f5f7f11d50a3a" className="QueueTests.LinkedListQueueTest, QueueTests, Version=1.1.0.0, Culture=neutral, PublicKeyToken=null" name="DataOrderPreservedTest" />
    </UnitTest>
    <UnitTest name="DataOrderPreservedTest" storage="queuetests.dll" id="f013084a-d4ea-a9f8-357a-4047b1176ab2">
      <Execution id="169c802f-7418-4388-ac03-f241892c67b1" />
      <TestMethod codeBase="C:/Users/Ethan/Projects/214/autovonbismarck/sandbox/QueueTests.dll" adapterTypeName="Microsoft.VisualStudio.TestTools.TestTypes.Unit.UnitTestAdapter, Microsoft.VisualStudio.QualityTools.Tips.UnitTest.Adapter, Version=15.0.0.0, Culture=neutral, PublicKeyToken=b03f5f7f11d50a3a" className="QueueTests.ArrayQueueTest, QueueTests, Version=1.1.0.0, Culture=neutral, PublicKeyToken=null" name="DataOrderPreservedTest" />
    </UnitTest>
    <UnitTest name="RemoveFrontOnEmptyQueueThrowsQueueEmptyExceptionTest" storage="queuetests.dll" id="03a1b3a6-dd92-af83-792a-b3caa1cfc64e">
      <Execution id="64491b43-8495-4e4f-944b-13c650b89a61" />
      <TestMethod codeBase="C:/Users/Ethan/Projects/214/autovonbismarck/sandbox/QueueTests.dll" adapterTypeName="Microsoft.VisualStudio.TestTools.TestTypes.Unit.UnitTestAdapter, Microsoft.VisualStudio.QualityTools.Tips.UnitTest.Adapter, Version=15.0.0.0, Culture=neutral, PublicKeyToken=b03f5f7f11d50a3a" className="QueueTests.DequeTest, QueueTests, Version=1.1.0.0, Culture=neutral, PublicKeyToken=null" name="RemoveFrontOnEmptyQueueThrowsQueueEmptyExceptionTest" />
    </UnitTest>
    <UnitTest name="DequeueOnEmptyQueueThrowsQueueEmptyExceptionTest" storage="queuetests.dll" id="282e02e9-49c3-e1d4-f2ea-59cee629a781">
      <Execution id="3c9abe5c-b3d6-49df-ab90-743dd6e5c7e0" />
      <TestMethod codeBase="C:/Users/Ethan/Projects/214/autovonbismarck/sandbox/QueueTests.dll" adapterTypeName="Microsoft.VisualStudio.TestTools.TestTypes.Unit.UnitTestAdapter, Microsoft.VisualStudio.QualityTools.Tips.UnitTest.Adapter, Version=15.0.0.0, Culture=neutral, PublicKeyToken=b03f5f7f11d50a3a" className="QueueTests.ArrayQueueTest, QueueTests, Version=1.1.0.0, Culture=neutral, PublicKeyToken=null" name="DequeueOnEmptyQueueThrowsQueueEmptyExceptionTest" />
    </UnitTest>
    <UnitTest name="ConstructorCreatesNonFullQueueTest" storage="queuetests.dll" id="3d821c1f-4535-cc22-0441-2178d0438ec5">
      <Execution id="b5928112-7a9b-4378-8844-f21da5f76ed5" />
      <TestMethod codeBase="C:/Users/Ethan/Projects/214/autovonbismarck/sandbox/QueueTests.dll" adapterTypeName="Microsoft.VisualStudio.TestTools.TestTypes.Unit.UnitTestAdapter, Microsoft.VisualStudio.QualityTools.Tips.UnitTest.Adapter, Version=15.0.0.0, Culture=neutral, PublicKeyToken=b03f5f7f11d50a3a" className="QueueTests.LinkedListQueueTest, QueueTests, Version=1.1.0.0, Culture=neutral, PublicKeyToken=null" name="ConstructorCreatesNonFullQueueTest" />
    </UnitTest>
    <UnitTest name="CountTest" storage="queuetests.dll" id="97365ef3-436d-9c9d-7432-5e36bdfa5b17">
      <Execution id="73930b42-f840-4d8a-8c2a-a178285b7e4c" />
      <TestMethod codeBase="C:/Users/Ethan/Projects/214/autovonbismarck/sandbox/QueueTests.dll" adapterTypeName="Microsoft.VisualStudio.TestTools.TestTypes.Unit.UnitTestAdapter, Microsoft.VisualStudio.QualityTools.Tips.UnitTest.Adapter, Version=15.0.0.0, Culture=neutral, PublicKeyToken=b03f5f7f11d50a3a" className="QueueTests.LinkedListQueueTest, QueueTests, Version=1.1.0.0, Culture=neutral, PublicKeyToken=null" name="CountTest" />
    </UnitTest>
    <UnitTest name="ConstructorCreatesEmptyQueueTest" storage="queuetests.dll" id="fd6c20eb-525d-6a10-f7aa-e03ceedfe16f">
      <Execution id="e584260d-18d6-4454-b665-a13a798ad98b" />
      <TestMethod codeBase="C:/Users/Ethan/Projects/214/autovonbismarck/sandbox/QueueTests.dll" adapterTypeName="Microsoft.VisualStudio.TestTools.TestTypes.Unit.UnitTestAdapter, Microsoft.VisualStudio.QualityTools.Tips.UnitTest.Adapter, Version=15.0.0.0, Culture=neutral, PublicKeyToken=b03f5f7f11d50a3a" className="QueueTests.LinkedListQueueTest, QueueTests, Version=1.1.0.0, Culture=neutral, PublicKeyToken=null" name="ConstructorCreatesEmptyQueueTest" />
    </UnitTest>
    <UnitTest name="NonEmptyQueueReadsNotEmptyTest" storage="queuetests.dll" id="49e4a240-89e9-7d60-9a13-7ab7ec646d86">
      <Execution id="2670d33b-95ef-4043-b372-ac81b5f45070" />
      <TestMethod codeBase="C:/Users/Ethan/Projects/214/autovonbismarck/sandbox/QueueTests.dll" adapterTypeName="Microsoft.VisualStudio.TestTools.TestTypes.Unit.UnitTestAdapter, Microsoft.VisualStudio.QualityTools.Tips.UnitTest.Adapter, Version=15.0.0.0, Culture=neutral, PublicKeyToken=b03f5f7f11d50a3a" className="QueueTests.DequeTest, QueueTests, Version=1.1.0.0, Culture=neutral, PublicKeyToken=null" name="NonEmptyQueueReadsNotEmptyTest" />
    </UnitTest>
    <UnitTest name="DataOrderPreservedWrittenEndwardTest" storage="queuetests.dll" id="066e5acd-d732-0380-d030-80aabd1a46ae">
      <Execution id="9b288c9f-2246-48a4-be3c-0bd900976e89" />
      <TestMethod codeBase="C:/Users/Ethan/Projects/214/autovonbismarck/sandbox/QueueTests.dll" adapterTypeName="Microsoft.VisualStudio.TestTools.TestTypes.Unit.UnitTestAdapter, Microsoft.VisualStudio.QualityTools.Tips.UnitTest.Adapter, Version=15.0.0.0, Culture=neutral, PublicKeyToken=b03f5f7f11d50a3a" className="QueueTests.DequeTest, QueueTests, Version=1.1.0.0, Culture=neutral, PublicKeyToken=null" name="DataOrderPreservedWrittenEndwardTest" />
    </UnitTest>
    <UnitTest name="DequeueOnEmptyQueueThrowsQueueEmptyExceptionTest" storage="queuetests.dll" id="72df603b-478e-691e-c9b9-cdc0bacfe212">
      <Execution id="05364bbb-2c70-472e-b9c2-c44fb17bc1e4" />
      <TestMethod codeBase="C:/Users/Ethan/Projects/214/autovonbismarck/sandbox/QueueTests.dll" adapterTypeName="Microsoft.VisualStudio.TestTools.TestTypes.Unit.UnitTestAdapter, Microsoft.VisualStudio.QualityTools.Tips.UnitTest.Adapter, Version=15.0.0.0, Culture=neutral, PublicKeyToken=b03f5f7f11d50a3a" className="QueueTests.LinkedListQueueTest, QueueTests, Version=1.1.0.0, Culture=neutral, PublicKeyToken=null" name="DequeueOnEmptyQueueThrowsQueueEmptyExceptionTest" />
    </UnitTest>
    <UnitTest name="RemoveEndOnEmptyQueueThrowsQueueEmptyExceptionTest" storage="queuetests.dll" id="7d7af601-d5b8-8473-4e8c-1728efc4ea22">
      <Execution id="2489208a-9404-46d2-ace0-6d91665aceff" />
      <TestMethod codeBase="C:/Users/Ethan/Projects/214/autovonbismarck/sandbox/QueueTests.dll" adapterTypeName="Microsoft.VisualStudio.TestTools.TestTypes.Unit.UnitTestAdapter, Microsoft.VisualStudio.QualityTools.Tips.UnitTest.Adapter, Version=15.0.0.0, Culture=neutral, PublicKeyToken=b03f5f7f11d50a3a" className="QueueTests.DequeTest, QueueTests, Version=1.1.0.0, Culture=neutral, PublicKeyToken=null" name="RemoveEndOnEmptyQueueThrowsQueueEmptyExceptionTest" />
    </UnitTest>
    <UnitTest name="DataOrderPreservedTest" storage="queuetests.dll" id="cbfdef17-e7f3-e7a4-92ed-bd0caaf2671c">
      <Execution id="fcc45b2e-4843-40b7-b645-6f43f7bae1ba" />
      <TestMethod codeBase="C:/Users/Ethan/Projects/214/autovonbismarck/sandbox/QueueTests.dll" adapterTypeName="Microsoft.VisualStudio.TestTools.TestTypes.Unit.UnitTestAdapter, Microsoft.VisualStudio.QualityTools.Tips.UnitTest.Adapter, Version=15.0.0.0, Culture=neutral, PublicKeyToken=b03f5f7f11d50a3a" className="QueueTests.DequeTest, QueueTests, Version=1.1.0.0, Culture=neutral, PublicKeyToken=null" name="DataOrderPreservedTest" />
    </UnitTest>
    <UnitTest name="CountTest" storage="queuetests.dll" id="043f3c5a-7887-abdc-d249-173d4b7b8591">
      <Execution id="67023802-3802-4c32-95df-b3a4a342af2a" />
      <TestMethod codeBase="C:/Users/Ethan/Projects/214/autovonbismarck/sandbox/QueueTests.dll" adapterTypeName="Microsoft.VisualStudio.TestTools.TestTypes.Unit.UnitTestAdapter, Microsoft.VisualStudio.QualityTools.Tips.UnitTest.Adapter, Version=15.0.0.0, Culture=neutral, PublicKeyToken=b03f5f7f11d50a3a" className="QueueTests.ArrayQueueTest, QueueTests, Version=1.1.0.0, Culture=neutral, PublicKeyToken=null" name="CountTest" />
    </UnitTest>
    <UnitTest name="CountTest" storage="queuetests.dll" id="10d73257-6859-e940-a43d-85dc5f42184c">
      <Execution id="d44aaf44-2f8e-41bc-9db2-3b0011ac134c" />
      <TestMethod codeBase="C:/Users/Ethan/Projects/214/autovonbismarck/sandbox/QueueTests.dll" adapterTypeName="Microsoft.VisualStudio.TestTools.TestTypes.Unit.UnitTestAdapter, Microsoft.VisualStudio.QualityTools.Tips.UnitTest.Adapter, Version=15.0.0.0, Culture=neutral, PublicKeyToken=b03f5f7f11d50a3a" className="QueueTests.DequeTest, QueueTests, Version=1.1.0.0, Culture=neutral, PublicKeyToken=null" name="CountTest" />
    </UnitTest>
    <UnitTest name="ConstructorCreatesNonFullQueueTest" storage="queuetests.dll" id="1fd90ceb-f0d0-1e68-b554-ad1d4ba25e72">
      <Execution id="9e9f1321-8234-4728-9181-fe654df67860" />
      <TestMethod codeBase="C:/Users/Ethan/Projects/214/autovonbismarck/sandbox/QueueTests.dll" adapterTypeName="Microsoft.VisualStudio.TestTools.TestTypes.Unit.UnitTestAdapter, Microsoft.VisualStudio.QualityTools.Tips.UnitTest.Adapter, Version=15.0.0.0, Culture=neutral, PublicKeyToken=b03f5f7f11d50a3a" className="QueueTests.ArrayQueueTest, QueueTests, Version=1.1.0.0, Culture=neutral, PublicKeyToken=null" name="ConstructorCreatesNonFullQueueTest" />
    </UnitTest>
  </TestDefinitions>
  <TestLists>
    <TestList name="Resultados que no están en la lista" id="8c84fa94-04c1-424b-9868-57a2d4851a1d" />
    <TestList name="Todos los resultados cargados" id="19431567-8539-422a-85d7-44ee4e166bda" />
  </TestLists>
  <TestEntries>
    <TestEntry testId="1cb0a1e2-2261-0d1a-ef0f-bcef8b0ea15f" executionId="212499f8-081d-4d00-92f3-65855aeea049" testListId="8c84fa94-04c1-424b-9868-57a2d4851a1d" />
    <TestEntry testId="1fd90ceb-f0d0-1e68-b554-ad1d4ba25e72" executionId="9e9f1321-8234-4728-9181-fe654df67860" testListId="8c84fa94-04c1-424b-9868-57a2d4851a1d" />
    <TestEntry testId="043f3c5a-7887-abdc-d249-173d4b7b8591" executionId="67023802-3802-4c32-95df-b3a4a342af2a" testListId="8c84fa94-04c1-424b-9868-57a2d4851a1d" />
    <TestEntry testId="f013084a-d4ea-a9f8-357a-4047b1176ab2" executionId="169c802f-7418-4388-ac03-f241892c67b1" testListId="8c84fa94-04c1-424b-9868-57a2d4851a1d" />
    <TestEntry testId="282e02e9-49c3-e1d4-f2ea-59cee629a781" executionId="3c9abe5c-b3d6-49df-ab90-743dd6e5c7e0" testListId="8c84fa94-04c1-424b-9868-57a2d4851a1d" />
    <TestEntry testId="7c46bf1f-4cc7-0ba7-67e8-52f5cd3c9713" executionId="c74b8f4b-5365-4d7a-a6f7-427161862609" testListId="8c84fa94-04c1-424b-9868-57a2d4851a1d" />
    <TestEntry testId="13d9bdf6-60d6-7932-e7f8-0dff2188658f" executionId="1210a71d-8156-4ed6-994c-f55bdb3c1461" testListId="8c84fa94-04c1-424b-9868-57a2d4851a1d" />
    <TestEntry testId="10d73257-6859-e940-a43d-85dc5f42184c" executionId="d44aaf44-2f8e-41bc-9db2-3b0011ac134c" testListId="8c84fa94-04c1-424b-9868-57a2d4851a1d" />
    <TestEntry testId="cbfdef17-e7f3-e7a4-92ed-bd0caaf2671c" executionId="fcc45b2e-4843-40b7-b645-6f43f7bae1ba" testListId="8c84fa94-04c1-424b-9868-57a2d4851a1d" />
    <TestEntry testId="066e5acd-d732-0380-d030-80aabd1a46ae" executionId="9b288c9f-2246-48a4-be3c-0bd900976e89" testListId="8c84fa94-04c1-424b-9868-57a2d4851a1d" />
    <TestEntry testId="49e4a240-89e9-7d60-9a13-7ab7ec646d86" executionId="2670d33b-95ef-4043-b372-ac81b5f45070" testListId="8c84fa94-04c1-424b-9868-57a2d4851a1d" />
    <TestEntry testId="a8009935-515f-8ff9-6f0b-05a4894bf174" executionId="f5a5ada3-3cdf-4dd5-b448-3f5e6b10cae4" testListId="8c84fa94-04c1-424b-9868-57a2d4851a1d" />
    <TestEntry testId="7d7af601-d5b8-8473-4e8c-1728efc4ea22" executionId="2489208a-9404-46d2-ace0-6d91665aceff" testListId="8c84fa94-04c1-424b-9868-57a2d4851a1d" />
    <TestEntry testId="03a1b3a6-dd92-af83-792a-b3caa1cfc64e" executionId="64491b43-8495-4e4f-944b-13c650b89a61" testListId="8c84fa94-04c1-424b-9868-57a2d4851a1d" />
    <TestEntry testId="fd6c20eb-525d-6a10-f7aa-e03ceedfe16f" executionId="e584260d-18d6-4454-b665-a13a798ad98b" testListId="8c84fa94-04c1-424b-9868-57a2d4851a1d" />
    <TestEntry testId="3d821c1f-4535-cc22-0441-2178d0438ec5" executionId="b5928112-7a9b-4378-8844-f21da5f76ed5" testListId="8c84fa94-04c1-424b-9868-57a2d4851a1d" />
    <TestEntry testId="97365ef3-436d-9c9d-7432-5e36bdfa5b17" executionId="73930b42-f840-4d8a-8c2a-a178285b7e4c" testListId="8c84fa94-04c1-424b-9868-57a2d4851a1d" />
    <TestEntry testId="373800ba-b828-3141-13f3-14ad92fca915" executionId="030324da-1554-4476-acc0-bc0338fc9bfa" testListId="8c84fa94-04c1-424b-9868-57a2d4851a1d" />
    <TestEntry testId="72df603b-478e-691e-c9b9-cdc0bacfe212" executionId="05364bbb-2c70-472e-b9c2-c44fb17bc1e4" testListId="8c84fa94-04c1-424b-9868-57a2d4851a1d" />
    <TestEntry testId="091f89d3-0ed1-30d7-5c4b-fdd3fa0faa90" executionId="e49d9ad0-a939-4440-8a27-f5f36a18b721" testListId="8c84fa94-04c1-424b-9868-57a2d4851a1d" />
  </TestEntries>
  <Results>
    <UnitTestResult executionId="212499f8-081d-4d00-92f3-65855aeea049" testId="1cb0a1e2-2261-0d1a-ef0f-bcef8b0ea15f" testName="ConstructorCreatesEmptyQueueTest" computerName="STOVE-MASTER" duration="00:00:00.0291832" startTime="2018-05-03T19:14:46.8858012-05:00" endTime="2018-05-03T19:14:47.2120909-05:00" testType="13cdc9d9-ddb5-4fa4-a97d-d965ccfc6d4b" outcome="Failed" testListId="8c84fa94-04c1-424b-9868-57a2d4851a1d" relativeResultsDirectory="212499f8-081d-4d00-92f3-65855aeea049">
      <Output>
        <ErrorInfo>
          <Message>El método de prueba QueueTests.ArrayQueueTest.ConstructorCreatesEmptyQueueTest produjo la excepción: 
System.NotImplementedException: No se puede implementar el método o la operación.</Message>
          <StackTrace>    en EECS214Assignment1.ArrayQueue.get_Count()
   en EECS214Assignment1.Queue.get_IsEmpty()
   en QueueTests.ArrayQueueTest.ConstructorCreatesEmptyQueueTest()
</StackTrace>
        </ErrorInfo>
      </Output>
    </UnitTestResult>
    <UnitTestResult executionId="9e9f1321-8234-4728-9181-fe654df67860" testId="1fd90ceb-f0d0-1e68-b554-ad1d4ba25e72" testName="ConstructorCreatesNonFullQueueTest" computerName="STOVE-MASTER" duration="00:00:00.0023057" startTime="2018-05-03T19:14:47.2166368-05:00" endTime="2018-05-03T19:14:47.2210949-05:00" testType="13cdc9d9-ddb5-4fa4-a97d-d965ccfc6d4b" outcome="Failed" testListId="8c84fa94-04c1-424b-9868-57a2d4851a1d" relativeResultsDirectory="9e9f1321-8234-4728-9181-fe654df67860">
      <Output>
        <ErrorInfo>
          <Message>El método de prueba QueueTests.ArrayQueueTest.ConstructorCreatesNonFullQueueTest produjo la excepción: 
System.NotImplementedException: No se puede implementar el método o la operación.</Message>
          <StackTrace>    en EECS214Assignment1.ArrayQueue.get_IsFull()
   en QueueTests.ArrayQueueTest.ConstructorCreatesNonFullQueueTest()
</StackTrace>
        </ErrorInfo>
      </Output>
    </UnitTestResult>
    <UnitTestResult executionId="67023802-3802-4c32-95df-b3a4a342af2a" testId="043f3c5a-7887-abdc-d249-173d4b7b8591" testName="CountTest" computerName="STOVE-MASTER" duration="00:00:00.0021548" startTime="2018-05-03T19:14:47.2257495-05:00" endTime="2018-05-03T19:14:47.2291163-05:00" testType="13cdc9d9-ddb5-4fa4-a97d-d965ccfc6d4b" outcome="Failed" testListId="8c84fa94-04c1-424b-9868-57a2d4851a1d" relativeResultsDirectory="67023802-3802-4c32-95df-b3a4a342af2a">
      <Output>
        <ErrorInfo>
          <Message>El método de prueba QueueTests.ArrayQueueTest.CountTest produjo la excepción: 
System.NotImplementedException: No se puede implementar el método o la operación.</Message>
          <StackTrace>    en EECS214Assignment1.ArrayQueue.get_IsFull()
   en QueueTests.ArrayQueueTest.CountTest()
</StackTrace>
        </ErrorInfo>
      </Output>
    </UnitTestResult>
    <UnitTestResult executionId="169c802f-7418-4388-ac03-f241892c67b1" testId="f013084a-d4ea-a9f8-357a-4047b1176ab2" testName="DataOrderPreservedTest" computerName="STOVE-MASTER" duration="00:00:00.0016611" startTime="2018-05-03T19:14:47.2341294-05:00" endTime="2018-05-03T19:14:47.2371372-05:00" testType="13cdc9d9-ddb5-4fa4-a97d-d965ccfc6d4b" outcome="Failed" testListId="8c84fa94-04c1-424b-9868-57a2d4851a1d" relativeResultsDirectory="169c802f-7418-4388-ac03-f241892c67b1">
      <Output>
        <ErrorInfo>
          <Message>El método de prueba QueueTests.ArrayQueueTest.DataOrderPreservedTest produjo la excepción: 
System.NotImplementedException: No se puede implementar el método o la operación.</Message>
          <StackTrace>    en EECS214Assignment1.ArrayQueue.Enqueue(Object o)
   en QueueTests.ArrayQueueTest.DataOrderPreservedTest()
</StackTrace>
        </ErrorInfo>
      </Output>
    </UnitTestResult>
    <UnitTestResult executionId="3c9abe5c-b3d6-49df-ab90-743dd6e5c7e0" testId="282e02e9-49c3-e1d4-f2ea-59cee629a781" testName="DequeueOnEmptyQueueThrowsQueueEmptyExceptionTest" computerName="STOVE-MASTER" duration="00:00:00.0083750" startTime="2018-05-03T19:14:47.2411483-05:00" endTime="2018-05-03T19:14:47.2511763-05:00" testType="13cdc9d9-ddb5-4fa4-a97d-d965ccfc6d4b" outcome="Failed" testListId="8c84fa94-04c1-424b-9868-57a2d4851a1d" relativeResultsDirectory="3c9abe5c-b3d6-49df-ab90-743dd6e5c7e0">
      <Output>
        <ErrorInfo>
          <Message>El método de prueba QueueTests.ArrayQueueTest.DequeueOnEmptyQueueThrowsQueueEmptyExceptionTest inició la excepción System.NotImplementedException, pero se esperaba la excepción EECS214Assignment1.QueueEmptyException. Mensaje de la excepción: System.NotImplementedException: No se puede implementar el método o la operación.</Message>
          <StackTrace>    en EECS214Assignment1.ArrayQueue.Dequeue()
   en QueueTests.ArrayQueueTest.DequeueOnEmptyQueueThrowsQueueEmptyExceptionTest()
</StackTrace>
        </ErrorInfo>
      </Output>
    </UnitTestResult>
    <UnitTestResult executionId="c74b8f4b-5365-4d7a-a6f7-427161862609" testId="7c46bf1f-4cc7-0ba7-67e8-52f5cd3c9713" testName="EnqueueToFullQueueThrowsQueueFullExceptionTest" computerName="STOVE-MASTER" duration="00:00:00.0013843" startTime="2018-05-03T19:14:47.2559113-05:00" endTime="2018-05-03T19:14:47.2581941-05:00" testType="13cdc9d9-ddb5-4fa4-a97d-d965ccfc6d4b" outcome="Failed" testListId="8c84fa94-04c1-424b-9868-57a2d4851a1d" relativeResultsDirectory="c74b8f4b-5365-4d7a-a6f7-427161862609">
      <Output>
        <ErrorInfo>
          <Message>El método de prueba QueueTests.ArrayQueueTest.EnqueueToFullQueueThrowsQueueFullExceptionTest inició la excepción System.NotImplementedException, pero se esperaba la excepción EECS214Assignment1.QueueFullException. Mensaje de la excepción: System.NotImplementedException: No se puede implementar el método o la operación.</Message>
          <StackTrace>    en EECS214Assignment1.ArrayQueue.get_IsFull()
   en QueueTests.ArrayQueueTest.EnqueueToFullQueueThrowsQueueFullExceptionTest()
</StackTrace>
        </ErrorInfo>
      </Output>
    </UnitTestResult>
    <UnitTestResult executionId="1210a71d-8156-4ed6-994c-f55bdb3c1461" testId="13d9bdf6-60d6-7932-e7f8-0dff2188658f" testName="ConstructorCreatesEmptyQueueTest" computerName="STOVE-MASTER" duration="00:00:00.0014841" startTime="2018-05-03T19:14:47.2622369-05:00" endTime="2018-05-03T19:14:47.2652136-05:00" testType="13cdc9d9-ddb5-4fa4-a97d-d965ccfc6d4b" outcome="Failed" testListId="8c84fa94-04c1-424b-9868-57a2d4851a1d" relativeResultsDirectory="1210a71d-8156-4ed6-994c-f55bdb3c1461">
      <Output>
        <ErrorInfo>
          <Message>El método de prueba QueueTests.DequeTest.ConstructorCreatesEmptyQueueTest produjo la excepción: 
System.NotImplementedException: No se puede implementar el método o la operación.</Message>
          <StackTrace>    en EECS214Assignment1.Deque.get_Count()
   en EECS214Assignment1.Deque.get_IsEmpty()
   en QueueTests.DequeTest.ConstructorCreatesEmptyQueueTest()
</StackTrace>
        </ErrorInfo>
      </Output>
    </UnitTestResult>
    <UnitTestResult executionId="d44aaf44-2f8e-41bc-9db2-3b0011ac134c" testId="10d73257-6859-e940-a43d-85dc5f42184c" testName="CountTest" computerName="STOVE-MASTER" duration="00:00:00.0015955" startTime="2018-05-03T19:14:47.2692472-05:00" endTime="2018-05-03T19:14:47.2722314-05:00" testType="13cdc9d9-ddb5-4fa4-a97d-d965ccfc6d4b" outcome="Failed" testListId="8c84fa94-04c1-424b-9868-57a2d4851a1d" relativeResultsDirectory="d44aaf44-2f8e-41bc-9db2-3b0011ac134c">
      <Output>
        <ErrorInfo>
          <Message>El método de prueba QueueTests.DequeTest.CountTest produjo la excepción: 
System.NotImplementedException: No se puede implementar el método o la operación.</Message>
          <StackTrace>    en EECS214Assignment1.Deque.get_Count()
   en QueueTests.DequeTest.CountTest()
</StackTrace>
        </ErrorInfo>
      </Output>
    </UnitTestResult>
    <UnitTestResult executionId="fcc45b2e-4843-40b7-b645-6f43f7bae1ba" testId="cbfdef17-e7f3-e7a4-92ed-bd0caaf2671c" testName="DataOrderPreservedTest" computerName="STOVE-MASTER" duration="00:00:00.0019661" startTime="2018-05-03T19:14:47.2774512-05:00" endTime="2018-05-03T19:14:47.2813610-05:00" testType="13cdc9d9-ddb5-4fa4-a97d-d965ccfc6d4b" outcome="Failed" testListId="8c84fa94-04c1-424b-9868-57a2d4851a1d" relativeResultsDirectory="fcc45b2e-4843-40b7-b645-6f43f7bae1ba">
      <Output>
        <ErrorInfo>
          <Message>El método de prueba QueueTests.DequeTest.DataOrderPreservedTest produjo la excepción: 
System.NotImplementedException: No se puede implementar el método o la operación.</Message>
          <StackTrace>    en EECS214Assignment1.Deque.AddEnd(Object o)
   en QueueTests.DequeTest.DataOrderPreservedTest()
</StackTrace>
        </ErrorInfo>
      </Output>
    </UnitTestResult>
    <UnitTestResult executionId="9b288c9f-2246-48a4-be3c-0bd900976e89" testId="066e5acd-d732-0380-d030-80aabd1a46ae" testName="DataOrderPreservedWrittenEndwardTest" computerName="STOVE-MASTER" duration="00:00:00.0041894" startTime="2018-05-03T19:14:47.2872705-05:00" endTime="2018-05-03T19:14:47.2934353-05:00" testType="13cdc9d9-ddb5-4fa4-a97d-d965ccfc6d4b" outcome="Failed" testListId="8c84fa94-04c1-424b-9868-57a2d4851a1d" relativeResultsDirectory="9b288c9f-2246-48a4-be3c-0bd900976e89">
      <Output>
        <ErrorInfo>
          <Message>El método de prueba QueueTests.DequeTest.DataOrderPreservedWrittenEndwardTest produjo la excepción: 
System.NotImplementedException: No se puede implementar el método o la operación.</Message>
          <StackTrace>    en EECS214Assignment1.Deque.AddFront(Object o)
   en QueueTests.DequeTest.DataOrderPreservedWrittenEndwardTest()
</StackTrace>
        </ErrorInfo>
      </Output>
    </UnitTestResult>
    <UnitTestResult executionId="2670d33b-95ef-4043-b372-ac81b5f45070" testId="49e4a240-89e9-7d60-9a13-7ab7ec646d86" testName="NonEmptyQueueReadsNotEmptyTest" computerName="STOVE-MASTER" duration="00:00:00.0020959" startTime="2018-05-03T19:14:47.2993029-05:00" endTime="2018-05-03T19:14:47.3033132-05:00" testType="13cdc9d9-ddb5-4fa4-a97d-d965ccfc6d4b" outcome="Failed" testListId="8c84fa94-04c1-424b-9868-57a2d4851a1d" relativeResultsDirectory="2670d33b-95ef-4043-b372-ac81b5f45070">
      <Output>
        <ErrorInfo>
          <Message>El método de prueba QueueTests.DequeTest.NonEmptyQueueReadsNotEmptyTest produjo la excepción: 
System.NotImplementedException: No se puede implementar el método o la operación.</Message>
          <StackTrace>    en EECS214Assignment1.Deque.AddEnd(Object o)
   en QueueTests.DequeTest.NonEmptyQueueReadsNotEmptyTest()
</StackTrace>
        </ErrorInfo>
      </Output>
    </UnitTestResult>
    <UnitTestResult executionId="f5a5ada3-3cdf-4dd5-b448-3f5e6b10cae4" testId="a8009935-515f-8ff9-6f0b-05a4894bf174" testName="NonEmptyQueueWrittenFromFrontReadsNotEmptyTest" computerName="STOVE-MASTER" duration="00:00:00.0020539" startTime="2018-05-03T19:14:47.3093285-05:00" endTime="2018-05-03T19:14:47.3133409-05:00" testType="13cdc9d9-ddb5-4fa4-a97d-d965ccfc6d4b" outcome="Failed" testListId="8c84fa94-04c1-424b-9868-57a2d4851a1d" relativeResultsDirectory="f5a5ada3-3cdf-4dd5-b448-3f5e6b10cae4">
      <Output>
        <ErrorInfo>
          <Message>El método de prueba QueueTests.DequeTest.NonEmptyQueueWrittenFromFrontReadsNotEmptyTest produjo la excepción: 
System.NotImplementedException: No se puede implementar el método o la operación.</Message>
          <StackTrace>    en EECS214Assignment1.Deque.AddFront(Object o)
   en QueueTests.DequeTest.NonEmptyQueueWrittenFromFrontReadsNotEmptyTest()
</StackTrace>
        </ErrorInfo>
      </Output>
    </UnitTestResult>
    <UnitTestResult executionId="2489208a-9404-46d2-ace0-6d91665aceff" testId="7d7af601-d5b8-8473-4e8c-1728efc4ea22" testName="RemoveEndOnEmptyQueueThrowsQueueEmptyExceptionTest" computerName="STOVE-MASTER" duration="00:00:00.0014933" startTime="2018-05-03T19:14:47.3176911-05:00" endTime="2018-05-03T19:14:47.3203615-05:00" testType="13cdc9d9-ddb5-4fa4-a97d-d965ccfc6d4b" outcome="Failed" testListId="8c84fa94-04c1-424b-9868-57a2d4851a1d" relativeResultsDirectory="2489208a-9404-46d2-ace0-6d91665aceff">
      <Output>
        <ErrorInfo>
          <Message>El método de prueba QueueTests.DequeTest.RemoveEndOnEmptyQueueThrowsQueueEmptyExceptionTest inició la excepción System.NotImplementedException, pero se esperaba la excepción EECS214Assignment1.QueueEmptyException. Mensaje de la excepción: System.NotImplementedException: No se puede implementar el método o la operación.</Message>
          <StackTrace>    en EECS214Assignment1.Deque.RemoveEnd()
   en QueueTests.DequeTest.RemoveEndOnEmptyQueueThrowsQueueEmptyExceptionTest()
</StackTrace>
        </ErrorInfo>
      </Output>
    </UnitTestResult>
    <UnitTestResult executionId="64491b43-8495-4e4f-944b-13c650b89a61" testId="03a1b3a6-dd92-af83-792a-b3caa1cfc64e" testName="RemoveFrontOnEmptyQueueThrowsQueueEmptyExceptionTest" computerName="STOVE-MASTER" duration="00:00:00.0017651" startTime="2018-05-03T19:14:47.3253729-05:00" endTime="2018-05-03T19:14:47.3293839-05:00" testType="13cdc9d9-ddb5-4fa4-a97d-d965ccfc6d4b" outcome="Failed" testListId="8c84fa94-04c1-424b-9868-57a2d4851a1d" relativeResultsDirectory="64491b43-8495-4e4f-944b-13c650b89a61">
      <Output>
        <ErrorInfo>
          <Message>El método de prueba QueueTests.DequeTest.RemoveFrontOnEmptyQueueThrowsQueueEmptyExceptionTest inició la excepción System.NotImplementedException, pero se esperaba la excepción EECS214Assignment1.QueueEmptyException. Mensaje de la excepción: System.NotImplementedException: No se puede implementar el método o la operación.</Message>
          <StackTrace>    en EECS214Assignment1.Deque.RemoveFront()
   en QueueTests.DequeTest.RemoveFrontOnEmptyQueueThrowsQueueEmptyExceptionTest()
</StackTrace>
        </ErrorInfo>
      </Output>
    </UnitTestResult>
    <UnitTestResult executionId="e584260d-18d6-4454-b665-a13a798ad98b" testId="fd6c20eb-525d-6a10-f7aa-e03ceedfe16f" testName="ConstructorCreatesEmptyQueueTest" computerName="STOVE-MASTER" duration="00:00:00.0013667" startTime="2018-05-03T19:14:47.3333935-05:00" endTime="2018-05-03T19:14:47.3364010-05:00" testType="13cdc9d9-ddb5-4fa4-a97d-d965ccfc6d4b" outcome="Failed" testListId="8c84fa94-04c1-424b-9868-57a2d4851a1d" relativeResultsDirectory="e584260d-18d6-4454-b665-a13a798ad98b">
      <Output>
        <ErrorInfo>
          <Message>El método de prueba QueueTests.LinkedListQueueTest.ConstructorCreatesEmptyQueueTest produjo la excepción: 
System.NotImplementedException: No se puede implementar el método o la operación.</Message>
          <StackTrace>    en EECS214Assignment1.LinkedListQueue.get_Count()
   en EECS214Assignment1.Queue.get_IsEmpty()
   en QueueTests.LinkedListQueueTest.ConstructorCreatesEmptyQueueTest()
</StackTrace>
        </ErrorInfo>
      </Output>
    </UnitTestResult>
    <UnitTestResult executionId="b5928112-7a9b-4378-8844-f21da5f76ed5" testId="3d821c1f-4535-cc22-0441-2178d0438ec5" testName="ConstructorCreatesNonFullQueueTest" computerName="STOVE-MASTER" duration="00:00:00.0012405" startTime="2018-05-03T19:14:47.3394099-05:00" endTime="2018-05-03T19:14:47.3424170-05:00" testType="13cdc9d9-ddb5-4fa4-a97d-d965ccfc6d4b" outcome="Failed" testListId="8c84fa94-04c1-424b-9868-57a2d4851a1d" relativeResultsDirectory="b5928112-7a9b-4378-8844-f21da5f76ed5">
      <Output>
        <ErrorInfo>
          <Message>El método de prueba QueueTests.LinkedListQueueTest.ConstructorCreatesNonFullQueueTest produjo la excepción: 
System.NotImplementedException: No se puede implementar el método o la operación.</Message>
          <StackTrace>    en EECS214Assignment1.LinkedListQueue.get_IsFull()
   en QueueTests.LinkedListQueueTest.ConstructorCreatesNonFullQueueTest()
</StackTrace>
        </ErrorInfo>
      </Output>
    </UnitTestResult>
    <UnitTestResult executionId="73930b42-f840-4d8a-8c2a-a178285b7e4c" testId="97365ef3-436d-9c9d-7432-5e36bdfa5b17" testName="CountTest" computerName="STOVE-MASTER" duration="00:00:00.0015056" startTime="2018-05-03T19:14:47.3464276-05:00" endTime="2018-05-03T19:14:47.3484344-05:00" testType="13cdc9d9-ddb5-4fa4-a97d-d965ccfc6d4b" outcome="Failed" testListId="8c84fa94-04c1-424b-9868-57a2d4851a1d" relativeResultsDirectory="73930b42-f840-4d8a-8c2a-a178285b7e4c">
      <Output>
        <ErrorInfo>
          <Message>El método de prueba QueueTests.LinkedListQueueTest.CountTest produjo la excepción: 
System.NotImplementedException: No se puede implementar el método o la operación.</Message>
          <StackTrace>    en EECS214Assignment1.LinkedListQueue.get_Count()
   en QueueTests.LinkedListQueueTest.CountTest()
</StackTrace>
        </ErrorInfo>
      </Output>
    </UnitTestResult>
    <UnitTestResult executionId="030324da-1554-4476-acc0-bc0338fc9bfa" testId="373800ba-b828-3141-13f3-14ad92fca915" testName="DataOrderPreservedTest" computerName="STOVE-MASTER" duration="00:00:00.0014302" startTime="2018-05-03T19:14:47.3524443-05:00" endTime="2018-05-03T19:14:47.3554518-05:00" testType="13cdc9d9-ddb5-4fa4-a97d-d965ccfc6d4b" outcome="Failed" testListId="8c84fa94-04c1-424b-9868-57a2d4851a1d" relativeResultsDirectory="030324da-1554-4476-acc0-bc0338fc9bfa">
      <Output>
        <ErrorInfo>
          <Message>El método de prueba QueueTests.LinkedListQueueTest.DataOrderPreservedTest produjo la excepción: 
System.NotImplementedException: No se puede implementar el método o la operación.</Message>
          <StackTrace>    en EECS214Assignment1.LinkedListQueue.Enqueue(Object o)
   en QueueTests.LinkedListQueueTest.DataOrderPreservedTest()
</StackTrace>
        </ErrorInfo>
      </Output>
    </UnitTestResult>
    <UnitTestResult executionId="05364bbb-2c70-472e-b9c2-c44fb17bc1e4" testId="72df603b-478e-691e-c9b9-cdc0bacfe212" testName="DequeueOnEmptyQueueThrowsQueueEmptyExceptionTest" computerName="STOVE-MASTER" duration="00:00:00.0012348" startTime="2018-05-03T19:14:47.3595376-05:00" endTime="2018-05-03T19:14:47.3614678-05:00" testType="13cdc9d9-ddb5-4fa4-a97d-d965ccfc6d4b" outcome="Failed" testListId="8c84fa94-04c1-424b-9868-57a2d4851a1d" relativeResultsDirectory="05364bbb-2c70-472e-b9c2-c44fb17bc1e4">
      <Output>
        <ErrorInfo>
          <Message>El método de prueba QueueTests.LinkedListQueueTest.DequeueOnEmptyQueueThrowsQueueEmptyExceptionTest inició la excepción System.NotImplementedException, pero se esperaba la excepción EECS214Assignment1.QueueEmptyException. Mensaje de la excepción: System.NotImplementedException: No se puede implementar el método o la operación.</Message>
          <StackTrace>    en EECS214Assignment1.LinkedListQueue.Dequeue()
   en QueueTests.LinkedListQueueTest.DequeueOnEmptyQueueThrowsQueueEmptyExceptionTest()
</StackTrace>
        </ErrorInfo>
      </Output>
    </UnitTestResult>
    <UnitTestResult executionId="e49d9ad0-a939-4440-8a27-f5f36a18b721" testId="091f89d3-0ed1-30d7-5c4b-fdd3fa0faa90" testName="NonEmptyQueueReadsNotEmptyTest" computerName="STOVE-MASTER" duration="00:00:00.0012669" startTime="2018-05-03T19:14:47.3654792-05:00" endTime="2018-05-03T19:14:47.3674845-05:00" testType="13cdc9d9-ddb5-4fa4-a97d-d965ccfc6d4b" outcome="Failed" testListId="8c84fa94-04c1-424b-9868-57a2d4851a1d" relativeResultsDirectory="e49d9ad0-a939-4440-8a27-f5f36a18b721">
      <Output>
        <ErrorInfo>
          <Message>El método de prueba QueueTests.LinkedListQueueTest.NonEmptyQueueReadsNotEmptyTest produjo la excepción: 
System.NotImplementedException: No se puede implementar el método o la operación.</Message>
          <StackTrace>    en EECS214Assignment1.LinkedListQueue.Enqueue(Object o)
   en QueueTests.LinkedListQueueTest.NonEmptyQueueReadsNotEmptyTest()
</StackTrace>
        </ErrorInfo>
      </Output>
    </UnitTestResult>
  </Results>
</TestRun>