<?xml version="1.0" encoding="UTF-8"?>
<TestRun id="f3f3353f-8548-4e12-8104-741a57a7ccb0" name="Ethan@STOVE-MASTER 2018-05-03 21:55:54" runUser="STOVE-MASTER\Ethan" xmlns="http://microsoft.com/schemas/VisualStudio/TeamTest/2010">
  <TestSettings name="Configuración de pruebas predeterminada" id="2a9afe90-4819-41ac-9cec-224eabe7b65b">
    <Execution>
      <TestTypeSpecific />
      <AgentRule name="Execution Agents">
      </AgentRule>
    </Execution>
    <Deployment runDeploymentRoot="Ethan_STOVE-MASTER 2018-05-03 21_55_54" />
    <Properties />
  </TestSettings>
  <Times creation="2018-05-03T21:55:54.6655447-05:00" queuing="2018-05-03T21:55:54.9675328-05:00" start="2018-05-03T21:55:55.0312023-05:00" finish="2018-05-03T21:55:55.5601388-05:00" />
  <ResultSummary outcome="Failed">
    <Counters total="20" executed="20" error="0" failed="20" timeout="0" aborted="0" inconclusive="0" passedButRunAborted="0" notRunnable="0" notExecuted="0" disconnected="0" warning="0" passed="0" completed="0" inProgress="0" pending="0" />
    <RunInfos>
      <RunInfo computerName="STOVE-MASTER" outcome="Warning" timestamp="2018-05-03T21:55:54.7732790-05:00">
        <Text>Advertencia: problema de implementación de serie de pruebas: no se encuentra el ensamblado o módulo 'Assignment1' al que hace referencia directa o indirectamente el contenedor de prueba 'C:\Users\Ethan\Projects\214\autovonbismarck\sandbox\queuetests.dll'.</Text>
      </RunInfo>
    </RunInfos>
  </ResultSummary>
  <TestDefinitions>
    <UnitTest name="NonEmptyQueueReadsNotEmptyTest" storage="queuetests.dll" id="091f89d3-0ed1-30d7-5c4b-fdd3fa0faa90">
      <Execution id="a2e2dd9e-a741-4cdf-98c4-4cacb1dd3244" />
      <TestMethod codeBase="C:/Users/Ethan/Projects/214/autovonbismarck/sandbox/QueueTests.dll" adapterTypeName="Microsoft.VisualStudio.TestTools.TestTypes.Unit.UnitTestAdapter, Microsoft.VisualStudio.QualityTools.Tips.UnitTest.Adapter, Version=15.0.0.0, Culture=neutral, PublicKeyToken=b03f5f7f11d50a3a" className="QueueTests.LinkedListQueueTest, QueueTests, Version=1.1.0.0, Culture=neutral, PublicKeyToken=null" name="NonEmptyQueueReadsNotEmptyTest" />
    </UnitTest>
    <UnitTest name="ConstructorCreatesEmptyQueueTest" storage="queuetests.dll" id="1cb0a1e2-2261-0d1a-ef0f-bcef8b0ea15f">
      <Execution id="22a5b10c-9689-4a53-a85d-4d8fa48a9969" />
      <TestMethod codeBase="C:/Users/Ethan/Projects/214/autovonbismarck/sandbox/QueueTests.dll" adapterTypeName="Microsoft.VisualStudio.TestTools.TestTypes.Unit.UnitTestAdapter, Microsoft.VisualStudio.QualityTools.Tips.UnitTest.Adapter, Version=15.0.0.0, Culture=neutral, PublicKeyToken=b03f5f7f11d50a3a" className="QueueTests.ArrayQueueTest, QueueTests, Version=1.1.0.0, Culture=neutral, PublicKeyToken=null" name="ConstructorCreatesEmptyQueueTest" />
    </UnitTest>
    <UnitTest name="EnqueueToFullQueueThrowsQueueFullExceptionTest" storage="queuetests.dll" id="7c46bf1f-4cc7-0ba7-67e8-52f5cd3c9713">
      <Execution id="ac418bd3-4627-4c37-be5b-7ee5a7a87646" />
      <TestMethod codeBase="C:/Users/Ethan/Projects/214/autovonbismarck/sandbox/QueueTests.dll" adapterTypeName="Microsoft.VisualStudio.TestTools.TestTypes.Unit.UnitTestAdapter, Microsoft.VisualStudio.QualityTools.Tips.UnitTest.Adapter, Version=15.0.0.0, Culture=neutral, PublicKeyToken=b03f5f7f11d50a3a" className="QueueTests.ArrayQueueTest, QueueTests, Version=1.1.0.0, Culture=neutral, PublicKeyToken=null" name="EnqueueToFullQueueThrowsQueueFullExceptionTest" />
    </UnitTest>
    <UnitTest name="ConstructorCreatesEmptyQueueTest" storage="queuetests.dll" id="13d9bdf6-60d6-7932-e7f8-0dff2188658f">
      <Execution id="e34bb338-9c35-41a7-affe-24c1454305e3" />
      <TestMethod codeBase="C:/Users/Ethan/Projects/214/autovonbismarck/sandbox/QueueTests.dll" adapterTypeName="Microsoft.VisualStudio.TestTools.TestTypes.Unit.UnitTestAdapter, Microsoft.VisualStudio.QualityTools.Tips.UnitTest.Adapter, Version=15.0.0.0, Culture=neutral, PublicKeyToken=b03f5f7f11d50a3a" className="QueueTests.DequeTest, QueueTests, Version=1.1.0.0, Culture=neutral, PublicKeyToken=null" name="ConstructorCreatesEmptyQueueTest" />
    </UnitTest>
    <UnitTest name="NonEmptyQueueWrittenFromFrontReadsNotEmptyTest" storage="queuetests.dll" id="a8009935-515f-8ff9-6f0b-05a4894bf174">
      <Execution id="99b586e5-aa24-4827-adfc-56402f5ad84a" />
      <TestMethod codeBase="C:/Users/Ethan/Projects/214/autovonbismarck/sandbox/QueueTests.dll" adapterTypeName="Microsoft.VisualStudio.TestTools.TestTypes.Unit.UnitTestAdapter, Microsoft.VisualStudio.QualityTools.Tips.UnitTest.Adapter, Version=15.0.0.0, Culture=neutral, PublicKeyToken=b03f5f7f11d50a3a" className="QueueTests.DequeTest, QueueTests, Version=1.1.0.0, Culture=neutral, PublicKeyToken=null" name="NonEmptyQueueWrittenFromFrontReadsNotEmptyTest" />
    </UnitTest>
    <UnitTest name="DataOrderPreservedTest" storage="queuetests.dll" id="373800ba-b828-3141-13f3-14ad92fca915">
      <Execution id="3ff79a9b-637b-42d4-8270-e28626c31065" />
      <TestMethod codeBase="C:/Users/Ethan/Projects/214/autovonbismarck/sandbox/QueueTests.dll" adapterTypeName="Microsoft.VisualStudio.TestTools.TestTypes.Unit.UnitTestAdapter, Microsoft.VisualStudio.QualityTools.Tips.UnitTest.Adapter, Version=15.0.0.0, Culture=neutral, PublicKeyToken=b03f5f7f11d50a3a" className="QueueTests.LinkedListQueueTest, QueueTests, Version=1.1.0.0, Culture=neutral, PublicKeyToken=null" name="DataOrderPreservedTest" />
    </UnitTest>
    <UnitTest name="DataOrderPreservedTest" storage="queuetests.dll" id="f013084a-d4ea-a9f8-357a-4047b1176ab2">
      <Execution id="9d33b8c2-97ac-46e5-9ec3-61f737a4325a" />
      <TestMethod codeBase="C:/Users/Ethan/Projects/214/autovonbismarck/sandbox/QueueTests.dll" adapterTypeName="Microsoft.VisualStudio.TestTools.TestTypes.Unit.UnitTestAdapter, Microsoft.VisualStudio.QualityTools.Tips.UnitTest.Adapter, Version=15.0.0.0, Culture=neutral, PublicKeyToken=b03f5f7f11d50a3a" className="QueueTests.ArrayQueueTest, QueueTests, Version=1.1.0.0, Culture=neutral, PublicKeyToken=null" name="DataOrderPreservedTest" />
    </UnitTest>
    <UnitTest name="RemoveFrontOnEmptyQueueThrowsQueueEmptyExceptionTest" storage="queuetests.dll" id="03a1b3a6-dd92-af83-792a-b3caa1cfc64e">
      <Execution id="bfa96b43-8c80-451e-8d2b-46f1e43b60c8" />
      <TestMethod codeBase="C:/Users/Ethan/Projects/214/autovonbismarck/sandbox/QueueTests.dll" adapterTypeName="Microsoft.VisualStudio.TestTools.TestTypes.Unit.UnitTestAdapter, Microsoft.VisualStudio.QualityTools.Tips.UnitTest.Adapter, Version=15.0.0.0, Culture=neutral, PublicKeyToken=b03f5f7f11d50a3a" className="QueueTests.DequeTest, QueueTests, Version=1.1.0.0, Culture=neutral, PublicKeyToken=null" name="RemoveFrontOnEmptyQueueThrowsQueueEmptyExceptionTest" />
    </UnitTest>
    <UnitTest name="DequeueOnEmptyQueueThrowsQueueEmptyExceptionTest" storage="queuetests.dll" id="282e02e9-49c3-e1d4-f2ea-59cee629a781">
      <Execution id="fd92dfed-a9d3-4cab-98a2-176a9daecd25" />
      <TestMethod codeBase="C:/Users/Ethan/Projects/214/autovonbismarck/sandbox/QueueTests.dll" adapterTypeName="Microsoft.VisualStudio.TestTools.TestTypes.Unit.UnitTestAdapter, Microsoft.VisualStudio.QualityTools.Tips.UnitTest.Adapter, Version=15.0.0.0, Culture=neutral, PublicKeyToken=b03f5f7f11d50a3a" className="QueueTests.ArrayQueueTest, QueueTests, Version=1.1.0.0, Culture=neutral, PublicKeyToken=null" name="DequeueOnEmptyQueueThrowsQueueEmptyExceptionTest" />
    </UnitTest>
    <UnitTest name="ConstructorCreatesNonFullQueueTest" storage="queuetests.dll" id="3d821c1f-4535-cc22-0441-2178d0438ec5">
      <Execution id="1ffd4231-4087-48e2-815f-2a0cb0e9ba76" />
      <TestMethod codeBase="C:/Users/Ethan/Projects/214/autovonbismarck/sandbox/QueueTests.dll" adapterTypeName="Microsoft.VisualStudio.TestTools.TestTypes.Unit.UnitTestAdapter, Microsoft.VisualStudio.QualityTools.Tips.UnitTest.Adapter, Version=15.0.0.0, Culture=neutral, PublicKeyToken=b03f5f7f11d50a3a" className="QueueTests.LinkedListQueueTest, QueueTests, Version=1.1.0.0, Culture=neutral, PublicKeyToken=null" name="ConstructorCreatesNonFullQueueTest" />
    </UnitTest>
    <UnitTest name="CountTest" storage="queuetests.dll" id="97365ef3-436d-9c9d-7432-5e36bdfa5b17">
      <Execution id="b39b9c96-d431-45f7-bd73-7321232d01d3" />
      <TestMethod codeBase="C:/Users/Ethan/Projects/214/autovonbismarck/sandbox/QueueTests.dll" adapterTypeName="Microsoft.VisualStudio.TestTools.TestTypes.Unit.UnitTestAdapter, Microsoft.VisualStudio.QualityTools.Tips.UnitTest.Adapter, Version=15.0.0.0, Culture=neutral, PublicKeyToken=b03f5f7f11d50a3a" className="QueueTests.LinkedListQueueTest, QueueTests, Version=1.1.0.0, Culture=neutral, PublicKeyToken=null" name="CountTest" />
    </UnitTest>
    <UnitTest name="ConstructorCreatesEmptyQueueTest" storage="queuetests.dll" id="fd6c20eb-525d-6a10-f7aa-e03ceedfe16f">
      <Execution id="11aa66aa-93ea-40d9-a713-9ddc32926dcd" />
      <TestMethod codeBase="C:/Users/Ethan/Projects/214/autovonbismarck/sandbox/QueueTests.dll" adapterTypeName="Microsoft.VisualStudio.TestTools.TestTypes.Unit.UnitTestAdapter, Microsoft.VisualStudio.QualityTools.Tips.UnitTest.Adapter, Version=15.0.0.0, Culture=neutral, PublicKeyToken=b03f5f7f11d50a3a" className="QueueTests.LinkedListQueueTest, QueueTests, Version=1.1.0.0, Culture=neutral, PublicKeyToken=null" name="ConstructorCreatesEmptyQueueTest" />
    </UnitTest>
    <UnitTest name="NonEmptyQueueReadsNotEmptyTest" storage="queuetests.dll" id="49e4a240-89e9-7d60-9a13-7ab7ec646d86">
      <Execution id="ea05b016-0d81-4eec-8052-c55014ae7954" />
      <TestMethod codeBase="C:/Users/Ethan/Projects/214/autovonbismarck/sandbox/QueueTests.dll" adapterTypeName="Microsoft.VisualStudio.TestTools.TestTypes.Unit.UnitTestAdapter, Microsoft.VisualStudio.QualityTools.Tips.UnitTest.Adapter, Version=15.0.0.0, Culture=neutral, PublicKeyToken=b03f5f7f11d50a3a" className="QueueTests.DequeTest, QueueTests, Version=1.1.0.0, Culture=neutral, PublicKeyToken=null" name="NonEmptyQueueReadsNotEmptyTest" />
    </UnitTest>
    <UnitTest name="DataOrderPreservedWrittenEndwardTest" storage="queuetests.dll" id="066e5acd-d732-0380-d030-80aabd1a46ae">
      <Execution id="aa540965-d479-48b7-83f3-1587bfa1ff64" />
      <TestMethod codeBase="C:/Users/Ethan/Projects/214/autovonbismarck/sandbox/QueueTests.dll" adapterTypeName="Microsoft.VisualStudio.TestTools.TestTypes.Unit.UnitTestAdapter, Microsoft.VisualStudio.QualityTools.Tips.UnitTest.Adapter, Version=15.0.0.0, Culture=neutral, PublicKeyToken=b03f5f7f11d50a3a" className="QueueTests.DequeTest, QueueTests, Version=1.1.0.0, Culture=neutral, PublicKeyToken=null" name="DataOrderPreservedWrittenEndwardTest" />
    </UnitTest>
    <UnitTest name="DequeueOnEmptyQueueThrowsQueueEmptyExceptionTest" storage="queuetests.dll" id="72df603b-478e-691e-c9b9-cdc0bacfe212">
      <Execution id="f30f299e-5bdc-4128-a532-249001a2623d" />
      <TestMethod codeBase="C:/Users/Ethan/Projects/214/autovonbismarck/sandbox/QueueTests.dll" adapterTypeName="Microsoft.VisualStudio.TestTools.TestTypes.Unit.UnitTestAdapter, Microsoft.VisualStudio.QualityTools.Tips.UnitTest.Adapter, Version=15.0.0.0, Culture=neutral, PublicKeyToken=b03f5f7f11d50a3a" className="QueueTests.LinkedListQueueTest, QueueTests, Version=1.1.0.0, Culture=neutral, PublicKeyToken=null" name="DequeueOnEmptyQueueThrowsQueueEmptyExceptionTest" />
    </UnitTest>
    <UnitTest name="RemoveEndOnEmptyQueueThrowsQueueEmptyExceptionTest" storage="queuetests.dll" id="7d7af601-d5b8-8473-4e8c-1728efc4ea22">
      <Execution id="a9657b97-1b0a-4346-a5fe-e642ac34aef4" />
      <TestMethod codeBase="C:/Users/Ethan/Projects/214/autovonbismarck/sandbox/QueueTests.dll" adapterTypeName="Microsoft.VisualStudio.TestTools.TestTypes.Unit.UnitTestAdapter, Microsoft.VisualStudio.QualityTools.Tips.UnitTest.Adapter, Version=15.0.0.0, Culture=neutral, PublicKeyToken=b03f5f7f11d50a3a" className="QueueTests.DequeTest, QueueTests, Version=1.1.0.0, Culture=neutral, PublicKeyToken=null" name="RemoveEndOnEmptyQueueThrowsQueueEmptyExceptionTest" />
    </UnitTest>
    <UnitTest name="DataOrderPreservedTest" storage="queuetests.dll" id="cbfdef17-e7f3-e7a4-92ed-bd0caaf2671c">
      <Execution id="9fef787c-a71b-49e5-845c-ee4ba3f92a2b" />
      <TestMethod codeBase="C:/Users/Ethan/Projects/214/autovonbismarck/sandbox/QueueTests.dll" adapterTypeName="Microsoft.VisualStudio.TestTools.TestTypes.Unit.UnitTestAdapter, Microsoft.VisualStudio.QualityTools.Tips.UnitTest.Adapter, Version=15.0.0.0, Culture=neutral, PublicKeyToken=b03f5f7f11d50a3a" className="QueueTests.DequeTest, QueueTests, Version=1.1.0.0, Culture=neutral, PublicKeyToken=null" name="DataOrderPreservedTest" />
    </UnitTest>
    <UnitTest name="CountTest" storage="queuetests.dll" id="043f3c5a-7887-abdc-d249-173d4b7b8591">
      <Execution id="fa8be36b-c25f-4283-a4e7-a71e1145a354" />
      <TestMethod codeBase="C:/Users/Ethan/Projects/214/autovonbismarck/sandbox/QueueTests.dll" adapterTypeName="Microsoft.VisualStudio.TestTools.TestTypes.Unit.UnitTestAdapter, Microsoft.VisualStudio.QualityTools.Tips.UnitTest.Adapter, Version=15.0.0.0, Culture=neutral, PublicKeyToken=b03f5f7f11d50a3a" className="QueueTests.ArrayQueueTest, QueueTests, Version=1.1.0.0, Culture=neutral, PublicKeyToken=null" name="CountTest" />
    </UnitTest>
    <UnitTest name="CountTest" storage="queuetests.dll" id="10d73257-6859-e940-a43d-85dc5f42184c">
      <Execution id="14fe682c-12aa-4fd4-853e-c49d189baa03" />
      <TestMethod codeBase="C:/Users/Ethan/Projects/214/autovonbismarck/sandbox/QueueTests.dll" adapterTypeName="Microsoft.VisualStudio.TestTools.TestTypes.Unit.UnitTestAdapter, Microsoft.VisualStudio.QualityTools.Tips.UnitTest.Adapter, Version=15.0.0.0, Culture=neutral, PublicKeyToken=b03f5f7f11d50a3a" className="QueueTests.DequeTest, QueueTests, Version=1.1.0.0, Culture=neutral, PublicKeyToken=null" name="CountTest" />
    </UnitTest>
    <UnitTest name="ConstructorCreatesNonFullQueueTest" storage="queuetests.dll" id="1fd90ceb-f0d0-1e68-b554-ad1d4ba25e72">
      <Execution id="b8fbf058-09ec-4064-ada0-edeafa928cd3" />
      <TestMethod codeBase="C:/Users/Ethan/Projects/214/autovonbismarck/sandbox/QueueTests.dll" adapterTypeName="Microsoft.VisualStudio.TestTools.TestTypes.Unit.UnitTestAdapter, Microsoft.VisualStudio.QualityTools.Tips.UnitTest.Adapter, Version=15.0.0.0, Culture=neutral, PublicKeyToken=b03f5f7f11d50a3a" className="QueueTests.ArrayQueueTest, QueueTests, Version=1.1.0.0, Culture=neutral, PublicKeyToken=null" name="ConstructorCreatesNonFullQueueTest" />
    </UnitTest>
  </TestDefinitions>
  <TestLists>
    <TestList name="Resultados que no están en la lista" id="8c84fa94-04c1-424b-9868-57a2d4851a1d" />
    <TestList name="Todos los resultados cargados" id="19431567-8539-422a-85d7-44ee4e166bda" />
  </TestLists>
  <TestEntries>
    <TestEntry testId="1cb0a1e2-2261-0d1a-ef0f-bcef8b0ea15f" executionId="22a5b10c-9689-4a53-a85d-4d8fa48a9969" testListId="8c84fa94-04c1-424b-9868-57a2d4851a1d" />
    <TestEntry testId="1fd90ceb-f0d0-1e68-b554-ad1d4ba25e72" executionId="b8fbf058-09ec-4064-ada0-edeafa928cd3" testListId="8c84fa94-04c1-424b-9868-57a2d4851a1d" />
    <TestEntry testId="043f3c5a-7887-abdc-d249-173d4b7b8591" executionId="fa8be36b-c25f-4283-a4e7-a71e1145a354" testListId="8c84fa94-04c1-424b-9868-57a2d4851a1d" />
    <TestEntry testId="f013084a-d4ea-a9f8-357a-4047b1176ab2" executionId="9d33b8c2-97ac-46e5-9ec3-61f737a4325a" testListId="8c84fa94-04c1-424b-9868-57a2d4851a1d" />
    <TestEntry testId="282e02e9-49c3-e1d4-f2ea-59cee629a781" executionId="fd92dfed-a9d3-4cab-98a2-176a9daecd25" testListId="8c84fa94-04c1-424b-9868-57a2d4851a1d" />
    <TestEntry testId="7c46bf1f-4cc7-0ba7-67e8-52f5cd3c9713" executionId="ac418bd3-4627-4c37-be5b-7ee5a7a87646" testListId="8c84fa94-04c1-424b-9868-57a2d4851a1d" />
    <TestEntry testId="13d9bdf6-60d6-7932-e7f8-0dff2188658f" executionId="e34bb338-9c35-41a7-affe-24c1454305e3" testListId="8c84fa94-04c1-424b-9868-57a2d4851a1d" />
    <TestEntry testId="10d73257-6859-e940-a43d-85dc5f42184c" executionId="14fe682c-12aa-4fd4-853e-c49d189baa03" testListId="8c84fa94-04c1-424b-9868-57a2d4851a1d" />
    <TestEntry testId="cbfdef17-e7f3-e7a4-92ed-bd0caaf2671c" executionId="9fef787c-a71b-49e5-845c-ee4ba3f92a2b" testListId="8c84fa94-04c1-424b-9868-57a2d4851a1d" />
    <TestEntry testId="066e5acd-d732-0380-d030-80aabd1a46ae" executionId="aa540965-d479-48b7-83f3-1587bfa1ff64" testListId="8c84fa94-04c1-424b-9868-57a2d4851a1d" />
    <TestEntry testId="49e4a240-89e9-7d60-9a13-7ab7ec646d86" executionId="ea05b016-0d81-4eec-8052-c55014ae7954" testListId="8c84fa94-04c1-424b-9868-57a2d4851a1d" />
    <TestEntry testId="a8009935-515f-8ff9-6f0b-05a4894bf174" executionId="99b586e5-aa24-4827-adfc-56402f5ad84a" testListId="8c84fa94-04c1-424b-9868-57a2d4851a1d" />
    <TestEntry testId="7d7af601-d5b8-8473-4e8c-1728efc4ea22" executionId="a9657b97-1b0a-4346-a5fe-e642ac34aef4" testListId="8c84fa94-04c1-424b-9868-57a2d4851a1d" />
    <TestEntry testId="03a1b3a6-dd92-af83-792a-b3caa1cfc64e" executionId="bfa96b43-8c80-451e-8d2b-46f1e43b60c8" testListId="8c84fa94-04c1-424b-9868-57a2d4851a1d" />
    <TestEntry testId="fd6c20eb-525d-6a10-f7aa-e03ceedfe16f" executionId="11aa66aa-93ea-40d9-a713-9ddc32926dcd" testListId="8c84fa94-04c1-424b-9868-57a2d4851a1d" />
    <TestEntry testId="3d821c1f-4535-cc22-0441-2178d0438ec5" executionId="1ffd4231-4087-48e2-815f-2a0cb0e9ba76" testListId="8c84fa94-04c1-424b-9868-57a2d4851a1d" />
    <TestEntry testId="97365ef3-436d-9c9d-7432-5e36bdfa5b17" executionId="b39b9c96-d431-45f7-bd73-7321232d01d3" testListId="8c84fa94-04c1-424b-9868-57a2d4851a1d" />
    <TestEntry testId="373800ba-b828-3141-13f3-14ad92fca915" executionId="3ff79a9b-637b-42d4-8270-e28626c31065" testListId="8c84fa94-04c1-424b-9868-57a2d4851a1d" />
    <TestEntry testId="72df603b-478e-691e-c9b9-cdc0bacfe212" executionId="f30f299e-5bdc-4128-a532-249001a2623d" testListId="8c84fa94-04c1-424b-9868-57a2d4851a1d" />
    <TestEntry testId="091f89d3-0ed1-30d7-5c4b-fdd3fa0faa90" executionId="a2e2dd9e-a741-4cdf-98c4-4cacb1dd3244" testListId="8c84fa94-04c1-424b-9868-57a2d4851a1d" />
  </TestEntries>
  <Results>
    <UnitTestResult executionId="22a5b10c-9689-4a53-a85d-4d8fa48a9969" testId="1cb0a1e2-2261-0d1a-ef0f-bcef8b0ea15f" testName="ConstructorCreatesEmptyQueueTest" computerName="STOVE-MASTER" duration="00:00:00.0283383" startTime="2018-05-03T21:55:55.0998847-05:00" endTime="2018-05-03T21:55:55.4051965-05:00" testType="13cdc9d9-ddb5-4fa4-a97d-d965ccfc6d4b" outcome="Failed" testListId="8c84fa94-04c1-424b-9868-57a2d4851a1d" relativeResultsDirectory="22a5b10c-9689-4a53-a85d-4d8fa48a9969">
      <Output>
        <ErrorInfo>
          <Message>El método de prueba QueueTests.ArrayQueueTest.ConstructorCreatesEmptyQueueTest produjo la excepción: 
System.IO.FileNotFoundException: No se puede cargar el archivo o ensamblado 'Assignment1, Version=1.1.0.0, Culture=neutral, PublicKeyToken=null' ni una de sus dependencias. El sistema no puede encontrar el archivo especificado.AVS: El registro del enlace de ensamblado está desactivado.
Para habilitar el registro de errores del enlace de ensamblado, establezca el valor de Registro [HKLM\Software\Microsoft\Fusion!EnableLog] (DWORD) como 1.
Nota: existe una disminución del rendimiento asociada registro de errores del enlace de ensamblado.
Para desactivar esta característica, elimine el valor de Registro [HKLM\Software\Microsoft\Fusion!EnableLog].
</Message>
          <StackTrace>    en QueueTests.ArrayQueueTest.ConstructorCreatesEmptyQueueTest()
</StackTrace>
        </ErrorInfo>
      </Output>
    </UnitTestResult>
    <UnitTestResult executionId="b8fbf058-09ec-4064-ada0-edeafa928cd3" testId="1fd90ceb-f0d0-1e68-b554-ad1d4ba25e72" testName="ConstructorCreatesNonFullQueueTest" computerName="STOVE-MASTER" duration="00:00:00.0022295" startTime="2018-05-03T21:55:55.4097086-05:00" endTime="2018-05-03T21:55:55.4137196-05:00" testType="13cdc9d9-ddb5-4fa4-a97d-d965ccfc6d4b" outcome="Failed" testListId="8c84fa94-04c1-424b-9868-57a2d4851a1d" relativeResultsDirectory="b8fbf058-09ec-4064-ada0-edeafa928cd3">
      <Output>
        <ErrorInfo>
          <Message>El método de prueba QueueTests.ArrayQueueTest.ConstructorCreatesNonFullQueueTest produjo la excepción: 
System.IO.FileNotFoundException: No se puede cargar el archivo o ensamblado 'Assignment1, Version=1.1.0.0, Culture=neutral, PublicKeyToken=null' ni una de sus dependencias. El sistema no puede encontrar el archivo especificado.AVS: El registro del enlace de ensamblado está desactivado.
Para habilitar el registro de errores del enlace de ensamblado, establezca el valor de Registro [HKLM\Software\Microsoft\Fusion!EnableLog] (DWORD) como 1.
Nota: existe una disminución del rendimiento asociada registro de errores del enlace de ensamblado.
Para desactivar esta característica, elimine el valor de Registro [HKLM\Software\Microsoft\Fusion!EnableLog].
</Message>
          <StackTrace>    en QueueTests.ArrayQueueTest.ConstructorCreatesNonFullQueueTest()
</StackTrace>
        </ErrorInfo>
      </Output>
    </UnitTestResult>
    <UnitTestResult executionId="fa8be36b-c25f-4283-a4e7-a71e1145a354" testId="043f3c5a-7887-abdc-d249-173d4b7b8591" testName="CountTest" computerName="STOVE-MASTER" duration="00:00:00.0013977" startTime="2018-05-03T21:55:55.4187327-05:00" endTime="2018-05-03T21:55:55.4217420-05:00" testType="13cdc9d9-ddb5-4fa4-a97d-d965ccfc6d4b" outcome="Failed" testListId="8c84fa94-04c1-424b-9868-57a2d4851a1d" relativeResultsDirectory="fa8be36b-c25f-4283-a4e7-a71e1145a354">
      <Output>
        <ErrorInfo>
          <Message>El método de prueba QueueTests.ArrayQueueTest.CountTest produjo la excepción: 
System.IO.FileNotFoundException: No se puede cargar el archivo o ensamblado 'Assignment1, Version=1.1.0.0, Culture=neutral, PublicKeyToken=null' ni una de sus dependencias. El sistema no puede encontrar el archivo especificado.AVS: El registro del enlace de ensamblado está desactivado.
Para habilitar el registro de errores del enlace de ensamblado, establezca el valor de Registro [HKLM\Software\Microsoft\Fusion!EnableLog] (DWORD) como 1.
Nota: existe una disminución del rendimiento asociada registro de errores del enlace de ensamblado.
Para desactivar esta característica, elimine el valor de Registro [HKLM\Software\Microsoft\Fusion!EnableLog].
</Message>
          <StackTrace>    en QueueTests.ArrayQueueTest.CountTest()
</StackTrace>
        </ErrorInfo>
      </Output>
    </UnitTestResult>
    <UnitTestResult executionId="9d33b8c2-97ac-46e5-9ec3-61f737a4325a" testId="f013084a-d4ea-a9f8-357a-4047b1176ab2" testName="DataOrderPreservedTest" computerName="STOVE-MASTER" duration="00:00:00.0018977" startTime="2018-05-03T21:55:55.4257519-05:00" endTime="2018-05-03T21:55:55.4297619-05:00" testType="13cdc9d9-ddb5-4fa4-a97d-d965ccfc6d4b" outcome="Failed" testListId="8c84fa94-04c1-424b-9868-57a2d4851a1d" relativeResultsDirectory="9d33b8c2-97ac-46e5-9ec3-61f737a4325a">
      <Output>
        <ErrorInfo>
          <Message>El método de prueba QueueTests.ArrayQueueTest.DataOrderPreservedTest produjo la excepción: 
System.IO.FileNotFoundException: No se puede cargar el archivo o ensamblado 'Assignment1, Version=1.1.0.0, Culture=neutral, PublicKeyToken=null' ni una de sus dependencias. El sistema no puede encontrar el archivo especificado.AVS: El registro del enlace de ensamblado está desactivado.
Para habilitar el registro de errores del enlace de ensamblado, establezca el valor de Registro [HKLM\Software\Microsoft\Fusion!EnableLog] (DWORD) como 1.
Nota: existe una disminución del rendimiento asociada registro de errores del enlace de ensamblado.
Para desactivar esta característica, elimine el valor de Registro [HKLM\Software\Microsoft\Fusion!EnableLog].
</Message>
          <StackTrace>    en QueueTests.ArrayQueueTest.DataOrderPreservedTest()
</StackTrace>
        </ErrorInfo>
      </Output>
    </UnitTestResult>
    <UnitTestResult executionId="fd92dfed-a9d3-4cab-98a2-176a9daecd25" testId="282e02e9-49c3-e1d4-f2ea-59cee629a781" testName="DequeueOnEmptyQueueThrowsQueueEmptyExceptionTest" computerName="STOVE-MASTER" startTime="2018-05-03T21:55:55.4337729-05:00" endTime="2018-05-03T21:55:55.4362814-05:00" testType="13cdc9d9-ddb5-4fa4-a97d-d965ccfc6d4b" outcome="Failed" testListId="8c84fa94-04c1-424b-9868-57a2d4851a1d" relativeResultsDirectory="fd92dfed-a9d3-4cab-98a2-176a9daecd25">
      <Output>
        <ErrorInfo>
          <Message>El atributo ExpectedException definido en el método de prueba QueueTests.ArrayQueueTest.DequeueOnEmptyQueueThrowsQueueEmptyExceptionTest inició una excepción durante la construcción.
System.IO.FileNotFoundException: No se puede cargar el archivo o ensamblado 'Assignment1, Version=1.1.0.0, Culture=neutral, PublicKeyToken=null' ni una de sus dependencias. El sistema no puede encontrar el archivo especificado.AVS: El registro del enlace de ensamblado está desactivado.
Para habilitar el registro de errores del enlace de ensamblado, establezca el valor de Registro [HKLM\Software\Microsoft\Fusion!EnableLog] (DWORD) como 1.
Nota: existe una disminución del rendimiento asociada registro de errores del enlace de ensamblado.
Para desactivar esta característica, elimine el valor de Registro [HKLM\Software\Microsoft\Fusion!EnableLog].
</Message>
        </ErrorInfo>
      </Output>
    </UnitTestResult>
    <UnitTestResult executionId="ac418bd3-4627-4c37-be5b-7ee5a7a87646" testId="7c46bf1f-4cc7-0ba7-67e8-52f5cd3c9713" testName="EnqueueToFullQueueThrowsQueueFullExceptionTest" computerName="STOVE-MASTER" startTime="2018-05-03T21:55:55.4402910-05:00" endTime="2018-05-03T21:55:55.4448020-05:00" testType="13cdc9d9-ddb5-4fa4-a97d-d965ccfc6d4b" outcome="Failed" testListId="8c84fa94-04c1-424b-9868-57a2d4851a1d" relativeResultsDirectory="ac418bd3-4627-4c37-be5b-7ee5a7a87646">
      <Output>
        <ErrorInfo>
          <Message>El atributo ExpectedException definido en el método de prueba QueueTests.ArrayQueueTest.EnqueueToFullQueueThrowsQueueFullExceptionTest inició una excepción durante la construcción.
System.IO.FileNotFoundException: No se puede cargar el archivo o ensamblado 'Assignment1, Version=1.1.0.0, Culture=neutral, PublicKeyToken=null' ni una de sus dependencias. El sistema no puede encontrar el archivo especificado.AVS: El registro del enlace de ensamblado está desactivado.
Para habilitar el registro de errores del enlace de ensamblado, establezca el valor de Registro [HKLM\Software\Microsoft\Fusion!EnableLog] (DWORD) como 1.
Nota: existe una disminución del rendimiento asociada registro de errores del enlace de ensamblado.
Para desactivar esta característica, elimine el valor de Registro [HKLM\Software\Microsoft\Fusion!EnableLog].
</Message>
        </ErrorInfo>
      </Output>
    </UnitTestResult>
    <UnitTestResult executionId="e34bb338-9c35-41a7-affe-24c1454305e3" testId="13d9bdf6-60d6-7932-e7f8-0dff2188658f" testName="ConstructorCreatesEmptyQueueTest" computerName="STOVE-MASTER" duration="00:00:00.0014083" startTime="2018-05-03T21:55:55.4488222-05:00" endTime="2018-05-03T21:55:55.4518216-05:00" testType="13cdc9d9-ddb5-4fa4-a97d-d965ccfc6d4b" outcome="Failed" testListId="8c84fa94-04c1-424b-9868-57a2d4851a1d" relativeResultsDirectory="e34bb338-9c35-41a7-affe-24c1454305e3">
      <Output>
        <ErrorInfo>
          <Message>El método de prueba QueueTests.DequeTest.ConstructorCreatesEmptyQueueTest produjo la excepción: 
System.IO.FileNotFoundException: No se puede cargar el archivo o ensamblado 'Assignment1, Version=1.1.0.0, Culture=neutral, PublicKeyToken=null' ni una de sus dependencias. El sistema no puede encontrar el archivo especificado.AVS: El registro del enlace de ensamblado está desactivado.
Para habilitar el registro de errores del enlace de ensamblado, establezca el valor de Registro [HKLM\Software\Microsoft\Fusion!EnableLog] (DWORD) como 1.
Nota: existe una disminución del rendimiento asociada registro de errores del enlace de ensamblado.
Para desactivar esta característica, elimine el valor de Registro [HKLM\Software\Microsoft\Fusion!EnableLog].
</Message>
          <StackTrace>    en QueueTests.DequeTest.ConstructorCreatesEmptyQueueTest()
</StackTrace>
        </ErrorInfo>
      </Output>
    </UnitTestResult>
    <UnitTestResult executionId="14fe682c-12aa-4fd4-853e-c49d189baa03" testId="10d73257-6859-e940-a43d-85dc5f42184c" testName="CountTest" computerName="STOVE-MASTER" duration="00:00:00.0012175" startTime="2018-05-03T21:55:55.4553308-05:00" endTime="2018-05-03T21:55:55.4578379-05:00" testType="13cdc9d9-ddb5-4fa4-a97d-d965ccfc6d4b" outcome="Failed" testListId="8c84fa94-04c1-424b-9868-57a2d4851a1d" relativeResultsDirectory="14fe682c-12aa-4fd4-853e-c49d189baa03">
      <Output>
        <ErrorInfo>
          <Message>El método de prueba QueueTests.DequeTest.CountTest produjo la excepción: 
System.IO.FileNotFoundException: No se puede cargar el archivo o ensamblado 'Assignment1, Version=1.1.0.0, Culture=neutral, PublicKeyToken=null' ni una de sus dependencias. El sistema no puede encontrar el archivo especificado.AVS: El registro del enlace de ensamblado está desactivado.
Para habilitar el registro de errores del enlace de ensamblado, establezca el valor de Registro [HKLM\Software\Microsoft\Fusion!EnableLog] (DWORD) como 1.
Nota: existe una disminución del rendimiento asociada registro de errores del enlace de ensamblado.
Para desactivar esta característica, elimine el valor de Registro [HKLM\Software\Microsoft\Fusion!EnableLog].
</Message>
          <StackTrace>    en QueueTests.DequeTest.CountTest()
</StackTrace>
        </ErrorInfo>
      </Output>
    </UnitTestResult>
    <UnitTestResult executionId="9fef787c-a71b-49e5-845c-ee4ba3f92a2b" testId="cbfdef17-e7f3-e7a4-92ed-bd0caaf2671c" testName="DataOrderPreservedTest" computerName="STOVE-MASTER" duration="00:00:00.0012281" startTime="2018-05-03T21:55:55.4618472-05:00" endTime="2018-05-03T21:55:55.4643557-05:00" testType="13cdc9d9-ddb5-4fa4-a97d-d965ccfc6d4b" outcome="Failed" testListId="8c84fa94-04c1-424b-9868-57a2d4851a1d" relativeResultsDirectory="9fef787c-a71b-49e5-845c-ee4ba3f92a2b">
      <Output>
        <ErrorInfo>
          <Message>El método de prueba QueueTests.DequeTest.DataOrderPreservedTest produjo la excepción: 
System.IO.FileNotFoundException: No se puede cargar el archivo o ensamblado 'Assignment1, Version=1.1.0.0, Culture=neutral, PublicKeyToken=null' ni una de sus dependencias. El sistema no puede encontrar el archivo especificado.AVS: El registro del enlace de ensamblado está desactivado.
Para habilitar el registro de errores del enlace de ensamblado, establezca el valor de Registro [HKLM\Software\Microsoft\Fusion!EnableLog] (DWORD) como 1.
Nota: existe una disminución del rendimiento asociada registro de errores del enlace de ensamblado.
Para desactivar esta característica, elimine el valor de Registro [HKLM\Software\Microsoft\Fusion!EnableLog].
</Message>
          <StackTrace>    en QueueTests.DequeTest.DataOrderPreservedTest()
</StackTrace>
        </ErrorInfo>
      </Output>
    </UnitTestResult>
    <UnitTestResult executionId="aa540965-d479-48b7-83f3-1587bfa1ff64" testId="066e5acd-d732-0380-d030-80aabd1a46ae" testName="DataOrderPreservedWrittenEndwardTest" computerName="STOVE-MASTER" duration="00:00:00.0012637" startTime="2018-05-03T21:55:55.4678639-05:00" endTime="2018-05-03T21:55:55.4703699-05:00" testType="13cdc9d9-ddb5-4fa4-a97d-d965ccfc6d4b" outcome="Failed" testListId="8c84fa94-04c1-424b-9868-57a2d4851a1d" relativeResultsDirectory="aa540965-d479-48b7-83f3-1587bfa1ff64">
      <Output>
        <ErrorInfo>
          <Message>El método de prueba QueueTests.DequeTest.DataOrderPreservedWrittenEndwardTest produjo la excepción: 
System.IO.FileNotFoundException: No se puede cargar el archivo o ensamblado 'Assignment1, Version=1.1.0.0, Culture=neutral, PublicKeyToken=null' ni una de sus dependencias. El sistema no puede encontrar el archivo especificado.AVS: El registro del enlace de ensamblado está desactivado.
Para habilitar el registro de errores del enlace de ensamblado, establezca el valor de Registro [HKLM\Software\Microsoft\Fusion!EnableLog] (DWORD) como 1.
Nota: existe una disminución del rendimiento asociada registro de errores del enlace de ensamblado.
Para desactivar esta característica, elimine el valor de Registro [HKLM\Software\Microsoft\Fusion!EnableLog].
</Message>
          <StackTrace>    en QueueTests.DequeTest.DataOrderPreservedWrittenEndwardTest()
</StackTrace>
        </ErrorInfo>
      </Output>
    </UnitTestResult>
    <UnitTestResult executionId="ea05b016-0d81-4eec-8052-c55014ae7954" testId="49e4a240-89e9-7d60-9a13-7ab7ec646d86" testName="NonEmptyQueueReadsNotEmptyTest" computerName="STOVE-MASTER" duration="00:00:00.0012098" startTime="2018-05-03T21:55:55.4743806-05:00" endTime="2018-05-03T21:55:55.4768884-05:00" testType="13cdc9d9-ddb5-4fa4-a97d-d965ccfc6d4b" outcome="Failed" testListId="8c84fa94-04c1-424b-9868-57a2d4851a1d" relativeResultsDirectory="ea05b016-0d81-4eec-8052-c55014ae7954">
      <Output>
        <ErrorInfo>
          <Message>El método de prueba QueueTests.DequeTest.NonEmptyQueueReadsNotEmptyTest produjo la excepción: 
System.IO.FileNotFoundException: No se puede cargar el archivo o ensamblado 'Assignment1, Version=1.1.0.0, Culture=neutral, PublicKeyToken=null' ni una de sus dependencias. El sistema no puede encontrar el archivo especificado.AVS: El registro del enlace de ensamblado está desactivado.
Para habilitar el registro de errores del enlace de ensamblado, establezca el valor de Registro [HKLM\Software\Microsoft\Fusion!EnableLog] (DWORD) como 1.
Nota: existe una disminución del rendimiento asociada registro de errores del enlace de ensamblado.
Para desactivar esta característica, elimine el valor de Registro [HKLM\Software\Microsoft\Fusion!EnableLog].
</Message>
          <StackTrace>    en QueueTests.DequeTest.NonEmptyQueueReadsNotEmptyTest()
</StackTrace>
        </ErrorInfo>
      </Output>
    </UnitTestResult>
    <UnitTestResult executionId="99b586e5-aa24-4827-adfc-56402f5ad84a" testId="a8009935-515f-8ff9-6f0b-05a4894bf174" testName="NonEmptyQueueWrittenFromFrontReadsNotEmptyTest" computerName="STOVE-MASTER" duration="00:00:00.0012094" startTime="2018-05-03T21:55:55.4803962-05:00" endTime="2018-05-03T21:55:55.4829044-05:00" testType="13cdc9d9-ddb5-4fa4-a97d-d965ccfc6d4b" outcome="Failed" testListId="8c84fa94-04c1-424b-9868-57a2d4851a1d" relativeResultsDirectory="99b586e5-aa24-4827-adfc-56402f5ad84a">
      <Output>
        <ErrorInfo>
          <Message>El método de prueba QueueTests.DequeTest.NonEmptyQueueWrittenFromFrontReadsNotEmptyTest produjo la excepción: 
System.IO.FileNotFoundException: No se puede cargar el archivo o ensamblado 'Assignment1, Version=1.1.0.0, Culture=neutral, PublicKeyToken=null' ni una de sus dependencias. El sistema no puede encontrar el archivo especificado.AVS: El registro del enlace de ensamblado está desactivado.
Para habilitar el registro de errores del enlace de ensamblado, establezca el valor de Registro [HKLM\Software\Microsoft\Fusion!EnableLog] (DWORD) como 1.
Nota: existe una disminución del rendimiento asociada registro de errores del enlace de ensamblado.
Para desactivar esta característica, elimine el valor de Registro [HKLM\Software\Microsoft\Fusion!EnableLog].
</Message>
          <StackTrace>    en QueueTests.DequeTest.NonEmptyQueueWrittenFromFrontReadsNotEmptyTest()
</StackTrace>
        </ErrorInfo>
      </Output>
    </UnitTestResult>
    <UnitTestResult executionId="a9657b97-1b0a-4346-a5fe-e642ac34aef4" testId="7d7af601-d5b8-8473-4e8c-1728efc4ea22" testName="RemoveEndOnEmptyQueueThrowsQueueEmptyExceptionTest" computerName="STOVE-MASTER" startTime="2018-05-03T21:55:55.4869140-05:00" endTime="2018-05-03T21:55:55.4884190-05:00" testType="13cdc9d9-ddb5-4fa4-a97d-d965ccfc6d4b" outcome="Failed" testListId="8c84fa94-04c1-424b-9868-57a2d4851a1d" relativeResultsDirectory="a9657b97-1b0a-4346-a5fe-e642ac34aef4">
      <Output>
        <ErrorInfo>
          <Message>El atributo ExpectedException definido en el método de prueba QueueTests.DequeTest.RemoveEndOnEmptyQueueThrowsQueueEmptyExceptionTest inició una excepción durante la construcción.
System.IO.FileNotFoundException: No se puede cargar el archivo o ensamblado 'Assignment1, Version=1.1.0.0, Culture=neutral, PublicKeyToken=null' ni una de sus dependencias. El sistema no puede encontrar el archivo especificado.AVS: El registro del enlace de ensamblado está desactivado.
Para habilitar el registro de errores del enlace de ensamblado, establezca el valor de Registro [HKLM\Software\Microsoft\Fusion!EnableLog] (DWORD) como 1.
Nota: existe una disminución del rendimiento asociada registro de errores del enlace de ensamblado.
Para desactivar esta característica, elimine el valor de Registro [HKLM\Software\Microsoft\Fusion!EnableLog].
</Message>
        </ErrorInfo>
      </Output>
    </UnitTestResult>
    <UnitTestResult executionId="bfa96b43-8c80-451e-8d2b-46f1e43b60c8" testId="03a1b3a6-dd92-af83-792a-b3caa1cfc64e" testName="RemoveFrontOnEmptyQueueThrowsQueueEmptyExceptionTest" computerName="STOVE-MASTER" startTime="2018-05-03T21:55:55.4924289-05:00" endTime="2018-05-03T21:55:55.4944350-05:00" testType="13cdc9d9-ddb5-4fa4-a97d-d965ccfc6d4b" outcome="Failed" testListId="8c84fa94-04c1-424b-9868-57a2d4851a1d" relativeResultsDirectory="bfa96b43-8c80-451e-8d2b-46f1e43b60c8">
      <Output>
        <ErrorInfo>
          <Message>El atributo ExpectedException definido en el método de prueba QueueTests.DequeTest.RemoveFrontOnEmptyQueueThrowsQueueEmptyExceptionTest inició una excepción durante la construcción.
System.IO.FileNotFoundException: No se puede cargar el archivo o ensamblado 'Assignment1, Version=1.1.0.0, Culture=neutral, PublicKeyToken=null' ni una de sus dependencias. El sistema no puede encontrar el archivo especificado.AVS: El registro del enlace de ensamblado está desactivado.
Para habilitar el registro de errores del enlace de ensamblado, establezca el valor de Registro [HKLM\Software\Microsoft\Fusion!EnableLog] (DWORD) como 1.
Nota: existe una disminución del rendimiento asociada registro de errores del enlace de ensamblado.
Para desactivar esta característica, elimine el valor de Registro [HKLM\Software\Microsoft\Fusion!EnableLog].
</Message>
        </ErrorInfo>
      </Output>
    </UnitTestResult>
    <UnitTestResult executionId="11aa66aa-93ea-40d9-a713-9ddc32926dcd" testId="fd6c20eb-525d-6a10-f7aa-e03ceedfe16f" testName="ConstructorCreatesEmptyQueueTest" computerName="STOVE-MASTER" duration="00:00:00.0013311" startTime="2018-05-03T21:55:55.4984456-05:00" endTime="2018-05-03T21:55:55.5009524-05:00" testType="13cdc9d9-ddb5-4fa4-a97d-d965ccfc6d4b" outcome="Failed" testListId="8c84fa94-04c1-424b-9868-57a2d4851a1d" relativeResultsDirectory="11aa66aa-93ea-40d9-a713-9ddc32926dcd">
      <Output>
        <ErrorInfo>
          <Message>El método de prueba QueueTests.LinkedListQueueTest.ConstructorCreatesEmptyQueueTest produjo la excepción: 
System.IO.FileNotFoundException: No se puede cargar el archivo o ensamblado 'Assignment1, Version=1.1.0.0, Culture=neutral, PublicKeyToken=null' ni una de sus dependencias. El sistema no puede encontrar el archivo especificado.AVS: El registro del enlace de ensamblado está desactivado.
Para habilitar el registro de errores del enlace de ensamblado, establezca el valor de Registro [HKLM\Software\Microsoft\Fusion!EnableLog] (DWORD) como 1.
Nota: existe una disminución del rendimiento asociada registro de errores del enlace de ensamblado.
Para desactivar esta característica, elimine el valor de Registro [HKLM\Software\Microsoft\Fusion!EnableLog].
</Message>
          <StackTrace>    en QueueTests.LinkedListQueueTest.ConstructorCreatesEmptyQueueTest()
</StackTrace>
        </ErrorInfo>
      </Output>
    </UnitTestResult>
    <UnitTestResult executionId="1ffd4231-4087-48e2-815f-2a0cb0e9ba76" testId="3d821c1f-4535-cc22-0441-2178d0438ec5" testName="ConstructorCreatesNonFullQueueTest" computerName="STOVE-MASTER" duration="00:00:00.0012130" startTime="2018-05-03T21:55:55.5044613-05:00" endTime="2018-05-03T21:55:55.5069684-05:00" testType="13cdc9d9-ddb5-4fa4-a97d-d965ccfc6d4b" outcome="Failed" testListId="8c84fa94-04c1-424b-9868-57a2d4851a1d" relativeResultsDirectory="1ffd4231-4087-48e2-815f-2a0cb0e9ba76">
      <Output>
        <ErrorInfo>
          <Message>El método de prueba QueueTests.LinkedListQueueTest.ConstructorCreatesNonFullQueueTest produjo la excepción: 
System.IO.FileNotFoundException: No se puede cargar el archivo o ensamblado 'Assignment1, Version=1.1.0.0, Culture=neutral, PublicKeyToken=null' ni una de sus dependencias. El sistema no puede encontrar el archivo especificado.AVS: El registro del enlace de ensamblado está desactivado.
Para habilitar el registro de errores del enlace de ensamblado, establezca el valor de Registro [HKLM\Software\Microsoft\Fusion!EnableLog] (DWORD) como 1.
Nota: existe una disminución del rendimiento asociada registro de errores del enlace de ensamblado.
Para desactivar esta característica, elimine el valor de Registro [HKLM\Software\Microsoft\Fusion!EnableLog].
</Message>
          <StackTrace>    en QueueTests.LinkedListQueueTest.ConstructorCreatesNonFullQueueTest()
</StackTrace>
        </ErrorInfo>
      </Output>
    </UnitTestResult>
    <UnitTestResult executionId="b39b9c96-d431-45f7-bd73-7321232d01d3" testId="97365ef3-436d-9c9d-7432-5e36bdfa5b17" testName="CountTest" computerName="STOVE-MASTER" duration="00:00:00.0012175" startTime="2018-05-03T21:55:55.5110118-05:00" endTime="2018-05-03T21:55:55.5134858-05:00" testType="13cdc9d9-ddb5-4fa4-a97d-d965ccfc6d4b" outcome="Failed" testListId="8c84fa94-04c1-424b-9868-57a2d4851a1d" relativeResultsDirectory="b39b9c96-d431-45f7-bd73-7321232d01d3">
      <Output>
        <ErrorInfo>
          <Message>El método de prueba QueueTests.LinkedListQueueTest.CountTest produjo la excepción: 
System.IO.FileNotFoundException: No se puede cargar el archivo o ensamblado 'Assignment1, Version=1.1.0.0, Culture=neutral, PublicKeyToken=null' ni una de sus dependencias. El sistema no puede encontrar el archivo especificado.AVS: El registro del enlace de ensamblado está desactivado.
Para habilitar el registro de errores del enlace de ensamblado, establezca el valor de Registro [HKLM\Software\Microsoft\Fusion!EnableLog] (DWORD) como 1.
Nota: existe una disminución del rendimiento asociada registro de errores del enlace de ensamblado.
Para desactivar esta característica, elimine el valor de Registro [HKLM\Software\Microsoft\Fusion!EnableLog].
</Message>
          <StackTrace>    en QueueTests.LinkedListQueueTest.CountTest()
</StackTrace>
        </ErrorInfo>
      </Output>
    </UnitTestResult>
    <UnitTestResult executionId="3ff79a9b-637b-42d4-8270-e28626c31065" testId="373800ba-b828-3141-13f3-14ad92fca915" testName="DataOrderPreservedTest" computerName="STOVE-MASTER" duration="00:00:00.0012461" startTime="2018-05-03T21:55:55.5169947-05:00" endTime="2018-05-03T21:55:55.5200029-05:00" testType="13cdc9d9-ddb5-4fa4-a97d-d965ccfc6d4b" outcome="Failed" testListId="8c84fa94-04c1-424b-9868-57a2d4851a1d" relativeResultsDirectory="3ff79a9b-637b-42d4-8270-e28626c31065">
      <Output>
        <ErrorInfo>
          <Message>El método de prueba QueueTests.LinkedListQueueTest.DataOrderPreservedTest produjo la excepción: 
System.IO.FileNotFoundException: No se puede cargar el archivo o ensamblado 'Assignment1, Version=1.1.0.0, Culture=neutral, PublicKeyToken=null' ni una de sus dependencias. El sistema no puede encontrar el archivo especificado.AVS: El registro del enlace de ensamblado está desactivado.
Para habilitar el registro de errores del enlace de ensamblado, establezca el valor de Registro [HKLM\Software\Microsoft\Fusion!EnableLog] (DWORD) como 1.
Nota: existe una disminución del rendimiento asociada registro de errores del enlace de ensamblado.
Para desactivar esta característica, elimine el valor de Registro [HKLM\Software\Microsoft\Fusion!EnableLog].
</Message>
          <StackTrace>    en QueueTests.LinkedListQueueTest.DataOrderPreservedTest()
</StackTrace>
        </ErrorInfo>
      </Output>
    </UnitTestResult>
    <UnitTestResult executionId="f30f299e-5bdc-4128-a532-249001a2623d" testId="72df603b-478e-691e-c9b9-cdc0bacfe212" testName="DequeueOnEmptyQueueThrowsQueueEmptyExceptionTest" computerName="STOVE-MASTER" startTime="2018-05-03T21:55:55.5235110-05:00" endTime="2018-05-03T21:55:55.5255167-05:00" testType="13cdc9d9-ddb5-4fa4-a97d-d965ccfc6d4b" outcome="Failed" testListId="8c84fa94-04c1-424b-9868-57a2d4851a1d" relativeResultsDirectory="f30f299e-5bdc-4128-a532-249001a2623d">
      <Output>
        <ErrorInfo>
          <Message>El atributo ExpectedException definido en el método de prueba QueueTests.LinkedListQueueTest.DequeueOnEmptyQueueThrowsQueueEmptyExceptionTest inició una excepción durante la construcción.
System.IO.FileNotFoundException: No se puede cargar el archivo o ensamblado 'Assignment1, Version=1.1.0.0, Culture=neutral, PublicKeyToken=null' ni una de sus dependencias. El sistema no puede encontrar el archivo especificado.AVS: El registro del enlace de ensamblado está desactivado.
Para habilitar el registro de errores del enlace de ensamblado, establezca el valor de Registro [HKLM\Software\Microsoft\Fusion!EnableLog] (DWORD) como 1.
Nota: existe una disminución del rendimiento asociada registro de errores del enlace de ensamblado.
Para desactivar esta característica, elimine el valor de Registro [HKLM\Software\Microsoft\Fusion!EnableLog].
</Message>
        </ErrorInfo>
      </Output>
    </UnitTestResult>
    <UnitTestResult executionId="a2e2dd9e-a741-4cdf-98c4-4cacb1dd3244" testId="091f89d3-0ed1-30d7-5c4b-fdd3fa0faa90" testName="NonEmptyQueueReadsNotEmptyTest" computerName="STOVE-MASTER" duration="00:00:00.0012895" startTime="2018-05-03T21:55:55.5295514-05:00" endTime="2018-05-03T21:55:55.5320345-05:00" testType="13cdc9d9-ddb5-4fa4-a97d-d965ccfc6d4b" outcome="Failed" testListId="8c84fa94-04c1-424b-9868-57a2d4851a1d" relativeResultsDirectory="a2e2dd9e-a741-4cdf-98c4-4cacb1dd3244">
      <Output>
        <ErrorInfo>
          <Message>El método de prueba QueueTests.LinkedListQueueTest.NonEmptyQueueReadsNotEmptyTest produjo la excepción: 
System.IO.FileNotFoundException: No se puede cargar el archivo o ensamblado 'Assignment1, Version=1.1.0.0, Culture=neutral, PublicKeyToken=null' ni una de sus dependencias. El sistema no puede encontrar el archivo especificado.AVS: El registro del enlace de ensamblado está desactivado.
Para habilitar el registro de errores del enlace de ensamblado, establezca el valor de Registro [HKLM\Software\Microsoft\Fusion!EnableLog] (DWORD) como 1.
Nota: existe una disminución del rendimiento asociada registro de errores del enlace de ensamblado.
Para desactivar esta característica, elimine el valor de Registro [HKLM\Software\Microsoft\Fusion!EnableLog].
</Message>
          <StackTrace>    en QueueTests.LinkedListQueueTest.NonEmptyQueueReadsNotEmptyTest()
</StackTrace>
        </ErrorInfo>
      </Output>
    </UnitTestResult>
  </Results>
</TestRun>