<?xml version="1.0" encoding="UTF-8"?>
<TestRun id="4447fe5c-87e8-41f7-9503-2a9b388cc7e4" name="Ethan@STOVE-MASTER 2018-05-03 22:30:22" runUser="STOVE-MASTER\Ethan" xmlns="http://microsoft.com/schemas/VisualStudio/TeamTest/2010">
  <TestSettings name="Configuración de pruebas predeterminada" id="faae807a-f0de-41a3-8be5-43c44792645b">
    <Execution>
      <TestTypeSpecific />
      <AgentRule name="Execution Agents">
      </AgentRule>
    </Execution>
    <Deployment runDeploymentRoot="Ethan_STOVE-MASTER 2018-05-03 22_30_22" />
    <Properties />
  </TestSettings>
  <Times creation="2018-05-03T22:30:22.1710847-05:00" queuing="2018-05-03T22:30:22.4778669-05:00" start="2018-05-03T22:30:22.5485549-05:00" finish="2018-05-03T22:30:24.6395928-05:00" />
  <ResultSummary outcome="Completed">
    <Counters total="20" executed="20" passed="20" error="0" failed="0" timeout="0" aborted="0" inconclusive="0" passedButRunAborted="0" notRunnable="0" notExecuted="0" disconnected="0" warning="0" completed="0" inProgress="0" pending="0" />
  </ResultSummary>
  <TestDefinitions>
    <UnitTest name="NonEmptyQueueReadsNotEmptyTest" storage="queuetests.dll" id="091f89d3-0ed1-30d7-5c4b-fdd3fa0faa90">
      <Execution id="4a3ecd8b-1574-4a86-b576-f598faf8a1ab" />
      <TestMethod codeBase="C:/Users/Ethan/Projects/214/autovonbismarck/sandbox/QueueTests.dll" adapterTypeName="Microsoft.VisualStudio.TestTools.TestTypes.Unit.UnitTestAdapter, Microsoft.VisualStudio.QualityTools.Tips.UnitTest.Adapter, Version=15.0.0.0, Culture=neutral, PublicKeyToken=b03f5f7f11d50a3a" className="QueueTests.LinkedListQueueTest, QueueTests, Version=1.1.0.0, Culture=neutral, PublicKeyToken=null" name="NonEmptyQueueReadsNotEmptyTest" />
    </UnitTest>
    <UnitTest name="ConstructorCreatesEmptyQueueTest" storage="queuetests.dll" id="1cb0a1e2-2261-0d1a-ef0f-bcef8b0ea15f">
      <Execution id="578727d7-69e4-41a6-8e85-e98a4615f784" />
      <TestMethod codeBase="C:/Users/Ethan/Projects/214/autovonbismarck/sandbox/QueueTests.dll" adapterTypeName="Microsoft.VisualStudio.TestTools.TestTypes.Unit.UnitTestAdapter, Microsoft.VisualStudio.QualityTools.Tips.UnitTest.Adapter, Version=15.0.0.0, Culture=neutral, PublicKeyToken=b03f5f7f11d50a3a" className="QueueTests.ArrayQueueTest, QueueTests, Version=1.1.0.0, Culture=neutral, PublicKeyToken=null" name="ConstructorCreatesEmptyQueueTest" />
    </UnitTest>
    <UnitTest name="EnqueueToFullQueueThrowsQueueFullExceptionTest" storage="queuetests.dll" id="7c46bf1f-4cc7-0ba7-67e8-52f5cd3c9713">
      <Execution id="2a2557e0-303b-4275-9a6a-64325d1cdc6f" />
      <TestMethod codeBase="C:/Users/Ethan/Projects/214/autovonbismarck/sandbox/QueueTests.dll" adapterTypeName="Microsoft.VisualStudio.TestTools.TestTypes.Unit.UnitTestAdapter, Microsoft.VisualStudio.QualityTools.Tips.UnitTest.Adapter, Version=15.0.0.0, Culture=neutral, PublicKeyToken=b03f5f7f11d50a3a" className="QueueTests.ArrayQueueTest, QueueTests, Version=1.1.0.0, Culture=neutral, PublicKeyToken=null" name="EnqueueToFullQueueThrowsQueueFullExceptionTest" />
    </UnitTest>
    <UnitTest name="ConstructorCreatesEmptyQueueTest" storage="queuetests.dll" id="13d9bdf6-60d6-7932-e7f8-0dff2188658f">
      <Execution id="29c18b5c-9d54-4fd9-bd43-0cb57e0a7367" />
      <TestMethod codeBase="C:/Users/Ethan/Projects/214/autovonbismarck/sandbox/QueueTests.dll" adapterTypeName="Microsoft.VisualStudio.TestTools.TestTypes.Unit.UnitTestAdapter, Microsoft.VisualStudio.QualityTools.Tips.UnitTest.Adapter, Version=15.0.0.0, Culture=neutral, PublicKeyToken=b03f5f7f11d50a3a" className="QueueTests.DequeTest, QueueTests, Version=1.1.0.0, Culture=neutral, PublicKeyToken=null" name="ConstructorCreatesEmptyQueueTest" />
    </UnitTest>
    <UnitTest name="NonEmptyQueueWrittenFromFrontReadsNotEmptyTest" storage="queuetests.dll" id="a8009935-515f-8ff9-6f0b-05a4894bf174">
      <Execution id="23f73216-823b-4b20-9045-549cc13dcaf7" />
      <TestMethod codeBase="C:/Users/Ethan/Projects/214/autovonbismarck/sandbox/QueueTests.dll" adapterTypeName="Microsoft.VisualStudio.TestTools.TestTypes.Unit.UnitTestAdapter, Microsoft.VisualStudio.QualityTools.Tips.UnitTest.Adapter, Version=15.0.0.0, Culture=neutral, PublicKeyToken=b03f5f7f11d50a3a" className="QueueTests.DequeTest, QueueTests, Version=1.1.0.0, Culture=neutral, PublicKeyToken=null" name="NonEmptyQueueWrittenFromFrontReadsNotEmptyTest" />
    </UnitTest>
    <UnitTest name="DataOrderPreservedTest" storage="queuetests.dll" id="373800ba-b828-3141-13f3-14ad92fca915">
      <Execution id="6ac44e33-189f-455e-92e2-18125b70d7a0" />
      <TestMethod codeBase="C:/Users/Ethan/Projects/214/autovonbismarck/sandbox/QueueTests.dll" adapterTypeName="Microsoft.VisualStudio.TestTools.TestTypes.Unit.UnitTestAdapter, Microsoft.VisualStudio.QualityTools.Tips.UnitTest.Adapter, Version=15.0.0.0, Culture=neutral, PublicKeyToken=b03f5f7f11d50a3a" className="QueueTests.LinkedListQueueTest, QueueTests, Version=1.1.0.0, Culture=neutral, PublicKeyToken=null" name="DataOrderPreservedTest" />
    </UnitTest>
    <UnitTest name="DataOrderPreservedTest" storage="queuetests.dll" id="f013084a-d4ea-a9f8-357a-4047b1176ab2">
      <Execution id="b7fe6f5e-98bb-4e07-a2c2-78ff73c99d5c" />
      <TestMethod codeBase="C:/Users/Ethan/Projects/214/autovonbismarck/sandbox/QueueTests.dll" adapterTypeName="Microsoft.VisualStudio.TestTools.TestTypes.Unit.UnitTestAdapter, Microsoft.VisualStudio.QualityTools.Tips.UnitTest.Adapter, Version=15.0.0.0, Culture=neutral, PublicKeyToken=b03f5f7f11d50a3a" className="QueueTests.ArrayQueueTest, QueueTests, Version=1.1.0.0, Culture=neutral, PublicKeyToken=null" name="DataOrderPreservedTest" />
    </UnitTest>
    <UnitTest name="RemoveFrontOnEmptyQueueThrowsQueueEmptyExceptionTest" storage="queuetests.dll" id="03a1b3a6-dd92-af83-792a-b3caa1cfc64e">
      <Execution id="a049319c-c8cf-4676-bbc6-c4f48e52be4b" />
      <TestMethod codeBase="C:/Users/Ethan/Projects/214/autovonbismarck/sandbox/QueueTests.dll" adapterTypeName="Microsoft.VisualStudio.TestTools.TestTypes.Unit.UnitTestAdapter, Microsoft.VisualStudio.QualityTools.Tips.UnitTest.Adapter, Version=15.0.0.0, Culture=neutral, PublicKeyToken=b03f5f7f11d50a3a" className="QueueTests.DequeTest, QueueTests, Version=1.1.0.0, Culture=neutral, PublicKeyToken=null" name="RemoveFrontOnEmptyQueueThrowsQueueEmptyExceptionTest" />
    </UnitTest>
    <UnitTest name="DequeueOnEmptyQueueThrowsQueueEmptyExceptionTest" storage="queuetests.dll" id="282e02e9-49c3-e1d4-f2ea-59cee629a781">
      <Execution id="e4d45556-2029-475c-aca3-171828713c13" />
      <TestMethod codeBase="C:/Users/Ethan/Projects/214/autovonbismarck/sandbox/QueueTests.dll" adapterTypeName="Microsoft.VisualStudio.TestTools.TestTypes.Unit.UnitTestAdapter, Microsoft.VisualStudio.QualityTools.Tips.UnitTest.Adapter, Version=15.0.0.0, Culture=neutral, PublicKeyToken=b03f5f7f11d50a3a" className="QueueTests.ArrayQueueTest, QueueTests, Version=1.1.0.0, Culture=neutral, PublicKeyToken=null" name="DequeueOnEmptyQueueThrowsQueueEmptyExceptionTest" />
    </UnitTest>
    <UnitTest name="ConstructorCreatesNonFullQueueTest" storage="queuetests.dll" id="3d821c1f-4535-cc22-0441-2178d0438ec5">
      <Execution id="7dae1639-d57e-4a52-b1a0-4396ac07bfca" />
      <TestMethod codeBase="C:/Users/Ethan/Projects/214/autovonbismarck/sandbox/QueueTests.dll" adapterTypeName="Microsoft.VisualStudio.TestTools.TestTypes.Unit.UnitTestAdapter, Microsoft.VisualStudio.QualityTools.Tips.UnitTest.Adapter, Version=15.0.0.0, Culture=neutral, PublicKeyToken=b03f5f7f11d50a3a" className="QueueTests.LinkedListQueueTest, QueueTests, Version=1.1.0.0, Culture=neutral, PublicKeyToken=null" name="ConstructorCreatesNonFullQueueTest" />
    </UnitTest>
    <UnitTest name="CountTest" storage="queuetests.dll" id="97365ef3-436d-9c9d-7432-5e36bdfa5b17">
      <Execution id="8cfc824f-5f08-4e01-82ce-dba1d41b65fe" />
      <TestMethod codeBase="C:/Users/Ethan/Projects/214/autovonbismarck/sandbox/QueueTests.dll" adapterTypeName="Microsoft.VisualStudio.TestTools.TestTypes.Unit.UnitTestAdapter, Microsoft.VisualStudio.QualityTools.Tips.UnitTest.Adapter, Version=15.0.0.0, Culture=neutral, PublicKeyToken=b03f5f7f11d50a3a" className="QueueTests.LinkedListQueueTest, QueueTests, Version=1.1.0.0, Culture=neutral, PublicKeyToken=null" name="CountTest" />
    </UnitTest>
    <UnitTest name="ConstructorCreatesEmptyQueueTest" storage="queuetests.dll" id="fd6c20eb-525d-6a10-f7aa-e03ceedfe16f">
      <Execution id="3a52ec60-58cd-427a-ab22-362a041f556e" />
      <TestMethod codeBase="C:/Users/Ethan/Projects/214/autovonbismarck/sandbox/QueueTests.dll" adapterTypeName="Microsoft.VisualStudio.TestTools.TestTypes.Unit.UnitTestAdapter, Microsoft.VisualStudio.QualityTools.Tips.UnitTest.Adapter, Version=15.0.0.0, Culture=neutral, PublicKeyToken=b03f5f7f11d50a3a" className="QueueTests.LinkedListQueueTest, QueueTests, Version=1.1.0.0, Culture=neutral, PublicKeyToken=null" name="ConstructorCreatesEmptyQueueTest" />
    </UnitTest>
    <UnitTest name="NonEmptyQueueReadsNotEmptyTest" storage="queuetests.dll" id="49e4a240-89e9-7d60-9a13-7ab7ec646d86">
      <Execution id="35016b12-7ebb-408e-82c9-4175f89ecca5" />
      <TestMethod codeBase="C:/Users/Ethan/Projects/214/autovonbismarck/sandbox/QueueTests.dll" adapterTypeName="Microsoft.VisualStudio.TestTools.TestTypes.Unit.UnitTestAdapter, Microsoft.VisualStudio.QualityTools.Tips.UnitTest.Adapter, Version=15.0.0.0, Culture=neutral, PublicKeyToken=b03f5f7f11d50a3a" className="QueueTests.DequeTest, QueueTests, Version=1.1.0.0, Culture=neutral, PublicKeyToken=null" name="NonEmptyQueueReadsNotEmptyTest" />
    </UnitTest>
    <UnitTest name="DataOrderPreservedWrittenEndwardTest" storage="queuetests.dll" id="066e5acd-d732-0380-d030-80aabd1a46ae">
      <Execution id="c14406b5-3eac-4fa8-adf3-3cd41caae323" />
      <TestMethod codeBase="C:/Users/Ethan/Projects/214/autovonbismarck/sandbox/QueueTests.dll" adapterTypeName="Microsoft.VisualStudio.TestTools.TestTypes.Unit.UnitTestAdapter, Microsoft.VisualStudio.QualityTools.Tips.UnitTest.Adapter, Version=15.0.0.0, Culture=neutral, PublicKeyToken=b03f5f7f11d50a3a" className="QueueTests.DequeTest, QueueTests, Version=1.1.0.0, Culture=neutral, PublicKeyToken=null" name="DataOrderPreservedWrittenEndwardTest" />
    </UnitTest>
    <UnitTest name="DequeueOnEmptyQueueThrowsQueueEmptyExceptionTest" storage="queuetests.dll" id="72df603b-478e-691e-c9b9-cdc0bacfe212">
      <Execution id="002a27bb-a6c9-4c0f-a3d3-f66ba9721222" />
      <TestMethod codeBase="C:/Users/Ethan/Projects/214/autovonbismarck/sandbox/QueueTests.dll" adapterTypeName="Microsoft.VisualStudio.TestTools.TestTypes.Unit.UnitTestAdapter, Microsoft.VisualStudio.QualityTools.Tips.UnitTest.Adapter, Version=15.0.0.0, Culture=neutral, PublicKeyToken=b03f5f7f11d50a3a" className="QueueTests.LinkedListQueueTest, QueueTests, Version=1.1.0.0, Culture=neutral, PublicKeyToken=null" name="DequeueOnEmptyQueueThrowsQueueEmptyExceptionTest" />
    </UnitTest>
    <UnitTest name="RemoveEndOnEmptyQueueThrowsQueueEmptyExceptionTest" storage="queuetests.dll" id="7d7af601-d5b8-8473-4e8c-1728efc4ea22">
      <Execution id="39531e34-387d-43c1-b0f5-28fe70d85f8a" />
      <TestMethod codeBase="C:/Users/Ethan/Projects/214/autovonbismarck/sandbox/QueueTests.dll" adapterTypeName="Microsoft.VisualStudio.TestTools.TestTypes.Unit.UnitTestAdapter, Microsoft.VisualStudio.QualityTools.Tips.UnitTest.Adapter, Version=15.0.0.0, Culture=neutral, PublicKeyToken=b03f5f7f11d50a3a" className="QueueTests.DequeTest, QueueTests, Version=1.1.0.0, Culture=neutral, PublicKeyToken=null" name="RemoveEndOnEmptyQueueThrowsQueueEmptyExceptionTest" />
    </UnitTest>
    <UnitTest name="DataOrderPreservedTest" storage="queuetests.dll" id="cbfdef17-e7f3-e7a4-92ed-bd0caaf2671c">
      <Execution id="24fff09c-349f-47b7-b221-1d87c1b7b29a" />
      <TestMethod codeBase="C:/Users/Ethan/Projects/214/autovonbismarck/sandbox/QueueTests.dll" adapterTypeName="Microsoft.VisualStudio.TestTools.TestTypes.Unit.UnitTestAdapter, Microsoft.VisualStudio.QualityTools.Tips.UnitTest.Adapter, Version=15.0.0.0, Culture=neutral, PublicKeyToken=b03f5f7f11d50a3a" className="QueueTests.DequeTest, QueueTests, Version=1.1.0.0, Culture=neutral, PublicKeyToken=null" name="DataOrderPreservedTest" />
    </UnitTest>
    <UnitTest name="CountTest" storage="queuetests.dll" id="043f3c5a-7887-abdc-d249-173d4b7b8591">
      <Execution id="4f5bbb23-9966-45e4-9ea6-35861c4bd643" />
      <TestMethod codeBase="C:/Users/Ethan/Projects/214/autovonbismarck/sandbox/QueueTests.dll" adapterTypeName="Microsoft.VisualStudio.TestTools.TestTypes.Unit.UnitTestAdapter, Microsoft.VisualStudio.QualityTools.Tips.UnitTest.Adapter, Version=15.0.0.0, Culture=neutral, PublicKeyToken=b03f5f7f11d50a3a" className="QueueTests.ArrayQueueTest, QueueTests, Version=1.1.0.0, Culture=neutral, PublicKeyToken=null" name="CountTest" />
    </UnitTest>
    <UnitTest name="CountTest" storage="queuetests.dll" id="10d73257-6859-e940-a43d-85dc5f42184c">
      <Execution id="2c295ce8-cd89-4727-ab57-2726f2f63a3b" />
      <TestMethod codeBase="C:/Users/Ethan/Projects/214/autovonbismarck/sandbox/QueueTests.dll" adapterTypeName="Microsoft.VisualStudio.TestTools.TestTypes.Unit.UnitTestAdapter, Microsoft.VisualStudio.QualityTools.Tips.UnitTest.Adapter, Version=15.0.0.0, Culture=neutral, PublicKeyToken=b03f5f7f11d50a3a" className="QueueTests.DequeTest, QueueTests, Version=1.1.0.0, Culture=neutral, PublicKeyToken=null" name="CountTest" />
    </UnitTest>
    <UnitTest name="ConstructorCreatesNonFullQueueTest" storage="queuetests.dll" id="1fd90ceb-f0d0-1e68-b554-ad1d4ba25e72">
      <Execution id="aa3c6557-45f7-4438-aec3-460c474f5dff" />
      <TestMethod codeBase="C:/Users/Ethan/Projects/214/autovonbismarck/sandbox/QueueTests.dll" adapterTypeName="Microsoft.VisualStudio.TestTools.TestTypes.Unit.UnitTestAdapter, Microsoft.VisualStudio.QualityTools.Tips.UnitTest.Adapter, Version=15.0.0.0, Culture=neutral, PublicKeyToken=b03f5f7f11d50a3a" className="QueueTests.ArrayQueueTest, QueueTests, Version=1.1.0.0, Culture=neutral, PublicKeyToken=null" name="ConstructorCreatesNonFullQueueTest" />
    </UnitTest>
  </TestDefinitions>
  <TestLists>
    <TestList name="Resultados que no están en la lista" id="8c84fa94-04c1-424b-9868-57a2d4851a1d" />
    <TestList name="Todos los resultados cargados" id="19431567-8539-422a-85d7-44ee4e166bda" />
  </TestLists>
  <TestEntries>
    <TestEntry testId="1cb0a1e2-2261-0d1a-ef0f-bcef8b0ea15f" executionId="578727d7-69e4-41a6-8e85-e98a4615f784" testListId="8c84fa94-04c1-424b-9868-57a2d4851a1d" />
    <TestEntry testId="1fd90ceb-f0d0-1e68-b554-ad1d4ba25e72" executionId="aa3c6557-45f7-4438-aec3-460c474f5dff" testListId="8c84fa94-04c1-424b-9868-57a2d4851a1d" />
    <TestEntry testId="043f3c5a-7887-abdc-d249-173d4b7b8591" executionId="4f5bbb23-9966-45e4-9ea6-35861c4bd643" testListId="8c84fa94-04c1-424b-9868-57a2d4851a1d" />
    <TestEntry testId="f013084a-d4ea-a9f8-357a-4047b1176ab2" executionId="b7fe6f5e-98bb-4e07-a2c2-78ff73c99d5c" testListId="8c84fa94-04c1-424b-9868-57a2d4851a1d" />
    <TestEntry testId="282e02e9-49c3-e1d4-f2ea-59cee629a781" executionId="e4d45556-2029-475c-aca3-171828713c13" testListId="8c84fa94-04c1-424b-9868-57a2d4851a1d" />
    <TestEntry testId="7c46bf1f-4cc7-0ba7-67e8-52f5cd3c9713" executionId="2a2557e0-303b-4275-9a6a-64325d1cdc6f" testListId="8c84fa94-04c1-424b-9868-57a2d4851a1d" />
    <TestEntry testId="13d9bdf6-60d6-7932-e7f8-0dff2188658f" executionId="29c18b5c-9d54-4fd9-bd43-0cb57e0a7367" testListId="8c84fa94-04c1-424b-9868-57a2d4851a1d" />
    <TestEntry testId="10d73257-6859-e940-a43d-85dc5f42184c" executionId="2c295ce8-cd89-4727-ab57-2726f2f63a3b" testListId="8c84fa94-04c1-424b-9868-57a2d4851a1d" />
    <TestEntry testId="cbfdef17-e7f3-e7a4-92ed-bd0caaf2671c" executionId="24fff09c-349f-47b7-b221-1d87c1b7b29a" testListId="8c84fa94-04c1-424b-9868-57a2d4851a1d" />
    <TestEntry testId="066e5acd-d732-0380-d030-80aabd1a46ae" executionId="c14406b5-3eac-4fa8-adf3-3cd41caae323" testListId="8c84fa94-04c1-424b-9868-57a2d4851a1d" />
    <TestEntry testId="49e4a240-89e9-7d60-9a13-7ab7ec646d86" executionId="35016b12-7ebb-408e-82c9-4175f89ecca5" testListId="8c84fa94-04c1-424b-9868-57a2d4851a1d" />
    <TestEntry testId="a8009935-515f-8ff9-6f0b-05a4894bf174" executionId="23f73216-823b-4b20-9045-549cc13dcaf7" testListId="8c84fa94-04c1-424b-9868-57a2d4851a1d" />
    <TestEntry testId="7d7af601-d5b8-8473-4e8c-1728efc4ea22" executionId="39531e34-387d-43c1-b0f5-28fe70d85f8a" testListId="8c84fa94-04c1-424b-9868-57a2d4851a1d" />
    <TestEntry testId="03a1b3a6-dd92-af83-792a-b3caa1cfc64e" executionId="a049319c-c8cf-4676-bbc6-c4f48e52be4b" testListId="8c84fa94-04c1-424b-9868-57a2d4851a1d" />
    <TestEntry testId="fd6c20eb-525d-6a10-f7aa-e03ceedfe16f" executionId="3a52ec60-58cd-427a-ab22-362a041f556e" testListId="8c84fa94-04c1-424b-9868-57a2d4851a1d" />
    <TestEntry testId="3d821c1f-4535-cc22-0441-2178d0438ec5" executionId="7dae1639-d57e-4a52-b1a0-4396ac07bfca" testListId="8c84fa94-04c1-424b-9868-57a2d4851a1d" />
    <TestEntry testId="97365ef3-436d-9c9d-7432-5e36bdfa5b17" executionId="8cfc824f-5f08-4e01-82ce-dba1d41b65fe" testListId="8c84fa94-04c1-424b-9868-57a2d4851a1d" />
    <TestEntry testId="373800ba-b828-3141-13f3-14ad92fca915" executionId="6ac44e33-189f-455e-92e2-18125b70d7a0" testListId="8c84fa94-04c1-424b-9868-57a2d4851a1d" />
    <TestEntry testId="72df603b-478e-691e-c9b9-cdc0bacfe212" executionId="002a27bb-a6c9-4c0f-a3d3-f66ba9721222" testListId="8c84fa94-04c1-424b-9868-57a2d4851a1d" />
    <TestEntry testId="091f89d3-0ed1-30d7-5c4b-fdd3fa0faa90" executionId="4a3ecd8b-1574-4a86-b576-f598faf8a1ab" testListId="8c84fa94-04c1-424b-9868-57a2d4851a1d" />
  </TestEntries>
  <Results>
    <UnitTestResult executionId="578727d7-69e4-41a6-8e85-e98a4615f784" testId="1cb0a1e2-2261-0d1a-ef0f-bcef8b0ea15f" testName="ConstructorCreatesEmptyQueueTest" computerName="STOVE-MASTER" duration="00:00:00.0094279" startTime="2018-05-03T22:30:22.6207472-05:00" endTime="2018-05-03T22:30:22.9067480-05:00" testType="13cdc9d9-ddb5-4fa4-a97d-d965ccfc6d4b" outcome="Passed" testListId="8c84fa94-04c1-424b-9868-57a2d4851a1d" relativeResultsDirectory="578727d7-69e4-41a6-8e85-e98a4615f784">
    </UnitTestResult>
    <UnitTestResult executionId="aa3c6557-45f7-4438-aec3-460c474f5dff" testId="1fd90ceb-f0d0-1e68-b554-ad1d4ba25e72" testName="ConstructorCreatesNonFullQueueTest" computerName="STOVE-MASTER" duration="00:00:00.0003582" startTime="2018-05-03T22:30:22.9120217-05:00" endTime="2018-05-03T22:30:22.9145299-05:00" testType="13cdc9d9-ddb5-4fa4-a97d-d965ccfc6d4b" outcome="Passed" testListId="8c84fa94-04c1-424b-9868-57a2d4851a1d" relativeResultsDirectory="aa3c6557-45f7-4438-aec3-460c474f5dff">
    </UnitTestResult>
    <UnitTestResult executionId="4f5bbb23-9966-45e4-9ea6-35861c4bd643" testId="043f3c5a-7887-abdc-d249-173d4b7b8591" testName="CountTest" computerName="STOVE-MASTER" duration="00:00:00.0017736" startTime="2018-05-03T22:30:22.9195420-05:00" endTime="2018-05-03T22:30:22.9230523-05:00" testType="13cdc9d9-ddb5-4fa4-a97d-d965ccfc6d4b" outcome="Passed" testListId="8c84fa94-04c1-424b-9868-57a2d4851a1d" relativeResultsDirectory="4f5bbb23-9966-45e4-9ea6-35861c4bd643">
    </UnitTestResult>
    <UnitTestResult executionId="b7fe6f5e-98bb-4e07-a2c2-78ff73c99d5c" testId="f013084a-d4ea-a9f8-357a-4047b1176ab2" testName="DataOrderPreservedTest" computerName="STOVE-MASTER" duration="00:00:00.0006583" startTime="2018-05-03T22:30:22.9270630-05:00" endTime="2018-05-03T22:30:22.9295694-05:00" testType="13cdc9d9-ddb5-4fa4-a97d-d965ccfc6d4b" outcome="Passed" testListId="8c84fa94-04c1-424b-9868-57a2d4851a1d" relativeResultsDirectory="b7fe6f5e-98bb-4e07-a2c2-78ff73c99d5c">
    </UnitTestResult>
    <UnitTestResult executionId="e4d45556-2029-475c-aca3-171828713c13" testId="282e02e9-49c3-e1d4-f2ea-59cee629a781" testName="DequeueOnEmptyQueueThrowsQueueEmptyExceptionTest" computerName="STOVE-MASTER" duration="00:00:00.0062709" startTime="2018-05-03T22:30:22.9346019-05:00" endTime="2018-05-03T22:30:22.9431045-05:00" testType="13cdc9d9-ddb5-4fa4-a97d-d965ccfc6d4b" outcome="Passed" testListId="8c84fa94-04c1-424b-9868-57a2d4851a1d" relativeResultsDirectory="e4d45556-2029-475c-aca3-171828713c13">
    </UnitTestResult>
    <UnitTestResult executionId="2a2557e0-303b-4275-9a6a-64325d1cdc6f" testId="7c46bf1f-4cc7-0ba7-67e8-52f5cd3c9713" testName="EnqueueToFullQueueThrowsQueueFullExceptionTest" computerName="STOVE-MASTER" duration="00:00:00.0010948" startTime="2018-05-03T22:30:22.9481177-05:00" endTime="2018-05-03T22:30:22.9511259-05:00" testType="13cdc9d9-ddb5-4fa4-a97d-d965ccfc6d4b" outcome="Passed" testListId="8c84fa94-04c1-424b-9868-57a2d4851a1d" relativeResultsDirectory="2a2557e0-303b-4275-9a6a-64325d1cdc6f">
    </UnitTestResult>
    <UnitTestResult executionId="29c18b5c-9d54-4fd9-bd43-0cb57e0a7367" testId="13d9bdf6-60d6-7932-e7f8-0dff2188658f" testName="ConstructorCreatesEmptyQueueTest" computerName="STOVE-MASTER" duration="00:00:00.0004241" startTime="2018-05-03T22:30:22.9564444-05:00" endTime="2018-05-03T22:30:22.9586454-05:00" testType="13cdc9d9-ddb5-4fa4-a97d-d965ccfc6d4b" outcome="Passed" testListId="8c84fa94-04c1-424b-9868-57a2d4851a1d" relativeResultsDirectory="29c18b5c-9d54-4fd9-bd43-0cb57e0a7367">
    </UnitTestResult>
    <UnitTestResult executionId="2c295ce8-cd89-4727-ab57-2726f2f63a3b" testId="10d73257-6859-e940-a43d-85dc5f42184c" testName="CountTest" computerName="STOVE-MASTER" duration="00:00:00.0804706" startTime="2018-05-03T22:30:22.9657866-05:00" endTime="2018-05-03T22:30:23.0483850-05:00" testType="13cdc9d9-ddb5-4fa4-a97d-d965ccfc6d4b" outcome="Passed" testListId="8c84fa94-04c1-424b-9868-57a2d4851a1d" relativeResultsDirectory="2c295ce8-cd89-4727-ab57-2726f2f63a3b">
    </UnitTestResult>
    <UnitTestResult executionId="24fff09c-349f-47b7-b221-1d87c1b7b29a" testId="cbfdef17-e7f3-e7a4-92ed-bd0caaf2671c" testName="DataOrderPreservedTest" computerName="STOVE-MASTER" duration="00:00:00.0004203" startTime="2018-05-03T22:30:23.0528974-05:00" endTime="2018-05-03T22:30:23.0549701-05:00" testType="13cdc9d9-ddb5-4fa4-a97d-d965ccfc6d4b" outcome="Passed" testListId="8c84fa94-04c1-424b-9868-57a2d4851a1d" relativeResultsDirectory="24fff09c-349f-47b7-b221-1d87c1b7b29a">
    </UnitTestResult>
    <UnitTestResult executionId="c14406b5-3eac-4fa8-adf3-3cd41caae323" testId="066e5acd-d732-0380-d030-80aabd1a46ae" testName="DataOrderPreservedWrittenEndwardTest" computerName="STOVE-MASTER" duration="00:00:00.0004213" startTime="2018-05-03T22:30:23.0584116-05:00" endTime="2018-05-03T22:30:23.0604170-05:00" testType="13cdc9d9-ddb5-4fa4-a97d-d965ccfc6d4b" outcome="Passed" testListId="8c84fa94-04c1-424b-9868-57a2d4851a1d" relativeResultsDirectory="c14406b5-3eac-4fa8-adf3-3cd41caae323">
    </UnitTestResult>
    <UnitTestResult executionId="35016b12-7ebb-408e-82c9-4175f89ecca5" testId="49e4a240-89e9-7d60-9a13-7ab7ec646d86" testName="NonEmptyQueueReadsNotEmptyTest" computerName="STOVE-MASTER" duration="00:00:00.0364538" startTime="2018-05-03T22:30:23.0639259-05:00" endTime="2018-05-03T22:30:23.1020561-05:00" testType="13cdc9d9-ddb5-4fa4-a97d-d965ccfc6d4b" outcome="Passed" testListId="8c84fa94-04c1-424b-9868-57a2d4851a1d" relativeResultsDirectory="35016b12-7ebb-408e-82c9-4175f89ecca5">
    </UnitTestResult>
    <UnitTestResult executionId="23f73216-823b-4b20-9045-549cc13dcaf7" testId="a8009935-515f-8ff9-6f0b-05a4894bf174" testName="NonEmptyQueueWrittenFromFrontReadsNotEmptyTest" computerName="STOVE-MASTER" duration="00:00:00.0827817" startTime="2018-05-03T22:30:23.1070396-05:00" endTime="2018-05-03T22:30:23.1917283-05:00" testType="13cdc9d9-ddb5-4fa4-a97d-d965ccfc6d4b" outcome="Passed" testListId="8c84fa94-04c1-424b-9868-57a2d4851a1d" relativeResultsDirectory="23f73216-823b-4b20-9045-549cc13dcaf7">
    </UnitTestResult>
    <UnitTestResult executionId="39531e34-387d-43c1-b0f5-28fe70d85f8a" testId="7d7af601-d5b8-8473-4e8c-1728efc4ea22" testName="RemoveEndOnEmptyQueueThrowsQueueEmptyExceptionTest" computerName="STOVE-MASTER" duration="00:00:00.0005772" startTime="2018-05-03T22:30:23.1969273-05:00" endTime="2018-05-03T22:30:23.1991956-05:00" testType="13cdc9d9-ddb5-4fa4-a97d-d965ccfc6d4b" outcome="Passed" testListId="8c84fa94-04c1-424b-9868-57a2d4851a1d" relativeResultsDirectory="39531e34-387d-43c1-b0f5-28fe70d85f8a">
    </UnitTestResult>
    <UnitTestResult executionId="a049319c-c8cf-4676-bbc6-c4f48e52be4b" testId="03a1b3a6-dd92-af83-792a-b3caa1cfc64e" testName="RemoveFrontOnEmptyQueueThrowsQueueEmptyExceptionTest" computerName="STOVE-MASTER" duration="00:00:00.0005581" startTime="2018-05-03T22:30:23.2033124-05:00" endTime="2018-05-03T22:30:23.2052120-05:00" testType="13cdc9d9-ddb5-4fa4-a97d-d965ccfc6d4b" outcome="Passed" testListId="8c84fa94-04c1-424b-9868-57a2d4851a1d" relativeResultsDirectory="a049319c-c8cf-4676-bbc6-c4f48e52be4b">
    </UnitTestResult>
    <UnitTestResult executionId="3a52ec60-58cd-427a-ab22-362a041f556e" testId="fd6c20eb-525d-6a10-f7aa-e03ceedfe16f" testName="ConstructorCreatesEmptyQueueTest" computerName="STOVE-MASTER" duration="00:00:00.0002810" startTime="2018-05-03T22:30:23.2092382-05:00" endTime="2018-05-03T22:30:23.2107280-05:00" testType="13cdc9d9-ddb5-4fa4-a97d-d965ccfc6d4b" outcome="Passed" testListId="8c84fa94-04c1-424b-9868-57a2d4851a1d" relativeResultsDirectory="3a52ec60-58cd-427a-ab22-362a041f556e">
    </UnitTestResult>
    <UnitTestResult executionId="7dae1639-d57e-4a52-b1a0-4396ac07bfca" testId="3d821c1f-4535-cc22-0441-2178d0438ec5" testName="ConstructorCreatesNonFullQueueTest" computerName="STOVE-MASTER" duration="00:00:00.0001417" startTime="2018-05-03T22:30:23.2147210-05:00" endTime="2018-05-03T22:30:23.2162415-05:00" testType="13cdc9d9-ddb5-4fa4-a97d-d965ccfc6d4b" outcome="Passed" testListId="8c84fa94-04c1-424b-9868-57a2d4851a1d" relativeResultsDirectory="7dae1639-d57e-4a52-b1a0-4396ac07bfca">
    </UnitTestResult>
    <UnitTestResult executionId="8cfc824f-5f08-4e01-82ce-dba1d41b65fe" testId="97365ef3-436d-9c9d-7432-5e36bdfa5b17" testName="CountTest" computerName="STOVE-MASTER" duration="00:00:00.8010832" startTime="2018-05-03T22:30:23.2197201-05:00" endTime="2018-05-03T22:30:24.0223770-05:00" testType="13cdc9d9-ddb5-4fa4-a97d-d965ccfc6d4b" outcome="Passed" testListId="8c84fa94-04c1-424b-9868-57a2d4851a1d" relativeResultsDirectory="8cfc824f-5f08-4e01-82ce-dba1d41b65fe">
    </UnitTestResult>
    <UnitTestResult executionId="6ac44e33-189f-455e-92e2-18125b70d7a0" testId="373800ba-b828-3141-13f3-14ad92fca915" testName="DataOrderPreservedTest" computerName="STOVE-MASTER" duration="00:00:00.0008600" startTime="2018-05-03T22:30:24.0286004-05:00" endTime="2018-05-03T22:30:24.0334069-05:00" testType="13cdc9d9-ddb5-4fa4-a97d-d965ccfc6d4b" outcome="Passed" testListId="8c84fa94-04c1-424b-9868-57a2d4851a1d" relativeResultsDirectory="6ac44e33-189f-455e-92e2-18125b70d7a0">
    </UnitTestResult>
    <UnitTestResult executionId="002a27bb-a6c9-4c0f-a3d3-f66ba9721222" testId="72df603b-478e-691e-c9b9-cdc0bacfe212" testName="DequeueOnEmptyQueueThrowsQueueEmptyExceptionTest" computerName="STOVE-MASTER" duration="00:00:00.0013029" startTime="2018-05-03T22:30:24.0409275-05:00" endTime="2018-05-03T22:30:24.0449378-05:00" testType="13cdc9d9-ddb5-4fa4-a97d-d965ccfc6d4b" outcome="Passed" testListId="8c84fa94-04c1-424b-9868-57a2d4851a1d" relativeResultsDirectory="002a27bb-a6c9-4c0f-a3d3-f66ba9721222">
    </UnitTestResult>
    <UnitTestResult executionId="4a3ecd8b-1574-4a86-b576-f598faf8a1ab" testId="091f89d3-0ed1-30d7-5c4b-fdd3fa0faa90" testName="NonEmptyQueueReadsNotEmptyTest" computerName="STOVE-MASTER" duration="00:00:00.5429282" startTime="2018-05-03T22:30:24.0504517-05:00" endTime="2018-05-03T22:30:24.5955140-05:00" testType="13cdc9d9-ddb5-4fa4-a97d-d965ccfc6d4b" outcome="Passed" testListId="8c84fa94-04c1-424b-9868-57a2d4851a1d" relativeResultsDirectory="4a3ecd8b-1574-4a86-b576-f598faf8a1ab">
    </UnitTestResult>
  </Results>
</TestRun>